2021-01-16 01:47:52 HREF: Kosolov325 (usr:Kosolov325[(11,174,1)]) : tgui=1&window_id=browseroutput&type=ready
2021-01-16 01:47:53 HREF: Kosolov325 (usr:Kosolov325[(11,174,1)]) : tgui=1&window_id=browseroutput&type=ping&payload=%7B%22index%22%3A0%7D
2021-01-16 01:47:54 HREF: Kosolov325 (usr:Kosolov325[(11,174,1)]) : tgui=1&window_id=browseroutput&type=telemetry&payload=%7B%22connections%22%3A%5B%7B%22ckey%22%3A%22kosolov325%22%2C%22address%22%3A%22187.19.213.194%22%2C%22computer_id%22%3A%22540227776%22%7D%2C%7B%22ckey%22%3A%22kosolov325%22%2C%22address%22%3A%22127.0.0.1%22%2C%22computer_id%22%3A%22540227776%22%7D%2C%7B%22ckey%22%3A%22kosolov325%22%2C%22address%22%3A%22187.19.214.146%22%2C%22computer_id%22%3A%22540227776%22%7D%2C%7B%22ckey%22%3A%22kosolov325%22%2C%22address%22%3A%22187.19.214.74%22%2C%22computer_id%22%3A%22540227776%22%7D%2C%7B%22ckey%22%3A%22kosolov325%22%2C%22address%22%3A%22187.19.212.218%22%2C%22computer_id%22%3A%22540227776%22%7D%5D%7D
2021-01-16 01:47:55 HREF: Kosolov325 (usr:Kosolov325[(11,174,1)]) : tgui=1&window_id=browseroutput&type=ping&payload=%7B%22index%22%3A1%7D
2021-01-16 01:47:56 HREF: Kosolov325 (usr:Kosolov325[(11,174,1)]) : 
2021-01-16 01:47:56 HREF: Kosolov325 (usr:Kosolov325[(11,174,1)]) : 
2021-01-16 01:47:57 HREF: Kosolov325 (usr:Kosolov325[(11,174,1)]) : tgui=1&window_id=browseroutput&type=ping&payload=%7B%22index%22%3A2%7D
2021-01-16 01:48:00 HREF: Kosolov325 (usr:Kosolov325[(11,174,1)]) : tgui=1&window_id=browseroutput&type=ping&payload=%7B%22index%22%3A3%7D
2021-01-16 01:48:03 HREF: Kosolov325 (usr:Kosolov325[(11,174,1)]) : tgui=1&window_id=browseroutput&type=ping&payload=%7B%22index%22%3A4%7D
2021-01-16 01:48:05 HREF: Kosolov325 (usr:Kosolov325[(11,174,1)]) : tgui=1&window_id=browseroutput&type=ping&payload=%7B%22index%22%3A5%7D
2021-01-16 01:48:08 HREF: Kosolov325 (usr:Kosolov325[(11,174,1)]) : tgui=1&window_id=browseroutput&type=ping&payload=%7B%22index%22%3A6%7D
2021-01-16 01:48:09 HREF: Kosolov325 (usr:Kosolov325[(11,174,1)]) : Kosolov325 src=[mob_12];ready=1
2021-01-16 01:48:10 HREF: Kosolov325 (usr:Kosolov325[(11,174,1)]) : tgui=1&window_id=browseroutput&type=ping&payload=%7B%22index%22%3A7%7D
2021-01-16 01:48:13 HREF: Kosolov325 (usr:Kosolov325[(11,174,1)]) : tgui=1&window_id=browseroutput&type=ping&payload=%7B%22index%22%3A0%7D
2021-01-16 01:48:15 HREF: Kosolov325 (usr:Kosolov325[(11,174,1)]) : tgui=1&window_id=browseroutput&type=ping&payload=%7B%22index%22%3A1%7D
2021-01-16 01:48:18 HREF: Kosolov325 (usr:Kosolov325[(11,174,1)]) : tgui=1&window_id=browseroutput&type=ping&payload=%7B%22index%22%3A2%7D
2021-01-16 01:48:20 HREF: Kosolov325 (usr:Kosolov325[(11,174,1)]) : tgui=1&window_id=browseroutput&type=ping&payload=%7B%22index%22%3A3%7D
2021-01-16 01:48:23 HREF: Kosolov325 (usr:Kosolov325[(11,174,1)]) : tgui=1&window_id=browseroutput&type=ping&payload=%7B%22index%22%3A4%7D
2021-01-16 01:48:25 HREF: Kosolov325 (usr:Kosolov325[(11,174,1)]) : tgui=1&window_id=browseroutput&type=ping&payload=%7B%22index%22%3A5%7D
2021-01-16 01:48:28 HREF: Kosolov325 (usr:Kosolov325[(11,174,1)]) : tgui=1&window_id=browseroutput&type=ping&payload=%7B%22index%22%3A6%7D
2021-01-16 01:48:30 HREF: Kosolov325 (usr:Kosolov325[(11,174,1)]) : tgui=1&window_id=browseroutput&type=ping&payload=%7B%22index%22%3A7%7D
2021-01-16 01:49:13 HREF: Kosolov325 (usr:Kosolov325[(11,174,1)]) : tgui=1&window_id=browseroutput&type=ping&payload=%7B%22index%22%3A0%7D
2021-01-16 01:49:15 HREF: Kosolov325 (usr:Kosolov325[(11,174,1)]) : tgui=1&window_id=browseroutput&type=ping&payload=%7B%22index%22%3A1%7D
2021-01-16 01:49:18 HREF: Kosolov325 (usr:Kosolov325[(11,174,1)]) : tgui=1&window_id=browseroutput&type=ping&payload=%7B%22index%22%3A2%7D
2021-01-16 01:49:29 HREF: Kosolov325 (usr:Kosolov325[(11,174,1)]) : tgui=1&window_id=browseroutput&type=ping&payload=%7B%22index%22%3A3%7D
2021-01-16 01:49:29 HREF: Kosolov325 (usr:Kosolov325[(11,174,1)]) : tgui=1&window_id=browseroutput&type=ping&payload=%7B%22index%22%3A4%7D
2021-01-16 01:49:29 HREF: Kosolov325 (usr:Kosolov325[(11,174,1)]) : tgui=1&window_id=browseroutput&type=ping&payload=%7B%22index%22%3A5%7D
2021-01-16 01:49:29 HREF: Kosolov325 (usr:Kosolov325[(11,174,1)]) : tgui=1&window_id=browseroutput&type=ping&payload=%7B%22index%22%3A6%7D
2021-01-16 01:49:30 HREF: Kosolov325 (usr:Kosolov325[(11,174,1)]) : tgui=1&window_id=browseroutput&type=ping&payload=%7B%22index%22%3A7%7D
2021-01-16 01:49:33 HREF: Kosolov325 (usr:Kosolov325[(11,174,1)]) : tgui=1&window_id=browseroutput&type=ping&payload=%7B%22index%22%3A0%7D
2021-01-16 01:49:35 HREF: Kosolov325 (usr:Kosolov325[(11,174,1)]) : tgui=1&window_id=browseroutput&type=ping&payload=%7B%22index%22%3A1%7D
2021-01-16 01:49:38 HREF: Kosolov325 (usr:Kosolov325[(11,174,1)]) : tgui=1&window_id=browseroutput&type=ping&payload=%7B%22index%22%3A2%7D
2021-01-16 01:49:40 HREF: Kosolov325 (usr:Kosolov325[(11,174,1)]) : tgui=1&window_id=browseroutput&type=ping&payload=%7B%22index%22%3A3%7D
2021-01-16 01:49:43 HREF: Kosolov325 (usr:Kosolov325[(11,174,1)]) : tgui=1&window_id=browseroutput&type=ping&payload=%7B%22index%22%3A4%7D
2021-01-16 01:49:45 HREF: Kosolov325 (usr:Kosolov325[(11,174,1)]) : tgui=1&window_id=browseroutput&type=ping&payload=%7B%22index%22%3A5%7D
2021-01-16 01:49:48 HREF: Kosolov325 (usr:Kosolov325[(11,174,1)]) : tgui=1&window_id=browseroutput&type=ping&payload=%7B%22index%22%3A6%7D
2021-01-16 01:49:50 HREF: Kosolov325 (usr:Kosolov325[(11,174,1)]) : tgui=1&window_id=browseroutput&type=ping&payload=%7B%22index%22%3A7%7D
2021-01-16 01:49:53 HREF: Kosolov325 (usr:Kosolov325[(11,174,1)]) : tgui=1&window_id=browseroutput&type=ping&payload=%7B%22index%22%3A0%7D
2021-01-16 01:49:55 HREF: Kosolov325 (usr:Kosolov325[(11,174,1)]) : tgui=1&window_id=browseroutput&type=ping&payload=%7B%22index%22%3A1%7D
2021-01-16 01:49:58 HREF: Kosolov325 (usr:Kosolov325[(11,174,1)]) : tgui=1&window_id=browseroutput&type=ping&payload=%7B%22index%22%3A2%7D
2021-01-16 01:50:01 HREF: Kosolov325 (usr:Kosolov325[(11,174,1)]) : tgui=1&window_id=browseroutput&type=ping&payload=%7B%22index%22%3A3%7D
2021-01-16 01:50:09 HREF: Kosolov325 (usr:Grandpa Goodman[(121,108,2)]) : tgui=1&window_id=browseroutput&type=ping&payload=%7B%22index%22%3A4%7D
2021-01-16 01:50:12 HREF: Kosolov325 (usr:Grandpa Goodman[(121,108,2)]) : tgui=1&window_id=browseroutput&type=ping&payload=%7B%22index%22%3A5%7D
2021-01-16 01:50:14 HREF: Kosolov325 (usr:Grandpa Goodman[(121,108,2)]) : tgui=1&window_id=browseroutput&type=ping&payload=%7B%22index%22%3A6%7D
2021-01-16 01:50:17 HREF: Kosolov325 (usr:Grandpa Goodman[(121,108,2)]) : tgui=1&window_id=browseroutput&type=ping&payload=%7B%22index%22%3A7%7D
2021-01-16 01:50:19 HREF: Kosolov325 (usr:Grandpa Goodman[(121,108,2)]) : tgui=1&window_id=browseroutput&type=ping&payload=%7B%22index%22%3A0%7D
2021-01-16 01:50:22 HREF: Kosolov325 (usr:Grandpa Goodman[(121,108,2)]) : tgui=1&window_id=browseroutput&type=ping&payload=%7B%22index%22%3A1%7D
2021-01-16 01:50:24 HREF: Kosolov325 (usr:Grandpa Goodman[(121,108,2)]) : tgui=1&window_id=browseroutput&type=ping&payload=%7B%22index%22%3A2%7D
2021-01-16 01:50:27 HREF: Kosolov325 (usr:Grandpa Goodman[(121,108,2)]) : tgui=1&window_id=browseroutput&type=ping&payload=%7B%22index%22%3A3%7D
2021-01-16 01:50:29 HREF: Kosolov325 (usr:Grandpa Goodman[(121,108,2)]) : tgui=1&window_id=browseroutput&type=ping&payload=%7B%22index%22%3A4%7D
2021-01-16 01:50:32 HREF: Kosolov325 (usr:Grandpa Goodman[(121,108,2)]) : tgui=1&window_id=browseroutput&type=ping&payload=%7B%22index%22%3A5%7D
2021-01-16 01:50:34 HREF: Kosolov325 (usr:Grandpa Goodman[(121,108,2)]) : tgui=1&window_id=browseroutput&type=ping&payload=%7B%22index%22%3A6%7D
2021-01-16 01:50:37 HREF: Kosolov325 (usr:Grandpa Goodman[(121,108,2)]) : tgui=1&window_id=browseroutput&type=ping&payload=%7B%22index%22%3A7%7D
2021-01-16 01:50:39 HREF: Kosolov325 (usr:Grandpa Goodman[(121,108,2)]) : tgui=1&window_id=browseroutput&type=ping&payload=%7B%22index%22%3A0%7D
2021-01-16 01:50:42 HREF: Kosolov325 (usr:Grandpa Goodman[(121,108,2)]) : tgui=1&window_id=browseroutput&type=ping&payload=%7B%22index%22%3A1%7D
2021-01-16 01:50:44 HREF: Kosolov325 (usr:Grandpa Goodman[(121,108,2)]) : tgui=1&window_id=browseroutput&type=ping&payload=%7B%22index%22%3A2%7D
2021-01-16 01:50:47 HREF: Kosolov325 (usr:Grandpa Goodman[(121,108,2)]) : tgui=1&window_id=browseroutput&type=ping&payload=%7B%22index%22%3A3%7D
2021-01-16 01:50:49 HREF: Kosolov325 (usr:Grandpa Goodman[(121,108,2)]) : tgui=1&window_id=browseroutput&type=ping&payload=%7B%22index%22%3A4%7D
2021-01-16 01:50:52 HREF: Kosolov325 (usr:Grandpa Goodman[(121,108,2)]) : tgui=1&window_id=browseroutput&type=ping&payload=%7B%22index%22%3A5%7D
2021-01-16 01:50:54 HREF: Kosolov325 (usr:Grandpa Goodman[(121,108,2)]) : tgui=1&window_id=browseroutput&type=ping&payload=%7B%22index%22%3A6%7D
2021-01-16 01:50:57 HREF: Kosolov325 (usr:Grandpa Goodman[(121,108,2)]) : tgui=1&window_id=browseroutput&type=ping&payload=%7B%22index%22%3A7%7D
2021-01-16 01:50:59 HREF: Kosolov325 (usr:Grandpa Goodman[(121,108,2)]) : tgui=1&window_id=browseroutput&type=ping&payload=%7B%22index%22%3A0%7D
2021-01-16 01:51:02 HREF: Kosolov325 (usr:Grandpa Goodman[(121,108,2)]) : tgui=1&window_id=browseroutput&type=ping&payload=%7B%22index%22%3A1%7D
2021-01-16 01:51:04 HREF: Kosolov325 (usr:Grandpa Goodman[(121,108,2)]) : tgui=1&window_id=browseroutput&type=ping&payload=%7B%22index%22%3A2%7D
2021-01-16 01:51:07 HREF: Kosolov325 (usr:Grandpa Goodman[(121,108,2)]) : tgui=1&window_id=browseroutput&type=ping&payload=%7B%22index%22%3A3%7D
2021-01-16 01:51:10 HREF: Kosolov325 (usr:Grandpa Goodman[(121,108,2)]) : tgui=1&window_id=browseroutput&type=ping&payload=%7B%22index%22%3A4%7D
2021-01-16 01:51:12 HREF: Kosolov325 (usr:Grandpa Goodman[(121,108,2)]) : tgui=1&window_id=browseroutput&type=ping&payload=%7B%22index%22%3A5%7D
2021-01-16 01:51:15 HREF: Kosolov325 (usr:Grandpa Goodman[(121,108,2)]) : tgui=1&window_id=browseroutput&type=ping&payload=%7B%22index%22%3A6%7D
2021-01-16 01:51:17 HREF: Kosolov325 (usr:Grandpa Goodman[(121,108,2)]) : tgui=1&window_id=browseroutput&type=ping&payload=%7B%22index%22%3A7%7D
2021-01-16 01:51:20 HREF: Kosolov325 (usr:Grandpa Goodman[(121,108,2)]) : tgui=1&window_id=browseroutput&type=ping&payload=%7B%22index%22%3A0%7D
2021-01-16 01:51:22 HREF: Kosolov325 (usr:Grandpa Goodman[(121,108,2)]) : tgui=1&window_id=browseroutput&type=ping&payload=%7B%22index%22%3A1%7D
2021-01-16 01:51:25 HREF: Kosolov325 (usr:Grandpa Goodman[(121,108,2)]) : tgui=1&window_id=browseroutput&type=ping&payload=%7B%22index%22%3A2%7D
2021-01-16 01:51:27 HREF: Kosolov325 (usr:Grandpa Goodman[(121,108,2)]) : tgui=1&window_id=browseroutput&type=ping&payload=%7B%22index%22%3A3%7D
2021-01-16 01:51:30 HREF: Kosolov325 (usr:Grandpa Goodman[(121,108,2)]) : tgui=1&window_id=browseroutput&type=ping&payload=%7B%22index%22%3A4%7D
2021-01-16 01:51:32 HREF: Kosolov325 (usr:Grandpa Goodman[(121,108,2)]) : tgui=1&window_id=browseroutput&type=ping&payload=%7B%22index%22%3A5%7D
2021-01-16 01:51:35 HREF: Kosolov325 (usr:Grandpa Goodman[(121,108,2)]) : tgui=1&window_id=browseroutput&type=ping&payload=%7B%22index%22%3A6%7D
2021-01-16 01:51:37 HREF: Kosolov325 (usr:Grandpa Goodman[(121,108,2)]) : tgui=1&window_id=browseroutput&type=ping&payload=%7B%22index%22%3A7%7D
2021-01-16 01:51:40 HREF: Kosolov325 (usr:Grandpa Goodman[(121,108,2)]) : tgui=1&window_id=browseroutput&type=ping&payload=%7B%22index%22%3A0%7D
2021-01-16 01:51:42 HREF: Kosolov325 (usr:Grandpa Goodman[(121,108,2)]) : tgui=1&window_id=browseroutput&type=ping&payload=%7B%22index%22%3A1%7D
2021-01-16 01:51:45 HREF: Kosolov325 (usr:Grandpa Goodman[(121,108,2)]) : tgui=1&window_id=browseroutput&type=ping&payload=%7B%22index%22%3A2%7D
2021-01-16 01:51:47 HREF: Kosolov325 (usr:Grandpa Goodman[(121,108,2)]) : tgui=1&window_id=browseroutput&type=ping&payload=%7B%22index%22%3A3%7D
2021-01-16 01:51:50 HREF: Kosolov325 (usr:Grandpa Goodman[(121,108,2)]) : tgui=1&window_id=browseroutput&type=ping&payload=%7B%22index%22%3A4%7D
2021-01-16 01:51:52 HREF: Kosolov325 (usr:Grandpa Goodman[(121,108,2)]) : tgui=1&window_id=browseroutput&type=ping&payload=%7B%22index%22%3A5%7D
2021-01-16 01:51:55 HREF: Kosolov325 (usr:Grandpa Goodman[(121,108,2)]) : tgui=1&window_id=browseroutput&type=ping&payload=%7B%22index%22%3A6%7D
2021-01-16 01:51:57 HREF: Kosolov325 (usr:Grandpa Goodman[(121,108,2)]) : tgui=1&window_id=browseroutput&type=ping&payload=%7B%22index%22%3A7%7D
2021-01-16 01:52:00 HREF: Kosolov325 (usr:Grandpa Goodman[(121,108,2)]) : tgui=1&window_id=browseroutput&type=ping&payload=%7B%22index%22%3A0%7D
2021-01-16 01:52:02 HREF: Kosolov325 (usr:Grandpa Goodman[(121,108,2)]) : tgui=1&window_id=browseroutput&type=ping&payload=%7B%22index%22%3A1%7D
2021-01-16 01:52:05 HREF: Kosolov325 (usr:Grandpa Goodman[(121,108,2)]) : tgui=1&window_id=browseroutput&type=ping&payload=%7B%22index%22%3A2%7D
2021-01-16 01:52:07 HREF: Kosolov325 (usr:Grandpa Goodman[(121,108,2)]) : tgui=1&window_id=browseroutput&type=ping&payload=%7B%22index%22%3A3%7D
2021-01-16 01:52:10 HREF: Kosolov325 (usr:Grandpa Goodman[(121,108,2)]) : tgui=1&window_id=browseroutput&type=ping&payload=%7B%22index%22%3A4%7D
2021-01-16 01:52:12 HREF: Kosolov325 (usr:Grandpa Goodman[(121,108,2)]) : tgui=1&window_id=browseroutput&type=ping&payload=%7B%22index%22%3A5%7D
2021-01-16 01:52:15 HREF: Kosolov325 (usr:Grandpa Goodman[(121,108,2)]) : tgui=1&window_id=browseroutput&type=ping&payload=%7B%22index%22%3A6%7D
2021-01-16 01:52:17 HREF: Kosolov325 (usr:Grandpa Goodman[(121,108,2)]) : tgui=1&window_id=browseroutput&type=ping&payload=%7B%22index%22%3A7%7D
2021-01-16 01:52:20 HREF: Kosolov325 (usr:Grandpa Goodman[(121,108,2)]) : tgui=1&window_id=browseroutput&type=ping&payload=%7B%22index%22%3A0%7D
2021-01-16 01:52:22 HREF: Kosolov325 (usr:Grandpa Goodman[(121,108,2)]) : tgui=1&window_id=browseroutput&type=ping&payload=%7B%22index%22%3A1%7D
2021-01-16 01:52:25 HREF: Kosolov325 (usr:Grandpa Goodman[(121,108,2)]) : tgui=1&window_id=browseroutput&type=ping&payload=%7B%22index%22%3A2%7D
2021-01-16 01:52:27 HREF: Kosolov325 (usr:Grandpa Goodman[(121,108,2)]) : tgui=1&window_id=browseroutput&type=ping&payload=%7B%22index%22%3A3%7D
2021-01-16 01:52:30 HREF: Kosolov325 (usr:Grandpa Goodman[(121,108,2)]) : tgui=1&window_id=browseroutput&type=ping&payload=%7B%22index%22%3A4%7D
2021-01-16 01:52:32 HREF: Kosolov325 (usr:Grandpa Goodman[(121,108,2)]) : tgui=1&window_id=browseroutput&type=ping&payload=%7B%22index%22%3A5%7D
2021-01-16 01:52:35 HREF: Kosolov325 (usr:Grandpa Goodman[(121,108,2)]) : tgui=1&window_id=browseroutput&type=ping&payload=%7B%22index%22%3A6%7D
2021-01-16 01:52:37 HREF: Kosolov325 (usr:Grandpa Goodman[(121,108,2)]) : tgui=1&window_id=browseroutput&type=ping&payload=%7B%22index%22%3A7%7D
2021-01-16 01:52:40 HREF: Kosolov325 (usr:Grandpa Goodman[(120,108,2)]) : tgui=1&window_id=browseroutput&type=ping&payload=%7B%22index%22%3A0%7D
2021-01-16 01:52:42 HREF: Kosolov325 (usr:Grandpa Goodman[(120,108,2)]) : tgui=1&window_id=browseroutput&type=ping&payload=%7B%22index%22%3A1%7D
2021-01-16 01:52:45 HREF: Kosolov325 (usr:Grandpa Goodman[(120,108,2)]) : tgui=1&window_id=browseroutput&type=ping&payload=%7B%22index%22%3A2%7D
2021-01-16 01:52:47 HREF: Kosolov325 (usr:Grandpa Goodman[(120,108,2)]) : tgui=1&window_id=browseroutput&type=ping&payload=%7B%22index%22%3A3%7D
2021-01-16 01:52:50 HREF: Kosolov325 (usr:Grandpa Goodman[(120,108,2)]) : tgui=1&window_id=browseroutput&type=ping&payload=%7B%22index%22%3A4%7D
2021-01-16 01:52:52 HREF: Kosolov325 (usr:Grandpa Goodman[(120,108,2)]) : tgui=1&window_id=browseroutput&type=ping&payload=%7B%22index%22%3A5%7D
2021-01-16 01:52:55 HREF: Kosolov325 (usr:Grandpa Goodman[(120,108,2)]) : tgui=1&window_id=browseroutput&type=ping&payload=%7B%22index%22%3A6%7D
2021-01-16 01:52:57 HREF: Kosolov325 (usr:Grandpa Goodman[(120,108,2)]) : tgui=1&window_id=browseroutput&type=ping&payload=%7B%22index%22%3A7%7D
2021-01-16 01:53:00 HREF: Kosolov325 (usr:Grandpa Goodman[(120,108,2)]) : tgui=1&window_id=browseroutput&type=ping&payload=%7B%22index%22%3A0%7D
2021-01-16 01:53:02 HREF: Kosolov325 (usr:Grandpa Goodman[(120,108,2)]) : tgui=1&window_id=browseroutput&type=ping&payload=%7B%22index%22%3A1%7D
2021-01-16 01:53:05 HREF: Kosolov325 (usr:Grandpa Goodman[(120,108,2)]) : tgui=1&window_id=browseroutput&type=ping&payload=%7B%22index%22%3A2%7D
2021-01-16 01:53:07 HREF: Kosolov325 (usr:Grandpa Goodman[(120,108,2)]) : tgui=1&window_id=browseroutput&type=ping&payload=%7B%22index%22%3A3%7D
2021-01-16 01:53:10 HREF: Kosolov325 (usr:Grandpa Goodman[(120,108,2)]) : tgui=1&window_id=browseroutput&type=ping&payload=%7B%22index%22%3A4%7D
2021-01-16 01:53:12 HREF: Kosolov325 (usr:Grandpa Goodman[(120,108,2)]) : tgui=1&window_id=browseroutput&type=ping&payload=%7B%22index%22%3A5%7D
2021-01-16 01:53:15 HREF: Kosolov325 (usr:Grandpa Goodman[(120,108,2)]) : tgui=1&window_id=browseroutput&type=ping&payload=%7B%22index%22%3A6%7D
2021-01-16 01:53:17 HREF: Kosolov325 (usr:Grandpa Goodman[(120,108,2)]) : tgui=1&window_id=browseroutput&type=ping&payload=%7B%22index%22%3A7%7D
2021-01-16 01:53:20 HREF: Kosolov325 (usr:Grandpa Goodman[(120,108,2)]) : tgui=1&window_id=browseroutput&type=ping&payload=%7B%22index%22%3A0%7D
2021-01-16 01:53:22 HREF: Kosolov325 (usr:Grandpa Goodman[(120,108,2)]) : tgui=1&window_id=browseroutput&type=ping&payload=%7B%22index%22%3A1%7D
2021-01-16 01:53:25 HREF: Kosolov325 (usr:Grandpa Goodman[(120,108,2)]) : tgui=1&window_id=browseroutput&type=ping&payload=%7B%22index%22%3A2%7D
2021-01-16 01:53:27 HREF: Kosolov325 (usr:Grandpa Goodman[(120,108,2)]) : tgui=1&window_id=browseroutput&type=ping&payload=%7B%22index%22%3A3%7D
2021-01-16 01:53:30 HREF: Kosolov325 (usr:Grandpa Goodman[(120,108,2)]) : tgui=1&window_id=browseroutput&type=ping&payload=%7B%22index%22%3A4%7D
2021-01-16 01:53:32 HREF: Kosolov325 (usr:Grandpa Goodman[(120,108,2)]) : tgui=1&window_id=browseroutput&type=ping&payload=%7B%22index%22%3A5%7D
2021-01-16 01:53:35 HREF: Kosolov325 (usr:Grandpa Goodman[(120,108,2)]) : tgui=1&window_id=browseroutput&type=ping&payload=%7B%22index%22%3A6%7D
2021-01-16 01:53:37 HREF: Kosolov325 (usr:Grandpa Goodman[(120,108,2)]) : tgui=1&window_id=browseroutput&type=ping&payload=%7B%22index%22%3A7%7D
2021-01-16 01:53:40 HREF: Kosolov325 (usr:Grandpa Goodman[(120,108,2)]) : tgui=1&window_id=browseroutput&type=ping&payload=%7B%22index%22%3A0%7D
2021-01-16 01:53:42 HREF: Kosolov325 (usr:Grandpa Goodman[(120,108,2)]) : tgui=1&window_id=browseroutput&type=ping&payload=%7B%22index%22%3A1%7D
2021-01-16 01:53:45 HREF: Kosolov325 (usr:Grandpa Goodman[(120,108,2)]) : tgui=1&window_id=browseroutput&type=ping&payload=%7B%22index%22%3A2%7D
2021-01-16 01:53:47 HREF: Kosolov325 (usr:Grandpa Goodman[(120,108,2)]) : tgui=1&window_id=browseroutput&type=ping&payload=%7B%22index%22%3A3%7D
2021-01-16 01:53:50 HREF: Kosolov325 (usr:Grandpa Goodman[(120,108,2)]) : tgui=1&window_id=browseroutput&type=ping&payload=%7B%22index%22%3A4%7D
2021-01-16 01:53:53 HREF: Kosolov325 (usr:Grandpa Goodman[(120,108,2)]) : tgui=1&window_id=browseroutput&type=ping&payload=%7B%22index%22%3A5%7D
2021-01-16 01:53:55 HREF: Kosolov325 (usr:Grandpa Goodman[(120,108,2)]) : tgui=1&window_id=browseroutput&type=ping&payload=%7B%22index%22%3A6%7D
2021-01-16 01:53:58 HREF: Kosolov325 (usr:Grandpa Goodman[(120,108,2)]) : tgui=1&window_id=browseroutput&type=ping&payload=%7B%22index%22%3A7%7D
2021-01-16 01:54:00 HREF: Kosolov325 (usr:Grandpa Goodman[(120,108,2)]) : tgui=1&window_id=browseroutput&type=ping&payload=%7B%22index%22%3A0%7D
2021-01-16 01:54:03 HREF: Kosolov325 (usr:Grandpa Goodman[(120,108,2)]) : tgui=1&window_id=browseroutput&type=ping&payload=%7B%22index%22%3A1%7D
2021-01-16 01:54:05 HREF: Kosolov325 (usr:Grandpa Goodman[(120,108,2)]) : tgui=1&window_id=browseroutput&type=ping&payload=%7B%22index%22%3A2%7D
2021-01-16 01:54:08 HREF: Kosolov325 (usr:Grandpa Goodman[(120,108,2)]) : tgui=1&window_id=browseroutput&type=ping&payload=%7B%22index%22%3A3%7D
2021-01-16 01:54:10 HREF: Kosolov325 (usr:Grandpa Goodman[(120,108,2)]) : tgui=1&window_id=browseroutput&type=ping&payload=%7B%22index%22%3A4%7D
2021-01-16 01:54:13 HREF: Kosolov325 (usr:Grandpa Goodman[(120,108,2)]) : tgui=1&window_id=browseroutput&type=ping&payload=%7B%22index%22%3A5%7D
2021-01-16 01:54:15 HREF: Kosolov325 (usr:Grandpa Goodman[(120,108,2)]) : tgui=1&window_id=browseroutput&type=ping&payload=%7B%22index%22%3A6%7D
2021-01-16 01:54:18 HREF: Kosolov325 (usr:Grandpa Goodman[(120,108,2)]) : tgui=1&window_id=browseroutput&type=ping&payload=%7B%22index%22%3A7%7D
2021-01-16 01:54:20 HREF: Kosolov325 (usr:Grandpa Goodman[(120,108,2)]) : tgui=1&window_id=browseroutput&type=ping&payload=%7B%22index%22%3A0%7D
2021-01-16 01:54:23 HREF: Kosolov325 (usr:Grandpa Goodman[(120,108,2)]) : tgui=1&window_id=browseroutput&type=ping&payload=%7B%22index%22%3A1%7D
2021-01-16 01:54:25 HREF: Kosolov325 (usr:Grandpa Goodman[(120,108,2)]) : tgui=1&window_id=browseroutput&type=ping&payload=%7B%22index%22%3A2%7D
2021-01-16 01:54:28 HREF: Kosolov325 (usr:Grandpa Goodman[(120,108,2)]) : tgui=1&window_id=browseroutput&type=ping&payload=%7B%22index%22%3A3%7D
2021-01-16 01:54:30 HREF: Kosolov325 (usr:Grandpa Goodman[(120,108,2)]) : tgui=1&window_id=browseroutput&type=ping&payload=%7B%22index%22%3A4%7D
2021-01-16 01:54:33 HREF: Kosolov325 (usr:Grandpa Goodman[(120,108,2)]) : tgui=1&window_id=browseroutput&type=ping&payload=%7B%22index%22%3A5%7D
2021-01-16 01:54:35 HREF: Kosolov325 (usr:Grandpa Goodman[(120,108,2)]) : tgui=1&window_id=browseroutput&type=ping&payload=%7B%22index%22%3A6%7D
2021-01-16 01:54:38 HREF: Kosolov325 (usr:Grandpa Goodman[(120,108,2)]) : tgui=1&window_id=browseroutput&type=ping&payload=%7B%22index%22%3A7%7D
2021-01-16 01:54:40 HREF: Kosolov325 (usr:Grandpa Goodman[(120,108,2)]) : tgui=1&window_id=browseroutput&type=ping&payload=%7B%22index%22%3A0%7D
2021-01-16 01:54:43 HREF: Kosolov325 (usr:Grandpa Goodman[(120,108,2)]) : tgui=1&window_id=browseroutput&type=ping&payload=%7B%22index%22%3A1%7D
