2021-01-16 01:46:43 INIT: Initialized Profiler subsystem within 0 seconds!
2021-01-16 01:47:28 Fail2Topic: Failed to drop firewall rule. Exit code: 1.
2021-01-16 01:47:28 INIT: Initialized Fail2Topic subsystem within 45 seconds!
2021-01-16 01:47:28 INIT: Initialized Title Screen subsystem within 0 seconds!
2021-01-16 01:47:28 INIT: Initialized Database subsystem within 0 seconds!
2021-01-16 01:47:28 INIT: Initialized Stat Panels subsystem within 0 seconds!
2021-01-16 01:47:28 INIT: Initialized Blackbox subsystem within 0 seconds!
2021-01-16 01:47:28 INIT: Initialized Server Tasks subsystem within 0 seconds!
2021-01-16 01:47:28 INIT: Initialized Input subsystem within 0 seconds!
2021-01-16 01:47:28 INIT: Initialized Sounds subsystem within 0 seconds!
2021-01-16 01:47:28 INIT: Initialized Vis contents overlays subsystem within 0 seconds!
2021-01-16 01:47:28 INIT: Initialized Research subsystem within 0.1 seconds!
2021-01-16 01:47:28 INIT: Initialized Events subsystem within 0 seconds!
2021-01-16 01:47:28 INIT: Initialized Jobs subsystem within 0 seconds!
2021-01-16 01:47:28 INIT: Initialized Quirks subsystem within 0 seconds!
2021-01-16 01:47:28 INIT: Initialized Ticker subsystem within 0 seconds!
2021-01-16 01:47:28 INIT: Initialized Instruments subsystem within 0 seconds!
2021-01-16 01:48:03 INIT: Initialized Mapping subsystem within 35.4 seconds!
2021-01-16 01:48:03 INIT: Initialized Economy subsystem within 0 seconds!
2021-01-16 01:48:03 INIT: Initialized Networks subsystem within 0 seconds!
2021-01-16 01:48:03 INIT: Initialized Holodeck subsystem within 0 seconds!
2021-01-16 01:49:02 INIT: Initialized Atoms subsystem within 59 seconds!
2021-01-16 01:49:03 INIT: Initialized Language subsystem within 0 seconds!
2021-01-16 01:49:03 INIT: Initialized Machines subsystem within 0.3 seconds!
2021-01-16 01:49:03 INIT: Initialized Circuit subsystem within 0.2 seconds!
2021-01-16 01:49:04 INIT: Initialized Atmos Adjacency subsystem within 1 second!
2021-01-16 01:49:04 INIT: Initialized Autotransfer Vote subsystem within 0 seconds!
2021-01-16 01:49:04 INIT: Initialized Chemistry subsystem within 0 seconds!
2021-01-16 01:49:04 INIT: Initialized Status Effects subsystem within 0 seconds!
2021-01-16 01:49:04 INIT: Initialized Weather subsystem within 0 seconds!
2021-01-16 01:49:04 INIT: Initialized Disease subsystem within 0 seconds!
2021-01-16 01:49:04 INIT: Initialized Jukeboxes subsystem within 0 seconds!
2021-01-16 01:49:04 INIT: Initialized Medals subsystem within 0 seconds!
2021-01-16 01:49:04 INIT: Initialized Minimaps subsystem within 0.7 seconds!
2021-01-16 01:49:12 INIT: Initialized Minimum Spawns subsystem within 7.7 seconds!
2021-01-16 01:49:12 INIT: Initialized Night Shift subsystem within 0 seconds!
2021-01-16 01:49:12 INIT: Initialized Parallax subsystem within 0 seconds!
2021-01-16 01:49:12 INIT: Initialized Sun subsystem within 0 seconds!
2021-01-16 01:49:13 INIT: Initialized Traumas subsystem within 0.6 seconds!
2021-01-16 01:49:19 INIT: Initialized Atmospherics subsystem within 6.6 seconds!
2021-01-16 01:49:29 INIT: Initialized Assets subsystem within 9.4 seconds!
2021-01-16 01:49:34 INIT: Initialized Icon Smoothing subsystem within 5.8 seconds!
2021-01-16 01:49:36 INIT: Initialized Overlay subsystem within 1.3 seconds!
2021-01-16 01:49:36 INIT: Initialized XKeyScore subsystem within 0 seconds!
2021-01-16 01:49:36 INIT: Initialized Sticky Ban subsystem within 0 seconds!
2021-01-16 01:49:48 INIT: Initialized Lighting subsystem within 12.7 seconds!
2021-01-16 01:49:58 INIT: Initialized Shuttle subsystem within 9.3 seconds!
2021-01-16 01:49:58 INIT: Initialized Minor Mapping subsystem within 0.1 seconds!
2021-01-16 01:49:58 INIT: Initialized Pathfinder subsystem within 0 seconds!
2021-01-16 01:49:58 INIT: Initialized Persistence subsystem within 0.2 seconds!
2021-01-16 01:49:58 INIT: Initialized Chat subsystem within 0 seconds!
