2021-01-15 14:16:42 ASSET: Sending asset `padlock.png` to client `Kosolov325` as `padlock.png`
2021-01-15 14:16:42 ASSET: Sending asset `common.css` to client `Kosolov325` as `asset.0860cded2abd3cfbf9ba06ae1cfa18fb.css`
2021-01-15 14:16:43 ASSET: Sending asset `tgui-common.chunk.js` to client `Kosolov325` as `tgui-common.chunk.js`
2021-01-15 14:16:43 ASSET: Sending asset `tgui-panel.bundle.js` to client `Kosolov325` as `tgui-panel.bundle.js`
2021-01-15 14:16:43 ASSET: Sending asset `tgui-panel.bundle.css` to client `Kosolov325` as `tgui-panel.bundle.css`
2021-01-15 14:16:56 ASSET: Sending asset `fa-regular-400.eot` to client `Kosolov325` as `fa-regular-400.eot`
2021-01-15 14:16:56 ASSET: Sending asset `fa-regular-400.woff` to client `Kosolov325` as `fa-regular-400.woff`
2021-01-15 14:16:56 ASSET: Sending asset `fa-solid-900.eot` to client `Kosolov325` as `fa-solid-900.eot`
2021-01-15 14:16:56 ASSET: Sending asset `fa-solid-900.woff` to client `Kosolov325` as `fa-solid-900.woff`
2021-01-15 14:16:56 ASSET: Sending asset `font-awesome.css` to client `Kosolov325` as `font-awesome.css`
2021-01-15 14:16:56 ASSET: Sending asset `v4shim.css` to client `Kosolov325` as `v4shim.css`
2021-01-15 14:16:56 ASSET: Sending asset `spritesheet_chat.css` to client `Kosolov325` as `asset.2c25ca64eda15ca14b14c7d727158b78.css`
2021-01-15 14:16:56 ASSET: Sending asset `chat_16x16.png` to client `Kosolov325` as `asset.2af133447f004b16af9f38045c39229f.png`
2021-01-15 14:16:56 ASSET: Sending asset `chat_32x32.png` to client `Kosolov325` as `asset.9fb3455e39c1c40b9eb331534ba43cf4.png`
2021-01-15 14:16:59 ASSET: Sending asset `jquery.min.js` to client `Kosolov325` as `jquery.min.js`
2021-01-15 14:19:07 ASSET: Sending asset `padlock.png` to client `Kosolov325` as `padlock.png`
2021-01-15 14:19:07 ASSET: Sending asset `common.css` to client `Kosolov325` as `asset.0860cded2abd3cfbf9ba06ae1cfa18fb.css`
2021-01-15 14:19:07 ASSET: Sending asset `tgui-common.chunk.js` to client `Kosolov325` as `tgui-common.chunk.js`
2021-01-15 14:19:07 ASSET: Sending asset `tgui-panel.bundle.js` to client `Kosolov325` as `tgui-panel.bundle.js`
2021-01-15 14:19:07 ASSET: Sending asset `tgui-panel.bundle.css` to client `Kosolov325` as `tgui-panel.bundle.css`
2021-01-15 14:19:17 ASSET: Sending asset `fa-regular-400.eot` to client `Kosolov325` as `fa-regular-400.eot`
2021-01-15 14:19:17 ASSET: Sending asset `fa-regular-400.woff` to client `Kosolov325` as `fa-regular-400.woff`
2021-01-15 14:19:17 ASSET: Sending asset `fa-solid-900.eot` to client `Kosolov325` as `fa-solid-900.eot`
2021-01-15 14:19:17 ASSET: Sending asset `fa-solid-900.woff` to client `Kosolov325` as `fa-solid-900.woff`
2021-01-15 14:19:17 ASSET: Sending asset `font-awesome.css` to client `Kosolov325` as `font-awesome.css`
2021-01-15 14:19:17 ASSET: Sending asset `v4shim.css` to client `Kosolov325` as `v4shim.css`
2021-01-15 14:19:17 ASSET: Sending asset `spritesheet_chat.css` to client `Kosolov325` as `asset.2c25ca64eda15ca14b14c7d727158b78.css`
2021-01-15 14:19:17 ASSET: Sending asset `chat_16x16.png` to client `Kosolov325` as `asset.2af133447f004b16af9f38045c39229f.png`
2021-01-15 14:19:17 ASSET: Sending asset `chat_32x32.png` to client `Kosolov325` as `asset.9fb3455e39c1c40b9eb331534ba43cf4.png`
2021-01-15 14:19:19 ASSET: Sending asset `jquery.min.js` to client `Kosolov325` as `jquery.min.js`
2021-01-15 14:21:00 ASSET: Sending asset `playeroptions.css` to client `Kosolov325` as `asset.30872c7daa2d65e38f92772e971bf109.css`
2021-01-15 14:22:00 ASSET: Sending asset `asset.f955dcf6f956fa926a4edff3a1f5aced.png` to client `Kosolov325` as `asset.6974477991880e7eb29e0f2f848e3590.png`
2021-01-15 14:22:00 ASSET: Sending asset `asset.61d57dc3bca1fa973ea15a536854a399.png` to client `Kosolov325` as `asset.7f49abb90a81f1fe153fd91a6d9f8b95.png`
2021-01-15 14:22:00 ASSET: Sending asset `asset.355e9e472aca1b23574c833e7947ab86.png` to client `Kosolov325` as `asset.243ee662e688923b11e924d4d384801f.png`
2021-01-15 14:22:00 ASSET: Sending asset `asset.bd82eb4f86299064fea899b9706ee6dd.png` to client `Kosolov325` as `asset.fb6226ff1b7e3804b675dd9d5e6f1382.png`
2021-01-15 14:22:00 ASSET: Sending asset `asset.a7abe3b4ae1b363e8ad4d2c9328a730d.png` to client `Kosolov325` as `asset.25d6ccce58098d89e5beac87154433fc.png`
2021-01-15 14:22:00 ASSET: Sending asset `asset.1a5bfa2daf00aef72996e42c4085d3a8.png` to client `Kosolov325` as `asset.45ec76f5d2f2feba1a45d2c05829f552.png`
