2021-01-15 14:16:09 INIT: Initialized Profiler subsystem within 0 seconds!
2021-01-15 14:16:10 Fail2Topic: Failed to drop firewall rule. Exit code: 1.
2021-01-15 14:16:10 INIT: Initialized Fail2Topic subsystem within 1.6 seconds!
2021-01-15 14:16:10 INIT: Initialized Title Screen subsystem within 0.1 seconds!
2021-01-15 14:16:10 INIT: Initialized Database subsystem within 0 seconds!
2021-01-15 14:16:10 INIT: Initialized Stat Panels subsystem within 0 seconds!
2021-01-15 14:16:10 INIT: Initialized Blackbox subsystem within 0 seconds!
2021-01-15 14:16:10 INIT: Initialized Server Tasks subsystem within 0 seconds!
2021-01-15 14:16:10 INIT: Initialized Input subsystem within 0 seconds!
2021-01-15 14:16:10 INIT: Initialized Sounds subsystem within 0 seconds!
2021-01-15 14:16:10 INIT: Initialized Vis contents overlays subsystem within 0 seconds!
2021-01-15 14:16:11 INIT: Initialized Research subsystem within 0.1 seconds!
2021-01-15 14:16:11 INIT: Initialized Events subsystem within 0 seconds!
2021-01-15 14:16:11 INIT: Initialized Jobs subsystem within 0 seconds!
2021-01-15 14:16:11 INIT: Initialized Quirks subsystem within 0 seconds!
2021-01-15 14:16:11 INIT: Initialized Ticker subsystem within 0.1 seconds!
2021-01-15 14:16:11 INIT: Initialized Instruments subsystem within 0 seconds!
2021-01-15 14:16:39 INIT: Initialized Mapping subsystem within 27.9 seconds!
2021-01-15 14:16:39 INIT: Initialized Economy subsystem within 0 seconds!
2021-01-15 14:16:39 INIT: Initialized Networks subsystem within 0 seconds!
2021-01-15 14:16:39 INIT: Initialized Holodeck subsystem within 0 seconds!
2021-01-15 14:17:31 INIT: Initialized Atoms subsystem within 52.7 seconds!
2021-01-15 14:17:31 INIT: Initialized Language subsystem within 0 seconds!
2021-01-15 14:17:32 INIT: Initialized Machines subsystem within 0.3 seconds!
2021-01-15 14:17:32 INIT: Initialized Circuit subsystem within 0.1 seconds!
2021-01-15 14:17:32 INIT: Initialized Atmos Adjacency subsystem within 0.8 seconds!
2021-01-15 14:17:32 INIT: Initialized Autotransfer Vote subsystem within 0 seconds!
2021-01-15 14:17:32 INIT: Initialized Chemistry subsystem within 0 seconds!
2021-01-15 14:17:32 INIT: Initialized Status Effects subsystem within 0 seconds!
2021-01-15 14:17:32 INIT: Initialized Weather subsystem within 0 seconds!
2021-01-15 14:17:32 INIT: Initialized Disease subsystem within 0 seconds!
2021-01-15 14:17:32 INIT: Initialized Jukeboxes subsystem within 0 seconds!
2021-01-15 14:17:32 INIT: Initialized Medals subsystem within 0 seconds!
2021-01-15 14:17:33 INIT: Initialized Minimaps subsystem within 0.4 seconds!
2021-01-15 14:17:39 INIT: Initialized Minimum Spawns subsystem within 6.1 seconds!
2021-01-15 14:17:39 INIT: Initialized Night Shift subsystem within 0 seconds!
2021-01-15 14:17:39 INIT: Initialized Parallax subsystem within 0 seconds!
2021-01-15 14:17:39 INIT: Initialized Sun subsystem within 0 seconds!
2021-01-15 14:17:40 INIT: Initialized Traumas subsystem within 0.8 seconds!
2021-01-15 14:17:45 INIT: Initialized Atmospherics subsystem within 5.3 seconds!
2021-01-15 14:17:54 INIT: Initialized Assets subsystem within 8.8 seconds!
2021-01-15 14:17:59 INIT: Initialized Icon Smoothing subsystem within 4.8 seconds!
2021-01-15 14:18:00 INIT: Initialized Overlay subsystem within 1.2 seconds!
2021-01-15 14:18:00 INIT: Initialized XKeyScore subsystem within 0 seconds!
2021-01-15 14:18:00 INIT: Initialized Sticky Ban subsystem within 0 seconds!
2021-01-15 14:18:10 INIT: Initialized Lighting subsystem within 9.6 seconds!
2021-01-15 14:18:17 INIT: Initialized Shuttle subsystem within 7.1 seconds!
2021-01-15 14:18:17 INIT: Initialized Minor Mapping subsystem within 0.1 seconds!
2021-01-15 14:18:17 INIT: Initialized Pathfinder subsystem within 0 seconds!
2021-01-15 14:18:17 INIT: Initialized Persistence subsystem within 0.1 seconds!
2021-01-15 14:18:17 INIT: Initialized Chat subsystem within 0 seconds!
