2021-01-16 14:15:01 INIT: Initialized Profiler subsystem within 0 seconds!
2021-01-16 14:15:03 Fail2Topic: Failed to drop firewall rule. Exit code: 1.
2021-01-16 14:15:03 INIT: Initialized Fail2Topic subsystem within 1.4 seconds!
2021-01-16 14:15:03 INIT: Initialized Title Screen subsystem within 0.1 seconds!
2021-01-16 14:15:03 INIT: Initialized Database subsystem within 0 seconds!
2021-01-16 14:15:03 INIT: Initialized Stat Panels subsystem within 0 seconds!
2021-01-16 14:15:03 INIT: Initialized Blackbox subsystem within 0 seconds!
2021-01-16 14:15:03 INIT: Initialized Server Tasks subsystem within 0 seconds!
2021-01-16 14:15:03 INIT: Initialized Input subsystem within 0 seconds!
2021-01-16 14:15:03 INIT: Initialized Sounds subsystem within 0 seconds!
2021-01-16 14:15:03 INIT: Initialized Vis contents overlays subsystem within 0 seconds!
2021-01-16 14:15:03 INIT: Initialized Research subsystem within 0.1 seconds!
2021-01-16 14:15:03 INIT: Initialized Events subsystem within 0 seconds!
2021-01-16 14:15:03 INIT: Initialized Jobs subsystem within 0 seconds!
2021-01-16 14:15:03 INIT: Initialized Quirks subsystem within 0 seconds!
2021-01-16 14:15:03 INIT: Initialized Ticker subsystem within 0.1 seconds!
2021-01-16 14:15:03 INIT: Initialized Instruments subsystem within 0 seconds!
2021-01-16 14:15:49 INIT: Initialized Mapping subsystem within 46.1 seconds!
2021-01-16 14:15:49 INIT: Initialized Economy subsystem within 0 seconds!
2021-01-16 14:15:49 INIT: Initialized Networks subsystem within 0 seconds!
2021-01-16 14:15:49 INIT: Initialized Holodeck subsystem within 0 seconds!
2021-01-16 14:16:38 INIT: Initialized Atoms subsystem within 48.5 seconds!
2021-01-16 14:16:38 INIT: Initialized Language subsystem within 0 seconds!
2021-01-16 14:16:38 INIT: Initialized Machines subsystem within 0.2 seconds!
2021-01-16 14:16:38 INIT: Initialized Circuit subsystem within 0.1 seconds!
2021-01-16 14:16:39 INIT: Initialized Atmos Adjacency subsystem within 0.9 seconds!
2021-01-16 14:16:39 INIT: Initialized Autotransfer Vote subsystem within 0 seconds!
2021-01-16 14:16:39 INIT: Initialized Chemistry subsystem within 0 seconds!
2021-01-16 14:16:39 INIT: Initialized Status Effects subsystem within 0 seconds!
2021-01-16 14:16:39 INIT: Initialized Weather subsystem within 0 seconds!
2021-01-16 14:16:39 INIT: Initialized Disease subsystem within 0 seconds!
2021-01-16 14:16:39 INIT: Initialized Jukeboxes subsystem within 0 seconds!
2021-01-16 14:16:39 INIT: Initialized Medals subsystem within 0 seconds!
2021-01-16 14:16:39 INIT: Initialized Minimaps subsystem within 0.5 seconds!
2021-01-16 14:16:47 INIT: Initialized Minimum Spawns subsystem within 7.2 seconds!
2021-01-16 14:16:47 INIT: Initialized Night Shift subsystem within 0 seconds!
2021-01-16 14:16:47 INIT: Initialized Parallax subsystem within 0 seconds!
2021-01-16 14:16:47 INIT: Initialized Sun subsystem within 0 seconds!
2021-01-16 14:16:47 INIT: Initialized Traumas subsystem within 0.4 seconds!
