2021-01-15 22:29:52 INIT: Initialized Profiler subsystem within 0 seconds!
2021-01-15 22:30:16 Fail2Topic: Failed to drop firewall rule. Exit code: -1.07374e+009.
2021-01-15 22:30:16 INIT: Initialized Fail2Topic subsystem within 23.4 seconds!
2021-01-15 22:30:16 INIT: Initialized Title Screen subsystem within 0 seconds!
2021-01-15 22:30:16 INIT: Initialized Database subsystem within 0 seconds!
2021-01-15 22:30:16 INIT: Initialized Stat Panels subsystem within 0 seconds!
2021-01-15 22:30:16 INIT: Initialized Blackbox subsystem within 0 seconds!
2021-01-15 22:30:16 INIT: Initialized Server Tasks subsystem within 0 seconds!
2021-01-15 22:30:16 INIT: Initialized Input subsystem within 0 seconds!
2021-01-15 22:30:16 INIT: Initialized Sounds subsystem within 0 seconds!
2021-01-15 22:30:16 INIT: Initialized Vis contents overlays subsystem within 0 seconds!
2021-01-15 22:30:16 INIT: Initialized Research subsystem within 0.1 seconds!
2021-01-15 22:30:16 INIT: Initialized Events subsystem within 0 seconds!
2021-01-15 22:30:16 INIT: Initialized Jobs subsystem within 0 seconds!
2021-01-15 22:30:16 INIT: Initialized Quirks subsystem within 0 seconds!
2021-01-15 22:30:16 INIT: Initialized Ticker subsystem within 0.1 seconds!
2021-01-15 22:30:16 INIT: Initialized Instruments subsystem within 0 seconds!
2021-01-15 22:30:48 INIT: Initialized Mapping subsystem within 32 seconds!
2021-01-15 22:30:48 INIT: Initialized Economy subsystem within 0 seconds!
2021-01-15 22:30:48 INIT: Initialized Networks subsystem within 0 seconds!
2021-01-15 22:30:48 INIT: Initialized Holodeck subsystem within 0 seconds!
2021-01-15 22:31:33 INIT: Initialized Atoms subsystem within 45.4 seconds!
2021-01-15 22:31:33 INIT: Initialized Language subsystem within 0 seconds!
2021-01-15 22:31:34 INIT: Initialized Machines subsystem within 0.2 seconds!
2021-01-15 22:31:34 INIT: Initialized Circuit subsystem within 0.1 seconds!
2021-01-15 22:31:34 INIT: Initialized Atmos Adjacency subsystem within 0.7 seconds!
2021-01-15 22:31:34 INIT: Initialized Autotransfer Vote subsystem within 0 seconds!
2021-01-15 22:31:34 INIT: Initialized Chemistry subsystem within 0 seconds!
2021-01-15 22:31:34 INIT: Initialized Status Effects subsystem within 0 seconds!
2021-01-15 22:31:34 INIT: Initialized Weather subsystem within 0 seconds!
2021-01-15 22:31:34 INIT: Initialized Disease subsystem within 0 seconds!
2021-01-15 22:31:34 INIT: Initialized Jukeboxes subsystem within 0 seconds!
2021-01-15 22:31:34 INIT: Initialized Medals subsystem within 0 seconds!
2021-01-15 22:31:35 INIT: Initialized Minimaps subsystem within 0.4 seconds!
2021-01-15 22:31:40 INIT: Initialized Minimum Spawns subsystem within 5.3 seconds!
2021-01-15 22:31:40 INIT: Initialized Night Shift subsystem within 0 seconds!
2021-01-15 22:31:40 INIT: Initialized Parallax subsystem within 0 seconds!
2021-01-15 22:31:40 INIT: Initialized Sun subsystem within 0 seconds!
2021-01-15 22:31:41 INIT: Initialized Traumas subsystem within 0.5 seconds!
2021-01-15 22:31:46 INIT: Initialized Atmospherics subsystem within 5.1 seconds!
2021-01-15 22:31:53 INIT: Initialized Assets subsystem within 7.6 seconds!
2021-01-15 22:31:58 INIT: Initialized Icon Smoothing subsystem within 5 seconds!
2021-01-15 22:31:59 INIT: Initialized Overlay subsystem within 1.1 seconds!
2021-01-15 22:31:59 INIT: Initialized XKeyScore subsystem within 0 seconds!
2021-01-15 22:31:59 INIT: Initialized Sticky Ban subsystem within 0 seconds!
2021-01-15 22:32:09 INIT: Initialized Lighting subsystem within 9.7 seconds!
2021-01-15 22:32:16 INIT: Initialized Shuttle subsystem within 6.9 seconds!
2021-01-15 22:32:16 INIT: Initialized Minor Mapping subsystem within 0.1 seconds!
2021-01-15 22:32:16 INIT: Initialized Pathfinder subsystem within 0 seconds!
2021-01-15 22:32:16 INIT: Initialized Persistence subsystem within 0.1 seconds!
2021-01-15 22:32:16 INIT: Initialized Chat subsystem within 0 seconds!
