2021-01-16 14:01:51 ADMIN: Loading Banlist
2021-01-16 14:01:51 ADMIN: Errored custom_items_whitelist line: JayEhh|ALL|ALL|/obj/item/custom/ceb_soap=1 - Path/number for item missing or invalid.
2021-01-16 14:02:02 GAME: Saved mode is 'extended'
2021-01-16 14:02:04 ACCESS: Login: Kosolov325 from 127.0.0.1-540227776 || BYOND v513.1528
2021-01-16 14:02:04 ACCESS: Mob Login: Kosolov325/(Kosolov325) was assigned to a /mob/dead/new_player
2021-01-16 14:02:04 GAME: Kosolov325/(Kosolov325) Client Kosolov325/(Kosolov325) has taken ownership of mob Kosolov325(/mob/dead/new_player) (start area (11, 174, 1))
2021-01-16 14:02:24 GAME: Hierophant's Arena loaded at 159,84,5
2021-01-16 14:02:24 GAME: Blood-Drunk Miner (Guidance) loaded at 162,155,5
2021-01-16 14:02:24 GAME: UFO Crash loaded at 87,213,5
2021-01-16 14:02:24 GAME: King Goat Boss Ruin loaded at 119,37,5
2021-01-16 14:02:24 GAME: Rogue's Arena loaded at 109,132,5
2021-01-16 14:02:24 GAME: Sif's Sword loaded at 149,179,5
2021-01-16 14:02:24 GAME: Pulsating Tumor loaded at 154,45,5
2021-01-16 14:02:24 GAME: Ancient Puzzle loaded at 148,90,5
2021-01-16 14:02:24 GAME: Pulsating Tumor loaded at 36,152,5
2021-01-16 14:02:24 GAME: Dark Wizard Altar loaded at 206,111,5
2021-01-16 14:02:24 GAME: Ruin of Pride loaded at 75,141,5
2021-01-16 14:02:24 GAME: Alien Nest loaded at 84,69,5
2021-01-16 14:02:24 GAME: The Wishgranter Cube loaded at 103,171,5
2021-01-16 14:02:24 GAME: Pulsating Tumor loaded at 94,166,5
2021-01-16 14:02:24 GAME: Ripley loaded at 63,106,5
2021-01-16 14:02:25 GAME: Abandoned Teleporter loaded at 54,49,3
2021-01-16 14:02:25 GAME: Whiteship Dock loaded at 131,130,6
2021-01-16 14:02:25 GAME: Space Hermit loaded at 177,64,6
2021-01-16 14:02:25 GAME: Waylaid Buses loaded at 140,70,7
2021-01-16 14:02:25 GAME: NT Medical Ship loaded at 68,88,4
2021-01-16 14:02:25 GAME: Space Arcade loaded at 139,160,6
2021-01-16 14:02:26 GAME: Survivalist Bunker loaded at 113,28,4
2021-01-16 14:02:26 GAME: Abductor Replication Lab loaded at 165,107,7
2021-01-16 14:02:26 GAME: Dinner for Two loaded at 71,174,4
2021-01-16 14:02:26 GAME: Cleric's Den loaded at 142,214,4
2021-01-16 14:02:26 GAME: Gondoland loaded at 82,109,6
2021-01-16 14:02:26 GAME: Roboticst Augmentation Facility loaded at 69,207,7
2021-01-16 14:02:27 GAME: The Twin-Nexus Hotel loaded at 69,64,7
2021-01-16 14:02:27 GAME: Crashed Ship loaded at 140,155,7
2021-01-16 14:02:27 GAME: Abandoned Telecommunications Satellite loaded at 67,160,6
2021-01-16 14:02:27 GAME: Empty Shell loaded at 162,183,4
2021-01-16 14:02:27 GAME: Mineable Asteroid 2 loaded at 162,208,2
2021-01-16 14:02:27 GAME: Mineable Asteroid 4 loaded at 88,215,2
2021-01-16 14:02:27 GAME: Dorm Roid loaded at 198,212,2
2021-01-16 14:02:27 GAME: Maze Roid loaded at 30,25,2
2021-01-16 14:02:27 GAME: Monitoring Roid loaded at 26,203,2
2021-01-16 14:02:27 GAME: Crab Roid loaded at 103,213,2
2021-01-16 14:02:27 GAME: Mineable Asteroid 5 loaded at 141,201,2
2021-01-16 14:02:27 GAME: Mineable Asteroid 1 loaded at 198,183,2
2021-01-16 14:02:27 GAME: Mineable Asteroid 1 loaded at 208,24,2
2021-01-16 14:02:27 GAME: Mineable Asteroid 1 loaded at 33,224,2
2021-01-16 14:02:27 GAME: Box SM loaded at 96,49,2
2021-01-16 14:02:28 GAME: Public Mining Base loaded at 1,1,5
2021-01-16 14:02:38 ACCESS: Logout: Kosolov325/(Kosolov325)
2021-01-16 14:02:38 GAME: Kosolov325[DC]/(Kosolov325) Kosolov325[DC]/(Kosolov325) is no longer owning mob Kosolov325(/mob/dead/new_player) (start area (11, 174, 1))
2021-01-16 14:02:46 GAME: [ÿAPLU "Miner"] ÿAPLU "Miner" created. (Lavaland Wastes (65, 108, 5))
2021-01-16 14:02:46 GAME: [ÿAPLU "Miner"] The exosuit drill initialized. (Lavaland Wastes (65, 108, 5))
2021-01-16 14:02:46 GAME: [ÿAPLU "Miner"] The hydraulic clamp initialized. (Lavaland Wastes (65, 108, 5))
2021-01-16 14:02:46 GAME: [ÿAPLU "Miner"] The exosuit mining scanner initialized. (Lavaland Wastes (65, 108, 5))
2021-01-16 14:02:46 GAME: *no key*/(Alden Bickerson) Alden Bickerson name changed from Alden Bickerson to Bo Bo Sassy (Unexplored Location (196, 89, 6))
2021-01-16 14:03:45 GAME: Backup Shuttle loaded at 10,10,9
2021-01-16 14:03:45 GAME: assault pod (Default) loaded at 18,10,9
2021-01-16 14:03:45 GAME: basic syndicate infiltrator loaded at 25,10,9
2021-01-16 14:03:46 GAME: fancy transport ferry loaded at 42,10,9
2021-01-16 14:03:46 GAME: Box Station Emergency Shuttle loaded at 55,10,9
2021-01-16 14:03:47 GAME: cargo ferry (Box) loaded at 66,10,9
2021-01-16 14:03:48 GAME: escape pod (Default) loaded at 73,10,9
2021-01-16 14:03:48 GAME: escape pod (Default) loaded at 76,10,9
2021-01-16 14:03:48 GAME: auxilliary base (Default) loaded at 79,10,9
2021-01-16 14:03:48 GAME: arrival shuttle (Box) loaded at 88,10,9
2021-01-16 14:03:48 GAME: mining shuttle (Box) loaded at 103,10,9
2021-01-16 14:03:48 GAME: labour shuttle (Box) loaded at 108,10,9
2021-01-16 14:03:48 GAME: escape pod (Default) loaded at 113,10,9
2021-01-16 14:03:48 GAME: escape pod (Default) loaded at 116,10,9
2021-01-16 14:03:50 GAME: Hospital Ship loaded at 119,10,9
