2021-01-16 14:01:52 INIT: Initialized Profiler subsystem within 0 seconds!
2021-01-16 14:02:02 Fail2Topic: Failed to drop firewall rule. Exit code: 1.
2021-01-16 14:02:02 INIT: Initialized Fail2Topic subsystem within 10.7 seconds!
2021-01-16 14:02:02 INIT: Initialized Title Screen subsystem within 0 seconds!
2021-01-16 14:02:02 INIT: Initialized Database subsystem within 0 seconds!
2021-01-16 14:02:02 INIT: Initialized Stat Panels subsystem within 0 seconds!
2021-01-16 14:02:02 INIT: Initialized Blackbox subsystem within 0 seconds!
2021-01-16 14:02:02 INIT: Initialized Server Tasks subsystem within 0 seconds!
2021-01-16 14:02:02 INIT: Initialized Input subsystem within 0 seconds!
2021-01-16 14:02:02 INIT: Initialized Sounds subsystem within 0 seconds!
2021-01-16 14:02:02 INIT: Initialized Vis contents overlays subsystem within 0 seconds!
2021-01-16 14:02:02 INIT: Initialized Research subsystem within 0.1 seconds!
2021-01-16 14:02:02 INIT: Initialized Events subsystem within 0 seconds!
2021-01-16 14:02:02 INIT: Initialized Jobs subsystem within 0 seconds!
2021-01-16 14:02:02 INIT: Initialized Quirks subsystem within 0 seconds!
2021-01-16 14:02:03 INIT: Initialized Ticker subsystem within 0.1 seconds!
2021-01-16 14:02:03 INIT: Initialized Instruments subsystem within 0 seconds!
2021-01-16 14:02:29 INIT: Initialized Mapping subsystem within 26.1 seconds!
2021-01-16 14:02:29 INIT: Initialized Economy subsystem within 0 seconds!
2021-01-16 14:02:29 INIT: Initialized Networks subsystem within 0 seconds!
2021-01-16 14:02:29 INIT: Initialized Holodeck subsystem within 0 seconds!
2021-01-16 14:03:12 INIT: Initialized Atoms subsystem within 43.3 seconds!
2021-01-16 14:03:12 INIT: Initialized Language subsystem within 0 seconds!
2021-01-16 14:03:12 INIT: Initialized Machines subsystem within 0.2 seconds!
2021-01-16 14:03:12 INIT: Initialized Circuit subsystem within 0 seconds!
2021-01-16 14:03:13 INIT: Initialized Atmos Adjacency subsystem within 0.8 seconds!
2021-01-16 14:03:13 INIT: Initialized Autotransfer Vote subsystem within 0 seconds!
2021-01-16 14:03:13 INIT: Initialized Chemistry subsystem within 0 seconds!
2021-01-16 14:03:13 INIT: Initialized Status Effects subsystem within 0 seconds!
2021-01-16 14:03:13 INIT: Initialized Weather subsystem within 0 seconds!
2021-01-16 14:03:13 INIT: Initialized Disease subsystem within 0 seconds!
2021-01-16 14:03:13 INIT: Initialized Jukeboxes subsystem within 0 seconds!
2021-01-16 14:03:13 INIT: Initialized Medals subsystem within 0 seconds!
2021-01-16 14:03:13 INIT: Initialized Minimaps subsystem within 0.4 seconds!
2021-01-16 14:03:18 INIT: Initialized Minimum Spawns subsystem within 4.8 seconds!
2021-01-16 14:03:18 INIT: Initialized Night Shift subsystem within 0 seconds!
2021-01-16 14:03:18 INIT: Initialized Parallax subsystem within 0 seconds!
2021-01-16 14:03:18 INIT: Initialized Sun subsystem within 0 seconds!
2021-01-16 14:03:19 INIT: Initialized Traumas subsystem within 0.6 seconds!
2021-01-16 14:03:24 INIT: Initialized Atmospherics subsystem within 4.7 seconds!
2021-01-16 14:03:30 INIT: Initialized Assets subsystem within 6.7 seconds!
2021-01-16 14:03:35 INIT: Initialized Icon Smoothing subsystem within 4.3 seconds!
2021-01-16 14:03:36 INIT: Initialized Overlay subsystem within 1 second!
2021-01-16 14:03:36 INIT: Initialized XKeyScore subsystem within 0 seconds!
2021-01-16 14:03:36 INIT: Initialized Sticky Ban subsystem within 0 seconds!
2021-01-16 14:03:45 INIT: Initialized Lighting subsystem within 8.9 seconds!
2021-01-16 14:03:51 INIT: Initialized Shuttle subsystem within 6 seconds!
2021-01-16 14:03:51 INIT: Initialized Minor Mapping subsystem within 0.1 seconds!
2021-01-16 14:03:51 INIT: Initialized Pathfinder subsystem within 0 seconds!
2021-01-16 14:03:51 INIT: Initialized Persistence subsystem within 0.1 seconds!
2021-01-16 14:03:51 INIT: Initialized Chat subsystem within 0 seconds!
