2021-01-16 15:59:57 HREF: Kosolov325 (usr:Kosolov325[(11,174,1)]) : tgui=1&window_id=browseroutput&type=ready
2021-01-16 16:00:00 HREF: Kosolov325 (usr:Kosolov325[(11,174,1)]) : tgui=1&window_id=browseroutput&type=ping&payload=%7B%22index%22%3A0%7D
2021-01-16 16:00:05 HREF: Kosolov325 (usr:Kosolov325[(11,174,1)]) : tgui=1&window_id=browseroutput&type=telemetry&payload=%7B%22connections%22%3A%5B%7B%22ckey%22%3A%22kosolov325%22%2C%22address%22%3A%22187.19.213.194%22%2C%22computer_id%22%3A%22540227776%22%7D%2C%7B%22ckey%22%3A%22kosolov325%22%2C%22address%22%3A%22127.0.0.1%22%2C%22computer_id%22%3A%22540227776%22%7D%2C%7B%22ckey%22%3A%22kosolov325%22%2C%22address%22%3A%22187.19.214.146%22%2C%22computer_id%22%3A%22540227776%22%7D%2C%7B%22ckey%22%3A%22kosolov325%22%2C%22address%22%3A%22187.19.214.74%22%2C%22computer_id%22%3A%22540227776%22%7D%2C%7B%22ckey%22%3A%22kosolov325%22%2C%22address%22%3A%22187.19.212.218%22%2C%22computer_id%22%3A%22540227776%22%7D%5D%7D
2021-01-16 16:00:05 HREF: Kosolov325 (usr:Kosolov325[(11,174,1)]) : tgui=1&window_id=browseroutput&type=ping&payload=%7B%22index%22%3A1%7D
2021-01-16 16:00:05 HREF: Kosolov325 (usr:Kosolov325[(11,174,1)]) : 
2021-01-16 16:00:05 HREF: Kosolov325 (usr:Kosolov325[(11,174,1)]) : 
2021-01-16 16:00:05 HREF: Kosolov325 (usr:Kosolov325[(11,174,1)]) : asset_cache_preload_data=%7B%22padlock.png%22%3A%22fd54303923e9086cd6b61a9c4c454f12%22%2C%22asset.0860cded2abd3cfbf9ba06ae1cfa18fb.css%22%3A%220860cded2abd3cfbf9ba06ae1cfa18fb%22%2C%22tgui-common.chunk.js%22%3A%226d94f1d50e6aa913f14647eed362bc14%22%2C%22tgui-panel.bundle.js%22%3A%22e3d3b435528bc5133e87c8d1172315c4%22%2C%22tgui-panel.bundle.css%22%3A%22a9dd91be63779f8ffec162acb3a8ff49%22%7D
2021-01-16 16:00:07 HREF: Kosolov325 (usr:Kosolov325[(11,174,1)]) : tgui=1&window_id=browseroutput&type=ping&payload=%7B%22index%22%3A2%7D
2021-01-16 16:00:10 HREF: Kosolov325 (usr:Kosolov325[(11,174,1)]) : tgui=1&window_id=browseroutput&type=ping&payload=%7B%22index%22%3A3%7D
2021-01-16 16:00:12 HREF: Kosolov325 (usr:Kosolov325[(11,174,1)]) : tgui=1&window_id=browseroutput&type=ping&payload=%7B%22index%22%3A4%7D
2021-01-16 16:00:15 HREF: Kosolov325 (usr:Kosolov325[(11,174,1)]) : tgui=1&window_id=browseroutput&type=ping&payload=%7B%22index%22%3A5%7D
2021-01-16 16:00:21 HREF: Kosolov325 (usr:Kosolov325[(11,174,1)]) : tgui=1&window_id=browseroutput&type=ping&payload=%7B%22index%22%3A6%7D
2021-01-16 16:00:24 HREF: Kosolov325 (usr:Kosolov325[(11,174,1)]) : tgui=1&window_id=browseroutput&type=ping&payload=%7B%22index%22%3A7%7D
2021-01-16 16:00:26 HREF: Kosolov325 (usr:Kosolov325[(11,174,1)]) : tgui=1&window_id=browseroutput&type=ping&payload=%7B%22index%22%3A0%7D
2021-01-16 16:00:26 HREF: Kosolov325 (usr:Kosolov325[(11,174,1)]) : _src_=vars;admin_token=803145955981810640992696929258489;datumedit=TRUE;target=[0x100a55a];targetvar=icon
2021-01-16 16:00:31 HREF: Kosolov325 (usr:Kosolov325[(11,174,1)]) : tgui=1&window_id=browseroutput&type=ping&payload=%7B%22index%22%3A1%7D
2021-01-16 16:00:33 HREF: Kosolov325 (usr:Kosolov325[(11,174,1)]) : tgui=1&window_id=browseroutput&type=ping&payload=%7B%22index%22%3A2%7D
2021-01-16 16:00:36 HREF: Kosolov325 (usr:Kosolov325[(11,174,1)]) : tgui=1&window_id=browseroutput&type=ping&payload=%7B%22index%22%3A3%7D
2021-01-16 16:00:38 HREF: Kosolov325 (usr:Kosolov325[(11,174,1)]) : tgui=1&window_id=browseroutput&type=ping&payload=%7B%22index%22%3A4%7D
2021-01-16 16:00:41 HREF: Kosolov325 (usr:Kosolov325[(11,174,1)]) : tgui=1&window_id=browseroutput&type=ping&payload=%7B%22index%22%3A5%7D
2021-01-16 16:00:43 HREF: Kosolov325 (usr:Kosolov325[(11,174,1)]) : tgui=1&window_id=browseroutput&type=ping&payload=%7B%22index%22%3A6%7D
2021-01-16 16:00:46 HREF: Kosolov325 (usr:Kosolov325[(11,174,1)]) : tgui=1&window_id=browseroutput&type=ping&payload=%7B%22index%22%3A7%7D
2021-01-16 16:00:48 HREF: Kosolov325 (usr:Kosolov325[(11,174,1)]) : tgui=1&window_id=browseroutput&type=ping&payload=%7B%22index%22%3A0%7D
2021-01-16 16:00:51 HREF: Kosolov325 (usr:Kosolov325[(11,174,1)]) : tgui=1&window_id=browseroutput&type=ping&payload=%7B%22index%22%3A1%7D
2021-01-16 16:00:53 HREF: Kosolov325 (usr:Kosolov325[(11,174,1)]) : tgui=1&window_id=browseroutput&type=ping&payload=%7B%22index%22%3A2%7D
2021-01-16 16:00:56 HREF: Kosolov325 (usr:Kosolov325[(11,174,1)]) : tgui=1&window_id=browseroutput&type=ping&payload=%7B%22index%22%3A3%7D
2021-01-16 16:00:58 HREF: Kosolov325 (usr:Kosolov325[(11,174,1)]) : tgui=1&window_id=browseroutput&type=ping&payload=%7B%22index%22%3A4%7D
2021-01-16 16:01:01 HREF: Kosolov325 (usr:Kosolov325[(11,174,1)]) : tgui=1&window_id=browseroutput&type=ping&payload=%7B%22index%22%3A5%7D
2021-01-16 16:01:04 HREF: Kosolov325 (usr:Kosolov325[(11,174,1)]) : tgui=1&window_id=browseroutput&type=ping&payload=%7B%22index%22%3A6%7D
2021-01-16 16:01:06 HREF: Kosolov325 (usr:Kosolov325[(11,174,1)]) : tgui=1&window_id=browseroutput&type=ping&payload=%7B%22index%22%3A7%7D
2021-01-16 16:01:09 HREF: Kosolov325 (usr:Kosolov325[(11,174,1)]) : tgui=1&window_id=browseroutput&type=ping&payload=%7B%22index%22%3A0%7D
2021-01-16 16:01:11 HREF: Kosolov325 (usr:Kosolov325[(11,174,1)]) : tgui=1&window_id=browseroutput&type=ping&payload=%7B%22index%22%3A1%7D
2021-01-16 16:01:14 HREF: Kosolov325 (usr:Kosolov325[(11,174,1)]) : tgui=1&window_id=browseroutput&type=ping&payload=%7B%22index%22%3A2%7D
2021-01-16 16:01:16 HREF: Kosolov325 (usr:Kosolov325[(11,174,1)]) : tgui=1&window_id=browseroutput&type=ping&payload=%7B%22index%22%3A3%7D
2021-01-16 16:01:19 HREF: Kosolov325 (usr:Kosolov325[(11,174,1)]) : tgui=1&window_id=browseroutput&type=ping&payload=%7B%22index%22%3A4%7D
2021-01-16 16:01:21 HREF: Kosolov325 (usr:Kosolov325[(11,174,1)]) : tgui=1&window_id=browseroutput&type=ping&payload=%7B%22index%22%3A5%7D
2021-01-16 16:01:24 HREF: Kosolov325 (usr:Kosolov325[(11,174,1)]) : tgui=1&window_id=browseroutput&type=ping&payload=%7B%22index%22%3A6%7D
2021-01-16 16:01:26 HREF: Kosolov325 (usr:Kosolov325[(11,174,1)]) : tgui=1&window_id=browseroutput&type=ping&payload=%7B%22index%22%3A7%7D
2021-01-16 16:01:29 HREF: Kosolov325 (usr:Kosolov325[(11,174,1)]) : tgui=1&window_id=browseroutput&type=ping&payload=%7B%22index%22%3A0%7D
2021-01-16 16:01:31 HREF: Kosolov325 (usr:Kosolov325[(11,174,1)]) : tgui=1&window_id=browseroutput&type=ping&payload=%7B%22index%22%3A1%7D
2021-01-16 16:01:34 HREF: Kosolov325 (usr:Kosolov325[(11,174,1)]) : tgui=1&window_id=browseroutput&type=ping&payload=%7B%22index%22%3A2%7D
2021-01-16 16:01:36 HREF: Kosolov325 (usr:Kosolov325[(11,174,1)]) : tgui=1&window_id=browseroutput&type=ping&payload=%7B%22index%22%3A3%7D
2021-01-16 16:01:39 HREF: Kosolov325 (usr:Kosolov325[(11,174,1)]) : tgui=1&window_id=browseroutput&type=ping&payload=%7B%22index%22%3A4%7D
2021-01-16 16:01:41 HREF: Kosolov325 (usr:Kosolov325[(11,174,1)]) : tgui=1&window_id=browseroutput&type=ping&payload=%7B%22index%22%3A5%7D
2021-01-16 16:03:47 HREF: Kosolov325 (usr:Kosolov325[(11,174,1)]) : tgui=1&window_id=browseroutput&type=ready
2021-01-16 16:03:47 HREF: Kosolov325 (usr:Kosolov325[(11,174,1)]) : tgui=1&window_id=browseroutput&type=ping&payload=%7B%22index%22%3A0%7D
2021-01-16 16:03:49 HREF: Kosolov325 (usr:Kosolov325[(11,174,1)]) : 
2021-01-16 16:03:49 HREF: Kosolov325 (usr:Kosolov325[(11,174,1)]) : 
2021-01-16 16:03:50 HREF: Kosolov325 (usr:Kosolov325[(11,174,1)]) : asset_cache_preload_data=%7B%22padlock.png%22%3A%22fd54303923e9086cd6b61a9c4c454f12%22%2C%22asset.0860cded2abd3cfbf9ba06ae1cfa18fb.css%22%3A%220860cded2abd3cfbf9ba06ae1cfa18fb%22%2C%22tgui-common.chunk.js%22%3A%226d94f1d50e6aa913f14647eed362bc14%22%2C%22tgui-panel.bundle.js%22%3A%22e3d3b435528bc5133e87c8d1172315c4%22%2C%22tgui-panel.bundle.css%22%3A%22a9dd91be63779f8ffec162acb3a8ff49%22%7D
2021-01-16 16:03:50 HREF: Kosolov325 (usr:Kosolov325[(11,174,1)]) : tgui=1&window_id=browseroutput&type=ping&payload=%7B%22index%22%3A1%7D
2021-01-16 16:03:53 HREF: Kosolov325 (usr:Kosolov325[(11,174,1)]) : tgui=1&window_id=browseroutput&type=ping&payload=%7B%22index%22%3A2%7D
2021-01-16 16:03:55 HREF: Kosolov325 (usr:Kosolov325[(11,174,1)]) : tgui=1&window_id=browseroutput&type=telemetry&payload=%7B%22connections%22%3A%5B%7B%22ckey%22%3A%22kosolov325%22%2C%22address%22%3A%22187.19.213.194%22%2C%22computer_id%22%3A%22540227776%22%7D%2C%7B%22ckey%22%3A%22kosolov325%22%2C%22address%22%3A%22127.0.0.1%22%2C%22computer_id%22%3A%22540227776%22%7D%2C%7B%22ckey%22%3A%22kosolov325%22%2C%22address%22%3A%22187.19.214.146%22%2C%22computer_id%22%3A%22540227776%22%7D%2C%7B%22ckey%22%3A%22kosolov325%22%2C%22address%22%3A%22187.19.214.74%22%2C%22computer_id%22%3A%22540227776%22%7D%2C%7B%22ckey%22%3A%22kosolov325%22%2C%22address%22%3A%22187.19.212.218%22%2C%22computer_id%22%3A%22540227776%22%7D%5D%7D
2021-01-16 16:03:56 HREF: Kosolov325 (usr:Kosolov325[(11,174,1)]) : tgui=1&window_id=browseroutput&type=ping&payload=%7B%22index%22%3A3%7D
2021-01-16 16:03:58 HREF: Kosolov325 (usr:Kosolov325[(11,174,1)]) : tgui=1&window_id=browseroutput&type=ping&payload=%7B%22index%22%3A4%7D
2021-01-16 16:04:01 HREF: Kosolov325 (usr:Kosolov325[(11,174,1)]) : tgui=1&window_id=browseroutput&type=ping&payload=%7B%22index%22%3A5%7D
2021-01-16 16:04:03 HREF: Kosolov325 (usr:Kosolov325[(11,174,1)]) : tgui=1&window_id=browseroutput&type=ping&payload=%7B%22index%22%3A6%7D
2021-01-16 16:04:06 HREF: Kosolov325 (usr:Kosolov325[(11,174,1)]) : tgui=1&window_id=browseroutput&type=ping&payload=%7B%22index%22%3A7%7D
2021-01-16 16:04:08 HREF: Kosolov325 (usr:Kosolov325[(11,174,1)]) : tgui=1&window_id=browseroutput&type=ping&payload=%7B%22index%22%3A0%7D
2021-01-16 16:04:10 HREF: Kosolov325 (usr:Kosolov325[(11,174,1)]) : _src_=vars;admin_token=803145955981810640992696929258489;datumedit=TRUE;target=[0x100a55a];targetvar=icon
2021-01-16 16:04:11 HREF: Kosolov325 (usr:Kosolov325[(11,174,1)]) : tgui=1&window_id=browseroutput&type=ping&payload=%7B%22index%22%3A1%7D
2021-01-16 16:04:13 HREF: Kosolov325 (usr:Kosolov325[(11,174,1)]) : tgui=1&window_id=browseroutput&type=ping&payload=%7B%22index%22%3A2%7D
2021-01-16 16:04:16 HREF: Kosolov325 (usr:Kosolov325[(11,174,1)]) : tgui=1&window_id=browseroutput&type=ping&payload=%7B%22index%22%3A3%7D
2021-01-16 16:04:18 HREF: Kosolov325 (usr:Kosolov325[(11,174,1)]) : tgui=1&window_id=browseroutput&type=ping&payload=%7B%22index%22%3A4%7D
2021-01-16 16:04:21 HREF: Kosolov325 (usr:Kosolov325[(11,174,1)]) : tgui=1&window_id=browseroutput&type=ping&payload=%7B%22index%22%3A5%7D
2021-01-16 16:05:58 HREF: Kosolov325 (usr:Kosolov325[(11,174,1)]) : tgui=1&window_id=browseroutput&type=ready
2021-01-16 16:05:58 HREF: Kosolov325 (usr:Kosolov325[(11,174,1)]) : tgui=1&window_id=browseroutput&type=ping&payload=%7B%22index%22%3A0%7D
2021-01-16 16:06:00 HREF: Kosolov325 (usr:Kosolov325[(11,174,1)]) : tgui=1&window_id=browseroutput&type=telemetry&payload=%7B%22connections%22%3A%5B%7B%22ckey%22%3A%22kosolov325%22%2C%22address%22%3A%22187.19.213.194%22%2C%22computer_id%22%3A%22540227776%22%7D%2C%7B%22ckey%22%3A%22kosolov325%22%2C%22address%22%3A%22127.0.0.1%22%2C%22computer_id%22%3A%22540227776%22%7D%2C%7B%22ckey%22%3A%22kosolov325%22%2C%22address%22%3A%22187.19.214.146%22%2C%22computer_id%22%3A%22540227776%22%7D%2C%7B%22ckey%22%3A%22kosolov325%22%2C%22address%22%3A%22187.19.214.74%22%2C%22computer_id%22%3A%22540227776%22%7D%2C%7B%22ckey%22%3A%22kosolov325%22%2C%22address%22%3A%22187.19.212.218%22%2C%22computer_id%22%3A%22540227776%22%7D%5D%7D
2021-01-16 16:06:00 HREF: Kosolov325 (usr:Kosolov325[(11,174,1)]) : 
2021-01-16 16:06:00 HREF: Kosolov325 (usr:Kosolov325[(11,174,1)]) : 
2021-01-16 16:06:00 HREF: Kosolov325 (usr:Kosolov325[(11,174,1)]) : asset_cache_preload_data=%7B%22padlock.png%22%3A%22fd54303923e9086cd6b61a9c4c454f12%22%2C%22asset.0860cded2abd3cfbf9ba06ae1cfa18fb.css%22%3A%220860cded2abd3cfbf9ba06ae1cfa18fb%22%2C%22tgui-common.chunk.js%22%3A%226d94f1d50e6aa913f14647eed362bc14%22%2C%22tgui-panel.bundle.js%22%3A%22e3d3b435528bc5133e87c8d1172315c4%22%2C%22tgui-panel.bundle.css%22%3A%22a9dd91be63779f8ffec162acb3a8ff49%22%7D
2021-01-16 16:06:01 HREF: Kosolov325 (usr:Kosolov325[(11,174,1)]) : tgui=1&window_id=browseroutput&type=ping&payload=%7B%22index%22%3A1%7D
2021-01-16 16:06:03 HREF: Kosolov325 (usr:Kosolov325[(11,174,1)]) : tgui=1&window_id=browseroutput&type=ping&payload=%7B%22index%22%3A2%7D
2021-01-16 16:06:06 HREF: Kosolov325 (usr:Kosolov325[(11,174,1)]) : tgui=1&window_id=browseroutput&type=ping&payload=%7B%22index%22%3A3%7D
2021-01-16 16:06:08 HREF: Kosolov325 (usr:Kosolov325[(11,174,1)]) : tgui=1&window_id=browseroutput&type=ping&payload=%7B%22index%22%3A4%7D
2021-01-16 16:06:11 HREF: Kosolov325 (usr:Kosolov325[(11,174,1)]) : tgui=1&window_id=browseroutput&type=ping&payload=%7B%22index%22%3A5%7D
2021-01-16 16:06:13 HREF: Kosolov325 (usr:Kosolov325[(11,174,1)]) : tgui=1&window_id=browseroutput&type=ping&payload=%7B%22index%22%3A6%7D
2021-01-16 16:06:16 HREF: Kosolov325 (usr:Kosolov325[(11,174,1)]) : tgui=1&window_id=browseroutput&type=ping&payload=%7B%22index%22%3A7%7D
2021-01-16 16:06:18 HREF: Kosolov325 (usr:Kosolov325[(11,174,1)]) : tgui=1&window_id=browseroutput&type=ping&payload=%7B%22index%22%3A0%7D
2021-01-16 16:11:09 HREF: Kosolov325 (usr:Kosolov325[(11,174,1)]) : tgui=1&window_id=browseroutput&type=ready
2021-01-16 16:11:11 HREF: Kosolov325 (usr:Kosolov325[(11,174,1)]) : tgui=1&window_id=browseroutput&type=ping&payload=%7B%22index%22%3A0%7D
2021-01-16 16:11:14 HREF: Kosolov325 (usr:Kosolov325[(11,174,1)]) : tgui=1&window_id=browseroutput&type=telemetry&payload=%7B%22connections%22%3A%5B%7B%22ckey%22%3A%22kosolov325%22%2C%22address%22%3A%22187.19.213.194%22%2C%22computer_id%22%3A%22540227776%22%7D%2C%7B%22ckey%22%3A%22kosolov325%22%2C%22address%22%3A%22127.0.0.1%22%2C%22computer_id%22%3A%22540227776%22%7D%2C%7B%22ckey%22%3A%22kosolov325%22%2C%22address%22%3A%22187.19.214.146%22%2C%22computer_id%22%3A%22540227776%22%7D%2C%7B%22ckey%22%3A%22kosolov325%22%2C%22address%22%3A%22187.19.214.74%22%2C%22computer_id%22%3A%22540227776%22%7D%2C%7B%22ckey%22%3A%22kosolov325%22%2C%22address%22%3A%22187.19.212.218%22%2C%22computer_id%22%3A%22540227776%22%7D%5D%7D
2021-01-16 16:11:15 HREF: Kosolov325 (usr:Kosolov325[(11,174,1)]) : 
2021-01-16 16:11:15 HREF: Kosolov325 (usr:Kosolov325[(11,174,1)]) : 
2021-01-16 16:11:15 HREF: Kosolov325 (usr:Kosolov325[(11,174,1)]) : asset_cache_preload_data=%7B%22padlock.png%22%3A%22fd54303923e9086cd6b61a9c4c454f12%22%2C%22asset.0860cded2abd3cfbf9ba06ae1cfa18fb.css%22%3A%220860cded2abd3cfbf9ba06ae1cfa18fb%22%2C%22tgui-common.chunk.js%22%3A%226d94f1d50e6aa913f14647eed362bc14%22%2C%22tgui-panel.bundle.js%22%3A%22e3d3b435528bc5133e87c8d1172315c4%22%2C%22tgui-panel.bundle.css%22%3A%22a9dd91be63779f8ffec162acb3a8ff49%22%7D
2021-01-16 16:11:15 HREF: Kosolov325 (usr:Kosolov325[(11,174,1)]) : tgui=1&window_id=browseroutput&type=ping&payload=%7B%22index%22%3A1%7D
2021-01-16 16:11:18 HREF: Kosolov325 (usr:Kosolov325[(11,174,1)]) : tgui=1&window_id=browseroutput&type=ping&payload=%7B%22index%22%3A2%7D
2021-01-16 16:11:20 HREF: Kosolov325 (usr:Kosolov325[(11,174,1)]) : tgui=1&window_id=browseroutput&type=ping&payload=%7B%22index%22%3A3%7D
2021-01-16 16:11:23 HREF: Kosolov325 (usr:Kosolov325[(11,174,1)]) : tgui=1&window_id=browseroutput&type=ping&payload=%7B%22index%22%3A4%7D
2021-01-16 16:11:25 HREF: Kosolov325 (usr:Kosolov325[(11,174,1)]) : tgui=1&window_id=browseroutput&type=ping&payload=%7B%22index%22%3A5%7D
2021-01-16 16:11:27 HREF: Kosolov325 (usr:Kosolov325[(11,174,1)]) : _src_=vars;admin_token=803145955981810640992696929258489;datumedit=TRUE;target=[0x100a55a];targetvar=icon
2021-01-16 16:11:29 HREF: Kosolov325 (usr:Kosolov325[(11,174,1)]) : tgui=1&window_id=browseroutput&type=ping&payload=%7B%22index%22%3A6%7D
2021-01-16 16:11:31 HREF: Kosolov325 (usr:Kosolov325[(11,174,1)]) : tgui=1&window_id=browseroutput&type=ping&payload=%7B%22index%22%3A7%7D
2021-01-16 16:11:34 HREF: Kosolov325 (usr:Kosolov325[(11,174,1)]) : tgui=1&window_id=browseroutput&type=ping&payload=%7B%22index%22%3A0%7D
2021-01-16 16:11:36 HREF: Kosolov325 (usr:Kosolov325[(11,174,1)]) : tgui=1&window_id=browseroutput&type=ping&payload=%7B%22index%22%3A1%7D
2021-01-16 16:11:39 HREF: Kosolov325 (usr:Kosolov325[(11,174,1)]) : tgui=1&window_id=browseroutput&type=ping&payload=%7B%22index%22%3A2%7D
2021-01-16 16:11:41 HREF: Kosolov325 (usr:Kosolov325[(11,174,1)]) : tgui=1&window_id=browseroutput&type=ping&payload=%7B%22index%22%3A3%7D
