2021-01-16 15:48:02 INIT: Initialized Profiler subsystem within 0 seconds!
2021-01-16 15:48:04 Fail2Topic: Failed to drop firewall rule. Exit code: 1.
2021-01-16 15:48:04 INIT: Initialized Fail2Topic subsystem within 2.3 seconds!
2021-01-16 15:48:04 INIT: Initialized Title Screen subsystem within 0.1 seconds!
2021-01-16 15:48:04 INIT: Initialized Database subsystem within 0 seconds!
2021-01-16 15:48:04 INIT: Initialized Stat Panels subsystem within 0 seconds!
2021-01-16 15:48:04 INIT: Initialized Blackbox subsystem within 0 seconds!
2021-01-16 15:48:04 INIT: Initialized Server Tasks subsystem within 0 seconds!
2021-01-16 15:48:04 INIT: Initialized Input subsystem within 0 seconds!
2021-01-16 15:48:04 INIT: Initialized Sounds subsystem within 0 seconds!
2021-01-16 15:48:04 INIT: Initialized Vis contents overlays subsystem within 0 seconds!
2021-01-16 15:48:04 INIT: Initialized Research subsystem within 0 seconds!
2021-01-16 15:48:04 INIT: Initialized Events subsystem within 0 seconds!
2021-01-16 15:48:04 INIT: Initialized Jobs subsystem within 0 seconds!
2021-01-16 15:48:04 INIT: Initialized Quirks subsystem within 0 seconds!
2021-01-16 15:48:04 INIT: Initialized Ticker subsystem within 0.1 seconds!
2021-01-16 15:48:04 INIT: Initialized Instruments subsystem within 0 seconds!
2021-01-16 15:48:28 INIT: Initialized Mapping subsystem within 24.2 seconds!
2021-01-16 15:48:28 INIT: Initialized Economy subsystem within 0 seconds!
2021-01-16 15:48:28 INIT: Initialized Networks subsystem within 0 seconds!
2021-01-16 15:48:28 INIT: Initialized Holodeck subsystem within 0 seconds!
2021-01-16 15:49:10 INIT: Initialized Atoms subsystem within 42.2 seconds!
2021-01-16 15:49:10 INIT: Initialized Language subsystem within 0 seconds!
2021-01-16 15:49:11 INIT: Initialized Machines subsystem within 0.3 seconds!
2021-01-16 15:49:11 INIT: Initialized Circuit subsystem within 0.1 seconds!
2021-01-16 15:49:12 INIT: Initialized Atmos Adjacency subsystem within 0.8 seconds!
2021-01-16 15:49:12 INIT: Initialized Autotransfer Vote subsystem within 0 seconds!
2021-01-16 15:49:12 INIT: Initialized Chemistry subsystem within 0 seconds!
2021-01-16 15:49:12 INIT: Initialized Status Effects subsystem within 0 seconds!
2021-01-16 15:49:12 INIT: Initialized Weather subsystem within 0 seconds!
2021-01-16 15:49:12 INIT: Initialized Disease subsystem within 0 seconds!
2021-01-16 15:49:12 INIT: Initialized Jukeboxes subsystem within 0 seconds!
2021-01-16 15:49:12 INIT: Initialized Medals subsystem within 0 seconds!
2021-01-16 15:49:12 INIT: Initialized Minimaps subsystem within 0.4 seconds!
2021-01-16 15:49:19 INIT: Initialized Minimum Spawns subsystem within 6.9 seconds!
2021-01-16 15:49:19 INIT: Initialized Night Shift subsystem within 0 seconds!
2021-01-16 15:49:19 INIT: Initialized Parallax subsystem within 0 seconds!
2021-01-16 15:49:19 INIT: Initialized Sun subsystem within 0 seconds!
2021-01-16 15:49:19 INIT: Initialized Traumas subsystem within 0.5 seconds!
2021-01-16 15:49:25 INIT: Initialized Atmospherics subsystem within 5.1 seconds!
2021-01-16 15:49:32 INIT: Initialized Assets subsystem within 7.4 seconds!
2021-01-16 15:49:36 INIT: Initialized Icon Smoothing subsystem within 4.4 seconds!
2021-01-16 15:49:37 INIT: Initialized Overlay subsystem within 0.8 seconds!
2021-01-16 15:49:37 INIT: Initialized XKeyScore subsystem within 0 seconds!
2021-01-16 15:49:37 INIT: Initialized Sticky Ban subsystem within 0 seconds!
2021-01-16 15:49:46 INIT: Initialized Lighting subsystem within 8.7 seconds!
2021-01-16 15:49:52 INIT: Initialized Shuttle subsystem within 6.3 seconds!
2021-01-16 15:49:52 INIT: Initialized Minor Mapping subsystem within 0 seconds!
2021-01-16 15:49:52 INIT: Initialized Pathfinder subsystem within 0 seconds!
2021-01-16 15:49:52 INIT: Initialized Persistence subsystem within 0.1 seconds!
2021-01-16 15:49:52 INIT: Initialized Chat subsystem within 0 seconds!
