2021-01-15 22:34:06 INIT: Initialized Profiler subsystem within 0 seconds!
2021-01-15 22:34:07 Fail2Topic: Failed to drop firewall rule. Exit code: 1.
2021-01-15 22:34:07 INIT: Initialized Fail2Topic subsystem within 1.1 seconds!
2021-01-15 22:34:07 INIT: Initialized Title Screen subsystem within 0 seconds!
2021-01-15 22:34:07 INIT: Initialized Database subsystem within 0 seconds!
2021-01-15 22:34:07 INIT: Initialized Stat Panels subsystem within 0 seconds!
2021-01-15 22:34:07 INIT: Initialized Blackbox subsystem within 0 seconds!
2021-01-15 22:34:07 INIT: Initialized Server Tasks subsystem within 0 seconds!
2021-01-15 22:34:07 INIT: Initialized Input subsystem within 0 seconds!
2021-01-15 22:34:07 INIT: Initialized Sounds subsystem within 0.1 seconds!
2021-01-15 22:34:07 INIT: Initialized Vis contents overlays subsystem within 0 seconds!
2021-01-15 22:34:07 INIT: Initialized Research subsystem within 0 seconds!
2021-01-15 22:34:07 INIT: Initialized Events subsystem within 0 seconds!
2021-01-15 22:34:07 INIT: Initialized Jobs subsystem within 0 seconds!
2021-01-15 22:34:07 INIT: Initialized Quirks subsystem within 0.1 seconds!
2021-01-15 22:34:07 INIT: Initialized Ticker subsystem within 0 seconds!
2021-01-15 22:34:07 INIT: Initialized Instruments subsystem within 0 seconds!
2021-01-15 22:34:32 INIT: Initialized Mapping subsystem within 25.5 seconds!
2021-01-15 22:34:32 INIT: Initialized Economy subsystem within 0 seconds!
2021-01-15 22:34:32 INIT: Initialized Networks subsystem within 0 seconds!
2021-01-15 22:34:32 INIT: Initialized Holodeck subsystem within 0 seconds!
2021-01-15 22:35:20 INIT: Initialized Atoms subsystem within 48 seconds!
2021-01-15 22:35:20 INIT: Initialized Language subsystem within 0 seconds!
2021-01-15 22:35:21 INIT: Initialized Machines subsystem within 0.3 seconds!
2021-01-15 22:35:21 INIT: Initialized Circuit subsystem within 0.1 seconds!
2021-01-15 22:35:22 INIT: Initialized Atmos Adjacency subsystem within 0.8 seconds!
2021-01-15 22:35:22 INIT: Initialized Autotransfer Vote subsystem within 0 seconds!
2021-01-15 22:35:22 INIT: Initialized Chemistry subsystem within 0 seconds!
2021-01-15 22:35:22 INIT: Initialized Status Effects subsystem within 0 seconds!
2021-01-15 22:35:22 INIT: Initialized Weather subsystem within 0 seconds!
2021-01-15 22:35:22 INIT: Initialized Disease subsystem within 0 seconds!
2021-01-15 22:35:22 INIT: Initialized Jukeboxes subsystem within 0 seconds!
2021-01-15 22:35:22 INIT: Initialized Medals subsystem within 0 seconds!
2021-01-15 22:35:22 INIT: Initialized Minimaps subsystem within 0.4 seconds!
2021-01-15 22:35:28 INIT: Initialized Minimum Spawns subsystem within 6.2 seconds!
2021-01-15 22:35:28 INIT: Initialized Night Shift subsystem within 0 seconds!
2021-01-15 22:35:28 INIT: Initialized Parallax subsystem within 0 seconds!
2021-01-15 22:35:28 INIT: Initialized Sun subsystem within 0 seconds!
2021-01-15 22:35:29 INIT: Initialized Traumas subsystem within 0.4 seconds!
2021-01-15 22:35:34 INIT: Initialized Atmospherics subsystem within 5.5 seconds!
2021-01-15 22:35:41 INIT: Initialized Assets subsystem within 6.9 seconds!
2021-01-15 22:35:46 INIT: Initialized Icon Smoothing subsystem within 4.8 seconds!
2021-01-15 22:35:47 INIT: Initialized Overlay subsystem within 1.1 seconds!
2021-01-15 22:35:47 INIT: Initialized XKeyScore subsystem within 0 seconds!
2021-01-15 22:35:47 INIT: Initialized Sticky Ban subsystem within 0 seconds!
2021-01-15 22:35:58 INIT: Initialized Lighting subsystem within 10.9 seconds!
2021-01-15 22:36:06 INIT: Initialized Shuttle subsystem within 8.4 seconds!
2021-01-15 22:36:06 INIT: Initialized Minor Mapping subsystem within 0.1 seconds!
2021-01-15 22:36:06 INIT: Initialized Pathfinder subsystem within 0 seconds!
2021-01-15 22:36:06 INIT: Initialized Persistence subsystem within 0.1 seconds!
2021-01-15 22:36:06 INIT: Initialized Chat subsystem within 0 seconds!
