2021-01-16 01:29:13 HREF: Kosolov325 (usr:Kosolov325[(11,174,1)]) : tgui=1&window_id=browseroutput&type=ready
2021-01-16 01:29:13 HREF: Kosolov325 (usr:Kosolov325[(11,174,1)]) : tgui=1&window_id=browseroutput&type=ping&payload=%7B%22index%22%3A0%7D
2021-01-16 01:29:21 HREF: Kosolov325 (usr:Kosolov325[(11,174,1)]) : tgui=1&window_id=browseroutput&type=telemetry&payload=%7B%22connections%22%3A%5B%7B%22ckey%22%3A%22kosolov325%22%2C%22address%22%3A%22187.19.213.194%22%2C%22computer_id%22%3A%22540227776%22%7D%2C%7B%22ckey%22%3A%22kosolov325%22%2C%22address%22%3A%22127.0.0.1%22%2C%22computer_id%22%3A%22540227776%22%7D%2C%7B%22ckey%22%3A%22kosolov325%22%2C%22address%22%3A%22187.19.214.146%22%2C%22computer_id%22%3A%22540227776%22%7D%2C%7B%22ckey%22%3A%22kosolov325%22%2C%22address%22%3A%22187.19.214.74%22%2C%22computer_id%22%3A%22540227776%22%7D%2C%7B%22ckey%22%3A%22kosolov325%22%2C%22address%22%3A%22187.19.212.218%22%2C%22computer_id%22%3A%22540227776%22%7D%5D%7D
2021-01-16 01:29:21 HREF: Kosolov325 (usr:Kosolov325[(11,174,1)]) : tgui=1&window_id=browseroutput&type=ping&payload=%7B%22index%22%3A1%7D
2021-01-16 01:29:21 HREF: Kosolov325 (usr:Kosolov325[(11,174,1)]) : 
2021-01-16 01:29:21 HREF: Kosolov325 (usr:Kosolov325[(11,174,1)]) : 
2021-01-16 01:29:21 HREF: Kosolov325 (usr:Kosolov325[(11,174,1)]) : tgui=1&window_id=browseroutput&type=ping&payload=%7B%22index%22%3A2%7D
2021-01-16 01:29:22 HREF: Kosolov325 (usr:Kosolov325[(11,174,1)]) : tgui=1&window_id=browseroutput&type=ping&payload=%7B%22index%22%3A3%7D
2021-01-16 01:29:24 HREF: Kosolov325 (usr:Kosolov325[(11,174,1)]) : tgui=1&window_id=browseroutput&type=ping&payload=%7B%22index%22%3A4%7D
2021-01-16 01:29:27 HREF: Kosolov325 (usr:Kosolov325[(11,174,1)]) : tgui=1&window_id=browseroutput&type=ping&payload=%7B%22index%22%3A5%7D
2021-01-16 01:29:39 HREF: Kosolov325 (usr:Kosolov325[(11,174,1)]) : tgui=1&window_id=browseroutput&type=ping&payload=%7B%22index%22%3A6%7D
2021-01-16 01:29:39 HREF: Kosolov325 (usr:Kosolov325[(11,174,1)]) : tgui=1&window_id=browseroutput&type=ping&payload=%7B%22index%22%3A7%7D
2021-01-16 01:29:39 HREF: Kosolov325 (usr:Kosolov325[(11,174,1)]) : tgui=1&window_id=browseroutput&type=ping&payload=%7B%22index%22%3A0%7D
2021-01-16 01:29:39 HREF: Kosolov325 (usr:Kosolov325[(11,174,1)]) : tgui=1&window_id=browseroutput&type=ping&payload=%7B%22index%22%3A1%7D
2021-01-16 01:29:40 HREF: Kosolov325 (usr:Kosolov325[(11,174,1)]) : tgui=1&window_id=browseroutput&type=ping&payload=%7B%22index%22%3A2%7D
2021-01-16 01:29:42 HREF: Kosolov325 (usr:Kosolov325[(11,174,1)]) : tgui=1&window_id=browseroutput&type=ping&payload=%7B%22index%22%3A3%7D
2021-01-16 01:29:44 HREF: Kosolov325 (usr:Kosolov325[(11,174,1)]) : tgui=1&window_id=browseroutput&type=ping&payload=%7B%22index%22%3A4%7D
2021-01-16 01:29:47 HREF: Kosolov325 (usr:Kosolov325[(11,174,1)]) : tgui=1&window_id=browseroutput&type=ping&payload=%7B%22index%22%3A5%7D
2021-01-16 01:29:49 HREF: Kosolov325 (usr:Kosolov325[(11,174,1)]) : tgui=1&window_id=browseroutput&type=ping&payload=%7B%22index%22%3A6%7D
2021-01-16 01:29:51 HREF: Kosolov325 (usr:Kosolov325[(11,174,1)]) : tgui=1&window_id=browseroutput&type=ping&payload=%7B%22index%22%3A7%7D
2021-01-16 01:29:54 HREF: Kosolov325 (usr:Kosolov325[(11,174,1)]) : tgui=1&window_id=browseroutput&type=ping&payload=%7B%22index%22%3A0%7D
2021-01-16 01:29:57 HREF: Kosolov325 (usr:Kosolov325[(11,174,1)]) : tgui=1&window_id=browseroutput&type=ping&payload=%7B%22index%22%3A1%7D
2021-01-16 01:29:59 HREF: Kosolov325 (usr:Kosolov325[(11,174,1)]) : tgui=1&window_id=browseroutput&type=ping&payload=%7B%22index%22%3A2%7D
2021-01-16 01:30:02 HREF: Kosolov325 (usr:Kosolov325[(11,174,1)]) : tgui=1&window_id=browseroutput&type=ping&payload=%7B%22index%22%3A3%7D
2021-01-16 01:30:04 HREF: Kosolov325 (usr:Kosolov325[(11,174,1)]) : tgui=1&window_id=browseroutput&type=ping&payload=%7B%22index%22%3A4%7D
2021-01-16 01:30:07 HREF: Kosolov325 (usr:Kosolov325[(11,174,1)]) : tgui=1&window_id=browseroutput&type=ping&payload=%7B%22index%22%3A5%7D
2021-01-16 01:30:09 HREF: Kosolov325 (usr:Kosolov325[(11,174,1)]) : tgui=1&window_id=browseroutput&type=ping&payload=%7B%22index%22%3A6%7D
2021-01-16 01:30:12 HREF: Kosolov325 (usr:Kosolov325[(11,174,1)]) : tgui=1&window_id=browseroutput&type=ping&payload=%7B%22index%22%3A7%7D
2021-01-16 01:30:14 HREF: Kosolov325 (usr:Kosolov325[(11,174,1)]) : tgui=1&window_id=browseroutput&type=ping&payload=%7B%22index%22%3A0%7D
2021-01-16 01:30:16 HREF: Kosolov325 (usr:Kosolov325[(11,174,1)]) : tgui=1&window_id=browseroutput&type=ping&payload=%7B%22index%22%3A1%7D
2021-01-16 01:30:19 HREF: Kosolov325 (usr:Kosolov325[(11,174,1)]) : tgui=1&window_id=browseroutput&type=ping&payload=%7B%22index%22%3A2%7D
2021-01-16 01:30:21 HREF: Kosolov325 (usr:Kosolov325[(11,174,1)]) : tgui=1&window_id=browseroutput&type=ping&payload=%7B%22index%22%3A3%7D
2021-01-16 01:30:24 HREF: Kosolov325 (usr:Kosolov325[(11,174,1)]) : tgui=1&window_id=browseroutput&type=ping&payload=%7B%22index%22%3A4%7D
2021-01-16 01:30:27 HREF: Kosolov325 (usr:Kosolov325[(11,174,1)]) : tgui=1&window_id=browseroutput&type=ping&payload=%7B%22index%22%3A5%7D
2021-01-16 01:30:29 HREF: Kosolov325 (usr:Kosolov325[(11,174,1)]) : tgui=1&window_id=browseroutput&type=ping&payload=%7B%22index%22%3A6%7D
2021-01-16 01:30:32 HREF: Kosolov325 (usr:Kosolov325[(11,174,1)]) : tgui=1&window_id=browseroutput&type=ping&payload=%7B%22index%22%3A7%7D
2021-01-16 01:30:34 HREF: Kosolov325 (usr:Kosolov325[(11,174,1)]) : tgui=1&window_id=browseroutput&type=ping&payload=%7B%22index%22%3A0%7D
2021-01-16 01:30:37 HREF: Kosolov325 (usr:Kosolov325[(11,174,1)]) : tgui=1&window_id=browseroutput&type=ping&payload=%7B%22index%22%3A1%7D
2021-01-16 01:30:38 HREF: Kosolov325 (usr:Kosolov325[(11,174,1)]) : Vote src=[0x21000052];vote=close
2021-01-16 01:30:39 HREF: Kosolov325 (usr:Kosolov325[(11,174,1)]) : tgui=1&window_id=browseroutput&type=ping&payload=%7B%22index%22%3A2%7D
2021-01-16 01:30:39 HREF: Kosolov325 (usr:Kosolov325[(11,174,1)]) : Kosolov325 src=[mob_156];show_preferences=1
2021-01-16 01:30:41 HREF: Kosolov325 (usr:Kosolov325[(11,174,1)]) : _src_=prefs;preference=trait;task=menu
2021-01-16 01:30:42 HREF: Kosolov325 (usr:Kosolov325[(11,174,1)]) : tgui=1&window_id=browseroutput&type=ping&payload=%7B%22index%22%3A3%7D
2021-01-16 01:30:44 HREF: Kosolov325 (usr:Kosolov325[(11,174,1)]) : tgui=1&window_id=browseroutput&type=ping&payload=%7B%22index%22%3A4%7D
2021-01-16 01:30:47 HREF: Kosolov325 (usr:Kosolov325[(11,174,1)]) : tgui=1&window_id=browseroutput&type=ping&payload=%7B%22index%22%3A5%7D
2021-01-16 01:30:47 HREF: Kosolov325 (usr:Kosolov325[(11,174,1)]) : _src_=prefs;preference=trait;task=update;trait=Smoker
2021-01-16 01:30:49 HREF: Kosolov325 (usr:Kosolov325[(11,174,1)]) : tgui=1&window_id=browseroutput&type=ping&payload=%7B%22index%22%3A6%7D
2021-01-16 01:30:52 HREF: Kosolov325 (usr:Kosolov325[(11,174,1)]) : tgui=1&window_id=browseroutput&type=ping&payload=%7B%22index%22%3A7%7D
2021-01-16 01:30:54 HREF: Kosolov325 (usr:Kosolov325[(11,174,1)]) : _src_=prefs;preference=trait;task=close
2021-01-16 01:30:54 HREF: Kosolov325 (usr:Kosolov325[(11,174,1)]) : tgui=1&window_id=browseroutput&type=ping&payload=%7B%22index%22%3A0%7D
2021-01-16 01:30:55 HREF: Kosolov325 (usr:Kosolov325[(11,174,1)]) : _src_=prefs;preference=save
2021-01-16 01:30:56 HREF: Kosolov325 (usr:Kosolov325[(11,174,1)]) : /datum/preferences close=1
2021-01-16 01:30:57 HREF: Kosolov325 (usr:Kosolov325[(11,174,1)]) : tgui=1&window_id=browseroutput&type=ping&payload=%7B%22index%22%3A1%7D
2021-01-16 01:30:57 HREF: Kosolov325 (usr:Kosolov325[(11,174,1)]) : Kosolov325 src=[mob_156];ready=1
2021-01-16 01:30:59 HREF: Kosolov325 (usr:Kosolov325[(11,174,1)]) : tgui=1&window_id=browseroutput&type=ping&payload=%7B%22index%22%3A2%7D
2021-01-16 01:31:02 HREF: Kosolov325 (usr:Kosolov325[(11,174,1)]) : tgui=1&window_id=browseroutput&type=ping&payload=%7B%22index%22%3A3%7D
2021-01-16 01:31:04 HREF: Kosolov325 (usr:Kosolov325[(11,174,1)]) : tgui=1&window_id=browseroutput&type=ping&payload=%7B%22index%22%3A4%7D
2021-01-16 01:31:07 HREF: Kosolov325 (usr:Kosolov325[(11,174,1)]) : tgui=1&window_id=browseroutput&type=ping&payload=%7B%22index%22%3A5%7D
2021-01-16 01:31:13 HREF: Kosolov325 (usr:[(150,134,2)]) : tgui=1&window_id=browseroutput&type=ping&payload=%7B%22index%22%3A6%7D
2021-01-16 01:31:16 HREF: Kosolov325 (usr:Grandpa Goodman[(150,134,2)]) : tgui=1&window_id=browseroutput&type=ping&payload=%7B%22index%22%3A7%7D
2021-01-16 01:31:18 HREF: Kosolov325 (usr:Grandpa Goodman[(150,134,2)]) : tgui=1&window_id=browseroutput&type=ping&payload=%7B%22index%22%3A0%7D
2021-01-16 01:31:21 HREF: Kosolov325 (usr:Grandpa Goodman[(150,134,2)]) : tgui=1&window_id=browseroutput&type=ping&payload=%7B%22index%22%3A1%7D
2021-01-16 01:31:23 HREF: Kosolov325 (usr:Grandpa Goodman[(150,134,2)]) : tgui=1&window_id=browseroutput&type=ping&payload=%7B%22index%22%3A2%7D
2021-01-16 01:31:26 HREF: Kosolov325 (usr:Grandpa Goodman[(150,134,2)]) : tgui=1&window_id=browseroutput&type=ping&payload=%7B%22index%22%3A3%7D
2021-01-16 01:31:28 HREF: Kosolov325 (usr:Grandpa Goodman[(150,134,2)]) : tgui=1&window_id=browseroutput&type=ping&payload=%7B%22index%22%3A4%7D
2021-01-16 01:31:31 HREF: Kosolov325 (usr:Grandpa Goodman[(150,134,2)]) : tgui=1&window_id=browseroutput&type=ping&payload=%7B%22index%22%3A5%7D
2021-01-16 01:31:33 HREF: Kosolov325 (usr:Grandpa Goodman[(150,134,2)]) : tgui=1&window_id=browseroutput&type=ping&payload=%7B%22index%22%3A6%7D
2021-01-16 01:31:36 HREF: Kosolov325 (usr:Grandpa Goodman[(150,134,2)]) : tgui=1&window_id=browseroutput&type=ping&payload=%7B%22index%22%3A7%7D
2021-01-16 01:31:38 HREF: Kosolov325 (usr:Grandpa Goodman[(150,134,2)]) : tgui=1&window_id=browseroutput&type=ping&payload=%7B%22index%22%3A0%7D
2021-01-16 01:31:41 HREF: Kosolov325 (usr:Grandpa Goodman[(150,134,2)]) : tgui=1&window_id=browseroutput&type=ping&payload=%7B%22index%22%3A1%7D
2021-01-16 01:31:43 HREF: Kosolov325 (usr:Grandpa Goodman[(150,134,2)]) : tgui=1&window_id=browseroutput&type=ping&payload=%7B%22index%22%3A2%7D
2021-01-16 01:31:46 HREF: Kosolov325 (usr:Grandpa Goodman[(150,134,2)]) : tgui=1&window_id=browseroutput&type=ping&payload=%7B%22index%22%3A3%7D
2021-01-16 01:31:48 HREF: Kosolov325 (usr:Grandpa Goodman[(150,134,2)]) : tgui=1&window_id=browseroutput&type=ping&payload=%7B%22index%22%3A4%7D
2021-01-16 01:31:51 HREF: Kosolov325 (usr:Grandpa Goodman[(150,134,2)]) : tgui=1&window_id=browseroutput&type=ping&payload=%7B%22index%22%3A5%7D
2021-01-16 01:31:53 HREF: Kosolov325 (usr:Grandpa Goodman[(150,134,2)]) : tgui=1&window_id=browseroutput&type=ping&payload=%7B%22index%22%3A6%7D
2021-01-16 01:31:56 HREF: Kosolov325 (usr:Grandpa Goodman[(150,134,2)]) : tgui=1&window_id=browseroutput&type=ping&payload=%7B%22index%22%3A7%7D
2021-01-16 01:31:58 HREF: Kosolov325 (usr:Grandpa Goodman[(150,134,2)]) : tgui=1&window_id=browseroutput&type=ping&payload=%7B%22index%22%3A0%7D
2021-01-16 01:32:01 HREF: Kosolov325 (usr:Grandpa Goodman[(150,134,2)]) : tgui=1&window_id=browseroutput&type=ping&payload=%7B%22index%22%3A1%7D
2021-01-16 01:32:03 HREF: Kosolov325 (usr:Grandpa Goodman[(150,134,2)]) : tgui=1&window_id=browseroutput&type=ping&payload=%7B%22index%22%3A2%7D
2021-01-16 01:32:06 HREF: Kosolov325 (usr:Grandpa Goodman[(150,134,2)]) : tgui=1&window_id=browseroutput&type=ping&payload=%7B%22index%22%3A3%7D
2021-01-16 01:32:08 HREF: Kosolov325 (usr:Grandpa Goodman[(150,134,2)]) : tgui=1&window_id=browseroutput&type=ping&payload=%7B%22index%22%3A4%7D
2021-01-16 01:32:11 HREF: Kosolov325 (usr:Grandpa Goodman[(150,134,2)]) : tgui=1&window_id=browseroutput&type=ping&payload=%7B%22index%22%3A5%7D
2021-01-16 01:32:13 HREF: Kosolov325 (usr:Grandpa Goodman[(150,134,2)]) : tgui=1&window_id=browseroutput&type=ping&payload=%7B%22index%22%3A6%7D
2021-01-16 01:32:16 HREF: Kosolov325 (usr:Grandpa Goodman[(150,134,2)]) : tgui=1&window_id=browseroutput&type=ping&payload=%7B%22index%22%3A7%7D
2021-01-16 01:32:18 HREF: Kosolov325 (usr:Grandpa Goodman[(149,134,2)]) : tgui=1&window_id=browseroutput&type=ping&payload=%7B%22index%22%3A0%7D
2021-01-16 01:32:21 HREF: Kosolov325 (usr:Grandpa Goodman[(150,133,2)]) : tgui=1&window_id=browseroutput&type=ping&payload=%7B%22index%22%3A1%7D
