2021-01-16 01:27:48 INIT: Initialized Profiler subsystem within 0 seconds!
2021-01-16 01:27:49 Fail2Topic: Failed to drop firewall rule. Exit code: 1.
2021-01-16 01:27:49 INIT: Initialized Fail2Topic subsystem within 1.2 seconds!
2021-01-16 01:27:49 INIT: Initialized Title Screen subsystem within 0.1 seconds!
2021-01-16 01:27:49 INIT: Initialized Database subsystem within 0 seconds!
2021-01-16 01:27:49 INIT: Initialized Stat Panels subsystem within 0 seconds!
2021-01-16 01:27:49 INIT: Initialized Blackbox subsystem within 0 seconds!
2021-01-16 01:27:49 INIT: Initialized Server Tasks subsystem within 0 seconds!
2021-01-16 01:27:49 INIT: Initialized Input subsystem within 0 seconds!
2021-01-16 01:27:49 INIT: Initialized Sounds subsystem within 0 seconds!
2021-01-16 01:27:49 INIT: Initialized Vis contents overlays subsystem within 0 seconds!
2021-01-16 01:27:49 INIT: Initialized Research subsystem within 0.1 seconds!
2021-01-16 01:27:49 INIT: Initialized Events subsystem within 0 seconds!
2021-01-16 01:27:49 INIT: Initialized Jobs subsystem within 0 seconds!
2021-01-16 01:27:49 INIT: Initialized Quirks subsystem within 0 seconds!
2021-01-16 01:27:49 INIT: Initialized Ticker subsystem within 0.1 seconds!
2021-01-16 01:27:49 INIT: Initialized Instruments subsystem within 0 seconds!
2021-01-16 01:28:18 INIT: Initialized Mapping subsystem within 28.7 seconds!
2021-01-16 01:28:18 INIT: Initialized Economy subsystem within 0 seconds!
2021-01-16 01:28:18 INIT: Initialized Networks subsystem within 0 seconds!
2021-01-16 01:28:18 INIT: Initialized Holodeck subsystem within 0 seconds!
2021-01-16 01:29:11 INIT: Initialized Atoms subsystem within 53.4 seconds!
2021-01-16 01:29:11 INIT: Initialized Language subsystem within 0 seconds!
2021-01-16 01:29:12 INIT: Initialized Machines subsystem within 0.6 seconds!
2021-01-16 01:29:12 INIT: Initialized Circuit subsystem within 0.3 seconds!
2021-01-16 01:29:13 INIT: Initialized Atmos Adjacency subsystem within 1.1 seconds!
2021-01-16 01:29:13 INIT: Initialized Autotransfer Vote subsystem within 0 seconds!
2021-01-16 01:29:13 INIT: Initialized Chemistry subsystem within 0 seconds!
2021-01-16 01:29:13 INIT: Initialized Status Effects subsystem within 0 seconds!
2021-01-16 01:29:13 INIT: Initialized Weather subsystem within 0 seconds!
2021-01-16 01:29:13 INIT: Initialized Disease subsystem within 0 seconds!
2021-01-16 01:29:13 INIT: Initialized Jukeboxes subsystem within 0 seconds!
2021-01-16 01:29:13 INIT: Initialized Medals subsystem within 0 seconds!
2021-01-16 01:29:14 INIT: Initialized Minimaps subsystem within 0.6 seconds!
2021-01-16 01:29:21 INIT: Initialized Minimum Spawns subsystem within 7.3 seconds!
2021-01-16 01:29:21 INIT: Initialized Night Shift subsystem within 0 seconds!
2021-01-16 01:29:21 INIT: Initialized Parallax subsystem within 0 seconds!
2021-01-16 01:29:21 INIT: Initialized Sun subsystem within 0 seconds!
2021-01-16 01:29:22 INIT: Initialized Traumas subsystem within 0.7 seconds!
2021-01-16 01:29:29 INIT: Initialized Atmospherics subsystem within 6.8 seconds!
2021-01-16 01:29:39 INIT: Initialized Assets subsystem within 9.9 seconds!
2021-01-16 01:29:45 INIT: Initialized Icon Smoothing subsystem within 6.2 seconds!
2021-01-16 01:29:46 INIT: Initialized Overlay subsystem within 1.2 seconds!
2021-01-16 01:29:46 INIT: Initialized XKeyScore subsystem within 0 seconds!
2021-01-16 01:29:46 INIT: Initialized Sticky Ban subsystem within 0 seconds!
2021-01-16 01:30:01 INIT: Initialized Lighting subsystem within 14.6 seconds!
2021-01-16 01:30:13 INIT: Initialized Shuttle subsystem within 12.9 seconds!
2021-01-16 01:30:14 INIT: Initialized Minor Mapping subsystem within 0.1 seconds!
2021-01-16 01:30:14 INIT: Initialized Pathfinder subsystem within 0.1 seconds!
2021-01-16 01:30:14 INIT: Initialized Persistence subsystem within 0.1 seconds!
2021-01-16 01:30:14 INIT: Initialized Chat subsystem within 0 seconds!
