2021-01-16 00:27:07 ADMIN: Loading Banlist
2021-01-16 00:27:07 ADMIN: Errored custom_items_whitelist line: JayEhh|ALL|ALL|/obj/item/custom/ceb_soap=1 - Path/number for item missing or invalid.
2021-01-16 00:27:10 GAME: Saved mode is 'extended'
2021-01-16 00:27:34 GAME: Hierophant's Arena loaded at 196,154,5
2021-01-16 00:27:34 GAME: Blood-Drunk Miner (Guidance) loaded at 93,69,5
2021-01-16 00:27:34 GAME: UFO Crash loaded at 179,123,5
2021-01-16 00:27:34 GAME: King Goat Boss Ruin loaded at 131,110,5
2021-01-16 00:27:35 GAME: Rogue's Arena loaded at 146,140,5
2021-01-16 00:27:35 GAME: Sif's Sword loaded at 84,139,5
2021-01-16 00:27:35 GAME: Pulsating Tumor loaded at 71,109,5
2021-01-16 00:27:35 GAME: Ruin of Envy loaded at 171,169,5
2021-01-16 00:27:35 GAME: Free Golem Ship loaded at 58,202,5
2021-01-16 00:27:35 GAME: Ruin of Pride loaded at 54,164,5
2021-01-16 00:27:35 GAME: Biodome Beach loaded at 139,22,5
2021-01-16 00:27:35 GAME: Survival Capsule Ruins loaded at 107,59,5
2021-01-16 00:27:35 GAME: Survival Capsule Ruins loaded at 74,128,5
2021-01-16 00:27:35 GAME: Abandoned Teleporter loaded at 91,29,3
2021-01-16 00:27:36 GAME: Whiteship Dock loaded at 121,74,3
2021-01-16 00:27:36 GAME: Salvation loaded at 42,72,7
2021-01-16 00:27:36 GAME: Syndicate Listening Station loaded at 62,137,3
2021-01-16 00:27:36 GAME: Feline-Human Combination Den loaded at 136,197,7
2021-01-16 00:27:36 GAME: Big Ape loaded at 162,65,6
2021-01-16 00:27:36 GAME: Dinner for Two loaded at 80,208,3
2021-01-16 00:27:36 GAME: NT Medical Ship loaded at 125,186,3
2021-01-16 00:27:37 GAME: The Twin-Nexus Hotel loaded at 64,71,4
2021-01-16 00:27:37 GAME: Survivalist Bunker loaded at 171,115,7
2021-01-16 00:27:38 GAME: Asteroid 5 loaded at 166,105,4
2021-01-16 00:27:38 GAME: Detached Teleporter loaded at 132,139,7
2021-01-16 00:27:38 GAME: Space Diner loaded at 91,92,7
2021-01-16 00:27:38 GAME: Abandoned Telecommunications Satellite loaded at 149,122,3
2021-01-16 00:27:38 GAME: Derelict 1 loaded at 67,133,7
2021-01-16 00:27:38 GAME: Syndicate Ambush loaded at 105,38,7
2021-01-16 00:27:39 GAME: Mineable Asteroid 2 loaded at 102,212,2
2021-01-16 00:27:39 GAME: Mineable Asteroid 5 loaded at 46,33,2
2021-01-16 00:27:39 GAME: Maze Roid loaded at 192,217,2
2021-01-16 00:27:39 GAME: Mineable Asteroid 4 loaded at 34,208,2
2021-01-16 00:27:39 GAME: Monitoring Roid loaded at 212,22,2
2021-01-16 00:27:39 GAME: Dead wizard Roid loaded at 169,27,2
2021-01-16 00:27:39 GAME: Crab Roid loaded at 131,215,2
2021-01-16 00:27:39 GAME: Mineable Asteroid 1 loaded at 205,199,2
2021-01-16 00:27:39 GAME: Mineable Asteroid 3 loaded at 49,208,2
2021-01-16 00:27:39 GAME: Mineable Asteroid 1 loaded at 77,24,2
2021-01-16 00:27:39 GAME: Box P.A.C.M.A.N loaded at 96,49,2
2021-01-16 00:27:40 GAME: Public Mining Base loaded at 1,1,5
2021-01-16 00:29:14 GAME: Backup Shuttle loaded at 10,10,9
2021-01-16 00:29:14 GAME: assault pod (Default) loaded at 18,10,9
2021-01-16 00:29:15 GAME: basic syndicate infiltrator loaded at 25,10,9
2021-01-16 00:29:15 GAME: fancy transport ferry loaded at 42,10,9
2021-01-16 00:29:16 GAME: Box Station Emergency Shuttle loaded at 55,10,9
2021-01-16 00:29:16 GAME: cargo ferry (Box) loaded at 66,10,9
2021-01-16 00:29:17 GAME: escape pod (Default) loaded at 73,10,9
2021-01-16 00:29:17 GAME: escape pod (Default) loaded at 76,10,9
2021-01-16 00:29:18 GAME: auxilliary base (Default) loaded at 79,10,9
2021-01-16 00:29:18 GAME: arrival shuttle (Box) loaded at 88,10,9
2021-01-16 00:29:18 GAME: mining shuttle (Box) loaded at 103,10,9
2021-01-16 00:29:18 GAME: labour shuttle (Box) loaded at 108,10,9
2021-01-16 00:29:18 GAME: escape pod (Default) loaded at 113,10,9
2021-01-16 00:29:18 GAME: escape pod (Default) loaded at 116,10,9
2021-01-16 00:29:21 GAME: Hospital Ship loaded at 119,10,9
2021-01-16 00:29:21 GAME: Syndicate Fighter loaded at 149,10,9
2021-01-16 00:29:22 GAME: Small Freighter loaded at 154,10,9
2021-01-16 00:29:23 GAME: Pirate Cutter loaded at 175,10,9
2021-01-16 00:29:23 GAME: Syndicate Dropship loaded at 197,10,9
2021-01-16 00:33:02 VOTE: Roundtype vote started by server.
2021-01-16 00:33:03 ACCESS: Login: Kosolov325 from 127.0.0.1-540227776 || BYOND v513.1528
2021-01-16 00:33:03 ACCESS: Mob Login: Kosolov325/(Kosolov325) was assigned to a /mob/dead/new_player
2021-01-16 00:33:03 GAME: Kosolov325/(Kosolov325) Client Kosolov325/(Kosolov325) has taken ownership of mob Kosolov325(/mob/dead/new_player) (start area (11, 174, 1))
2021-01-16 00:34:06 VOTE: <b>Roundtype Vote</b><b>Vote Result: Inconclusive - No Votes!</b>
2021-01-16 00:34:45 SAY: *no key*/(Prison Ofitser) "Engaging patrol mode." (Labor Camp Security (23, 36, 5))
2021-01-16 00:34:45 SAY: *no key*/(Prison Ofitser) "Disengaging patrol mode." (Labor Camp Security (23, 36, 5))
2021-01-16 00:34:45 SAY: *no key*/(Officer Beepsky) "Engaging patrol mode." (Fore Maintenance (93, 159, 2))
2021-01-16 00:34:47 EMOTE: *no key*/(mouse) runs in a circle. (Port Maintenance (83, 134, 2))
2021-01-16 00:34:51 SAY: *no key*/(mouse) "SQUEAK!" FORCED by poly (Port Maintenance (80, 132, 2))
2021-01-16 00:34:51 EMOTE: *no key*/(Pegwing) turns and flies towards the pirate's bedsheet. (Pirate Cutter (157, 76, 7))
2021-01-16 00:34:51 EMOTE: *no key*/(Poly) squawks. (Chief Engineer's Office (116, 83, 2))
2021-01-16 00:34:55 EMOTE: *no key*/(Poly) squawks. (Chief Engineer's Office (117, 83, 2))
2021-01-16 00:34:59 EMOTE: *no key*/(Poly) turns and flies towards the ÿZippo lighter. (Chief Engineer's Office (117, 83, 2))
2021-01-16 00:34:59 SAY: *no key*/(Poly) "Poly wanna cracker!" FORCED by poly (Chief Engineer's Office (117, 83, 2))
2021-01-16 00:35:03 SAY: *no key*/(Nobody's Perfect) "Radar, put a mask on!" (Wizard's Den (24, 75, 1))
2021-01-16 00:35:03 EMOTE: *no key*/(ÿchicken) flaps its wings viciously. (Holding Facility (102, 74, 1))
2021-01-16 00:35:07 EMOTE: *no key*/(monkey (565)) waves his tail. (Virology (161, 100, 2))
2021-01-16 00:35:07 SAY: *no key*/(ÿMedibot) "Delicious!" (CentCom Transport Shuttle Dock (155, 73, 1))
2021-01-16 00:35:11 EMOTE: *no key*/(monkey (164)) jumps! (Virology (161, 100, 2))
2021-01-16 00:35:22 EMOTE: *no key*/(Tom) runs in a circle. (Prison Wing (103, 191, 2))
2021-01-16 00:35:26 EMOTE: *no key*/(Runtime) stretches out for a belly rub. (Chief Medical Officer's Office (157, 109, 2))
2021-01-16 00:35:28 EMOTE: *no key*/(Runtime) gets up and meows. (Chief Medical Officer's Office (157, 109, 2))
2021-01-16 00:35:28 SAY: *no key*/(mouse) "Squeak?" FORCED by poly (Starboard Bow Solar Maintenance (161, 162, 2))
2021-01-16 00:35:28 SAY: *no key*/(mouse) "Squeak?" FORCED by poly (Port Quarter Maintenance (103, 95, 2))
2021-01-16 00:35:28 SAY: *no key*/(Poly) "Check the crystal, you chucklefucks!" FORCED by poly (Chief Engineer's Office (118, 83, 2))
2021-01-16 00:35:30 EMOTE: *no key*/(grey baby slime (828)) jiggles! (Xenobiology Lab (166, 94, 2))
2021-01-16 00:35:32 EMOTE: *no key*/(monkey (400)) scratches. (Genetics Lab (160, 119, 2))
2021-01-16 00:35:34 EMOTE: *no key*/(crab) clacks. (Unexplored Location (155, 31, 5))
2021-01-16 00:35:36 EMOTE: *no key*/(monkey (261)) waves his tail. (Virology (161, 100, 2))
2021-01-16 00:35:40 EMOTE: *no key*/(Poly) flutters its wings. (Chief Engineer's Office (118, 83, 2))
2021-01-16 00:35:42 SAY: *no key*/(mouse) "Squeak?" FORCED by poly (Starboard Bow Solar Maintenance (160, 162, 2))
2021-01-16 00:35:42 SAY: *no key*/(Poly) "Check the crystal, you chucklefucks!" FORCED by poly (Chief Engineer's Office (118, 83, 2))
2021-01-16 00:35:44 EMOTE: *no key*/(raving crab) clacks. (Unexplored Location (140, 224, 2))
2021-01-16 00:35:44 SAY: *no key*/(Accidents Happen) "I knew it, I should&#39;ve been a plastic surgeon." (Hotel Staff Room (97, 102, 4))
2021-01-16 00:35:50 SAY: *no key*/(Poly) "Wire the solars, you lazy bums!" FORCED by poly (Chief Engineer's Office (118, 83, 2))
2021-01-16 00:35:52 EMOTE: *no key*/(Runtime) lies down. (Chief Medical Officer's Office (157, 107, 2))
2021-01-16 00:35:58 SAY: *no key*/(mouse) "SQUEAK!" FORCED by poly (Port Maintenance (83, 135, 2))
2021-01-16 00:36:00 SAY: *no key*/(Poly) "OH GOD ITS ABOUT TO DELAMINATE CALL THE SHUTTLE" FORCED by poly (Chief Engineer's Office (118, 83, 2))
2021-01-16 00:36:02 SAY: *no key*/(Poly) "Poly wanna cracker!" FORCED by poly (Chief Engineer's Office (118, 83, 2))
2021-01-16 00:36:08 EMOTE: *no key*/(monkey (331)) rolls. (Genetics Lab (160, 120, 2))
2021-01-16 00:36:08 EMOTE: *no key*/(mouse) runs in a circle. (Morgue Maintenance (163, 123, 2))
2021-01-16 00:36:14 SAY: *no key*/(space cat) "HSSSSS" FORCED by poly (Kitty Den (145, 214, 7))
2021-01-16 00:36:14 SAY: *no key*/(Poly) "The things I&#39;ve seen!" FORCED by poly (Chief Engineer's Office (118, 83, 2))
2021-01-16 00:36:16 EMOTE: *no key*/(monkey (565)) waves his tail. (Virology (158, 101, 2))
2021-01-16 00:36:18 EMOTE: *no key*/(space cat) grooms its fur. (Kitty Den (145, 214, 7))
2021-01-16 00:36:20 EMOTE: *no key*/(Poly) bawks! (Chief Engineer's Office (118, 83, 2))
2021-01-16 00:36:22 EMOTE: *no key*/(crab) clacks. (Unexplored Location (156, 31, 5))
2021-01-16 00:36:24 SAY: *no key*/(cow) "moo?" FORCED by poly (Holding Facility (104, 74, 1))
2021-01-16 00:36:26 SAY: *no key*/(mouse) "Squeak!" FORCED by poly (Port Maintenance (82, 134, 2))
2021-01-16 00:36:30 SAY: *no key*/(cow) "moo" FORCED by poly (Holding Facility (104, 74, 1))
2021-01-16 00:36:32 EMOTE: *no key*/(Runtime) mews. (Chief Medical Officer's Office (157, 107, 2))
2021-01-16 00:36:34 SAY: *no key*/(Runtime) "HSSSSS" FORCED by poly (Chief Medical Officer's Office (157, 107, 2))
2021-01-16 00:36:40 SAY: *no key*/(Poly) "Wire the solars, you lazy bums!" FORCED by poly (Chief Engineer's Office (118, 83, 2))
2021-01-16 00:36:44 SAY: *no key*/(grey baby slime (975)) "Blop..." (Xenobiology Lab (175, 93, 2))
2021-01-16 00:36:44 EMOTE: *no key*/(Renault) shakes its head. (Captain's Office (120, 130, 2))
2021-01-16 00:36:50 SAY: *no key*/(Poly) "OH GOD ITS ABOUT TO DELAMINATE CALL THE SHUTTLE" FORCED by poly (Chief Engineer's Office (118, 83, 2))
2021-01-16 00:36:56 EMOTE: *no key*/(monkey (71)) waves her tail. (Genetics Lab (160, 118, 2))
2021-01-16 00:36:56 EMOTE: *no key*/(Poly) flutters its wings. (Chief Engineer's Office (118, 83, 2))
2021-01-16 00:36:56 SAY: *no key*/(Hijikata) "Radar, put a mask on!" (Holding Facility (104, 53, 1))
2021-01-16 00:36:58 EMOTE: *no key*/(Poly) squawks. (Chief Engineer's Office (118, 83, 2))
2021-01-16 00:37:02 EMOTE: *no key*/(mouse) squeaks. (Port Maintenance (83, 137, 2))
2021-01-16 00:37:08 EMOTE: *no key*/(monkey (978)) waves her tail. (Genetics Lab (161, 117, 2))
2021-01-16 00:37:10 SAY: *no key*/(mouse) "Squeak!" FORCED by poly (Port Quarter Maintenance (102, 95, 2))
2021-01-16 00:37:10 EMOTE: *no key*/(Bumbles (594)) is looking very sleepy. (Hydroponics (160, 138, 2))
2021-01-16 00:37:10 EMOTE: *no key*/(Poly) bawks! (Chief Engineer's Office (118, 83, 2))
2021-01-16 00:37:14 EMOTE: *no key*/(monkey (565)) rolls. (Virology (157, 100, 2))
2021-01-16 00:37:14 EMOTE: *no key*/(monkey (596)) jumps! (Genetics Lab (161, 120, 2))
2021-01-16 00:37:14 SAY: *no key*/(Poly) "WHO TOOK THE DAMN HARDSUITS?" FORCED by poly (Chief Engineer's Office (118, 83, 2))
2021-01-16 00:37:15 SAY: *no key*/(cow) "moo?" FORCED by poly (Holding Facility (102, 74, 1))
2021-01-16 00:37:23 SAY: *no key*/(Poly) "Check the crystal, you chucklefucks!" FORCED by poly (Chief Engineer's Office (118, 83, 2))
2021-01-16 00:37:25 SAY: *no key*/(Poly) "Check the crystal, you chucklefucks!" FORCED by poly (Chief Engineer's Office (118, 83, 2))
2021-01-16 00:37:31 EMOTE: *no key*/(raving crab) clicks. (Unexplored Location (139, 222, 2))
2021-01-16 00:37:31 EMOTE: *no key*/(raving crab) clicks. (Unexplored Location (139, 224, 2))
2021-01-16 00:37:35 EMOTE: *no key*/(mouse) shakes. (Port Quarter Maintenance (104, 95, 2))
2021-01-16 00:37:38 EMOTE: *no key*/(Runtime) crouches on its hind legs. (Chief Medical Officer's Office (157, 107, 2))
2021-01-16 00:37:39 EMOTE: *no key*/(Paperwork) snores. (Cargo Bay (82, 123, 2))
2021-01-16 00:37:41 EMOTE: *no key*/(Poly) bawks! (Chief Engineer's Office (118, 83, 2))
2021-01-16 00:37:41 SAY: *no key*/(Hattori) "Radar, put a mask on!" (Holding Facility (108, 45, 1))
2021-01-16 00:37:42 EMOTE: *no key*/(monkey (164)) waves his tail. (Virology (158, 101, 2))
2021-01-16 00:37:46 EMOTE: *no key*/(Ian) dances around. (Head of Personnel's Office (106, 120, 2))
2021-01-16 00:37:49 EMOTE: *no key*/(space cat) mews. (Kitty Den (146, 213, 7))
2021-01-16 00:37:51 SAY: *no key*/(Pegwing) "BAWWWWK george mellons griffing me!" FORCED by poly (Pirate Cutter (163, 79, 7))
2021-01-16 00:37:51 EMOTE: *no key*/(raving crab) clicks. (Unexplored Location (140, 222, 2))
2021-01-16 00:37:54 EMOTE: *no key*/(monkey (206)) scratches. (Genetics Lab (160, 118, 2))
2021-01-16 00:37:55 SAY: *no key*/(mouse) "Squeak?" FORCED by poly (Aft Maintenance (146, 99, 2))
2021-01-16 00:37:55 SAY: *no key*/(cow) "moo" FORCED by poly (Holding Facility (101, 74, 1))
2021-01-16 00:37:56 EMOTE: *no key*/(grey baby slime (828)) lights up for a bit, then stops. (Xenobiology Lab (167, 94, 2))
2021-01-16 00:38:01 EMOTE: *no key*/(cow) brays. (Holding Facility (101, 74, 1))
2021-01-16 00:38:05 EMOTE: *no key*/(monkey (261)) waves his tail. (Virology (160, 101, 2))
2021-01-16 00:38:05 EMOTE: *no key*/(raving crab) clacks. (Unexplored Location (139, 223, 2))
2021-01-16 00:38:07 EMOTE: *no key*/(crab) clicks. (Unexplored Location (145, 34, 5))
2021-01-16 00:38:08 SAY: *no key*/(grey baby slime (975)) "Rawr..." (Xenobiology Lab (176, 92, 2))
2021-01-16 00:38:09 EMOTE: *no key*/(Bumbles (594)) stops resting. (Hydroponics (160, 138, 2))
2021-01-16 00:38:11 SAY: *no key*/(Hattori) "Delicious!" (Holding Facility (108, 45, 1))
2021-01-16 00:38:14 EMOTE: *no key*/(Bubbles) scratches. (Bar (141, 138, 2))
2021-01-16 00:38:16 EMOTE: *no key*/(space cat) stretches out for a belly rub. (Kitty Den (145, 212, 7))
2021-01-16 00:38:17 SAY: *no key*/(ÿMedibot) "There&#39;s always a catch, and I&#39;m the best there is." (CentCom Transport Shuttle Dock (154, 73, 1))
2021-01-16 00:38:18 EMOTE: *no key*/(monkey (206)) jumps! (Genetics Lab (160, 116, 2))
2021-01-16 00:38:21 EMOTE: *no key*/(crab) clicks. (Unexplored Location (144, 34, 5))
2021-01-16 00:38:21 EMOTE: *no key*/(Poly) bawks! (Chief Engineer's Office (118, 83, 2))
2021-01-16 00:38:23 SAY: *no key*/(Poly) "The things I&#39;ve seen!" FORCED by poly (Chief Engineer's Office (118, 83, 2))
2021-01-16 00:38:25 EMOTE: *no key*/(Poly) flutters its wings. (Chief Engineer's Office (118, 83, 2))
2021-01-16 00:38:29 EMOTE: *no key*/(monkey (978)) rolls. (Genetics Lab (160, 117, 2))
2021-01-16 00:38:33 SAY: *no key*/(Poly) "WHO TOOK THE DAMN HARDSUITS?" FORCED by poly (Chief Engineer's Office (118, 83, 2))
2021-01-16 00:38:35 SAY: *no key*/(Poly) "WHO TOOK THE DAMN HARDSUITS?" FORCED by poly (Chief Engineer's Office (118, 83, 2))
2021-01-16 00:38:39 EMOTE: *no key*/(Runtime) wags its tail. (Chief Medical Officer's Office (157, 107, 2))
2021-01-16 00:38:39 EMOTE: *no key*/(crab) clacks. (Unexplored Location (144, 34, 5))
2021-01-16 00:38:43 EMOTE: *no key*/(raving crab) clacks. (Unexplored Location (140, 222, 2))
2021-01-16 00:38:45 EMOTE: *no key*/(Bumbles (594)) looks around for a flower nap  (Hydroponics (162, 140, 2))
2021-01-16 00:38:47 EMOTE: *no key*/(Bumbles (594)) wakes up with a smiling buzz. (Hydroponics (162, 140, 2))
2021-01-16 00:38:51 EMOTE: *no key*/(Runtime) stretches out for a belly rub. (Chief Medical Officer's Office (157, 107, 2))
2021-01-16 00:38:51 SAY: *no key*/(mouse) "Squeak!" FORCED by poly (Starboard Bow Maintenance (165, 142, 2))
2021-01-16 00:38:53 EMOTE: *no key*/(Bumbles (594)) curls up on the surface below  (Hydroponics (162, 140, 2))
2021-01-16 00:39:05 EMOTE: *no key*/(monkey (331)) scratches. (Genetics Lab (160, 120, 2))
2021-01-16 00:39:11 EMOTE: *no key*/(space cat) stretches out for a belly rub. (Kitty Den (145, 212, 7))
2021-01-16 00:39:11 EMOTE: *no key*/(monkey (565)) waves his tail. (Virology (158, 101, 2))
2021-01-16 00:39:17 EMOTE: *no key*/(monkey (331)) jumps! (Genetics Lab (160, 120, 2))
2021-01-16 00:39:17 EMOTE: *no key*/(Poly) flutters its wings. (Chief Engineer's Office (118, 83, 2))
2021-01-16 00:39:19 EMOTE: *no key*/(monkey (596)) jumps! (Genetics Lab (160, 116, 2))
2021-01-16 00:39:22 GAME: Random Event triggering: Minor Space Dust (/datum/round_event/space_dust)
2021-01-16 00:39:25 GAME: *no key*/(Kosolov325) *no key*/(Kosolov325) is no longer owning mob Kosolov325(/mob/dead/new_player) (start area (11, 174, 1))
2021-01-16 00:39:25 ACCESS: Mob Login: Kosolov325/(Grandpa Goodman) was assigned to a /mob/living/carbon/human
2021-01-16 00:39:25 GAME: Kosolov325/(Grandpa Goodman) Client Kosolov325/(Grandpa Goodman) has taken ownership of mob (/mob/living/carbon/human) (start area (11, 174, 1))
2021-01-16 00:39:34 EMOTE: *no key*/(raving crab) clicks. (Unexplored Location (140, 224, 2))
2021-01-16 00:39:36 EMOTE: *no key*/(Runtime) walks around. (Chief Medical Officer's Office (157, 107, 2))
2021-01-16 00:39:40 EMOTE: *no key*/(mouse) squeaks. (Starboard Bow Maintenance (141, 146, 2))
2021-01-16 00:39:46 EMOTE: *no key*/(monkey (400)) waves her tail. (Genetics Lab (160, 120, 2))
2021-01-16 00:39:48 EMOTE: *no key*/(monkey (331)) scratches. (Genetics Lab (161, 120, 2))
2021-01-16 00:39:48 SAY: *no key*/(Poly) "Poly wanna cracker!" FORCED by poly (Chief Engineer's Office (118, 83, 2))
2021-01-16 00:39:56 SAY: *no key*/(Poly) "Check the crystal, you chucklefucks!" FORCED by poly (Chief Engineer's Office (118, 83, 2))
2021-01-16 00:39:58 EMOTE: *no key*/(Poly) flutters its wings. (Chief Engineer's Office (118, 83, 2))
2021-01-16 00:40:00 EMOTE: *no key*/(space cat) sits down. (Kitty Den (145, 212, 7))
2021-01-16 00:40:02 EMOTE: *no key*/(mouse) runs in a circle. (Starboard Bow Maintenance (169, 147, 2))
2021-01-16 00:40:02 SAY: *no key*/(Poly) "Wire the solars, you lazy bums!" FORCED by poly (Chief Engineer's Office (118, 83, 2))
2021-01-16 00:40:04 SAY: *no key*/(Runtime) "HSSSSS" FORCED by poly (Chief Medical Officer's Office (158, 108, 2))
2021-01-16 00:40:08 EMOTE: *no key*/(raving crab) clacks. (Unexplored Location (138, 223, 2))
2021-01-16 00:40:12 EMOTE: *no key*/(monkey (978)) waves her tail. (Genetics Lab (161, 118, 2))
2021-01-16 00:40:14 EMOTE: *no key*/(Poly) flutters its wings. (Chief Engineer's Office (118, 83, 2))
2021-01-16 00:40:16 SAY: *no key*/(Pegwing) "BAWWWWK george mellons griffing me!" FORCED by poly (Pirate Cutter (163, 79, 7))
2021-01-16 00:40:16 EMOTE: *no key*/(Paperwork) yawns. (Cargo Bay (82, 121, 2))
2021-01-16 00:40:18 EMOTE: *no key*/(crab) clicks. (Unexplored Location (157, 40, 5))
2021-01-16 00:40:18 SAY: *no key*/(ÿchicken) "BWAAAAARK BWAK BWAK BWAK!" FORCED by poly (Holding Facility (99, 73, 1))
2021-01-16 00:40:30 EMOTE: *no key*/(space cat) stops resting. (Kitty Den (145, 212, 7))
2021-01-16 00:40:30 EMOTE: *no key*/(Bumbles (594)) makes a loud buzz. (Hydroponics (162, 140, 2))
2021-01-16 00:40:32 EMOTE: *no key*/(crab) clicks. (Unexplored Location (147, 34, 5))
2021-01-16 00:40:36 EMOTE: *no key*/(Poly) flutters its wings. (Chief Engineer's Office (118, 83, 2))
2021-01-16 00:40:38 EMOTE: *no key*/(Poly) squawks. (Chief Engineer's Office (118, 83, 2))
2021-01-16 00:40:44 SAY: *no key*/(Poly) "OH GOD ITS ABOUT TO DELAMINATE CALL THE SHUTTLE" FORCED by poly (Chief Engineer's Office (118, 83, 2))
