2021-01-16 14:46:46 INIT: Initialized Profiler subsystem within 0 seconds!
2021-01-16 14:46:46 Fail2Topic: Failed to drop firewall rule. Exit code: 1.
2021-01-16 14:46:46 INIT: Initialized Fail2Topic subsystem within 0.5 seconds!
2021-01-16 14:46:46 INIT: Initialized Title Screen subsystem within 0 seconds!
2021-01-16 14:46:46 INIT: Initialized Database subsystem within 0 seconds!
2021-01-16 14:46:46 INIT: Initialized Stat Panels subsystem within 0 seconds!
2021-01-16 14:46:46 INIT: Initialized Blackbox subsystem within 0 seconds!
2021-01-16 14:46:46 INIT: Initialized Server Tasks subsystem within 0 seconds!
2021-01-16 14:46:46 INIT: Initialized Input subsystem within 0 seconds!
2021-01-16 14:46:46 INIT: Initialized Sounds subsystem within 0 seconds!
2021-01-16 14:46:46 INIT: Initialized Vis contents overlays subsystem within 0 seconds!
2021-01-16 14:46:46 INIT: Initialized Research subsystem within 0 seconds!
2021-01-16 14:46:46 INIT: Initialized Events subsystem within 0 seconds!
2021-01-16 14:46:46 INIT: Initialized Jobs subsystem within 0.1 seconds!
2021-01-16 14:46:46 INIT: Initialized Quirks subsystem within 0 seconds!
2021-01-16 14:46:46 INIT: Initialized Ticker subsystem within 0 seconds!
2021-01-16 14:46:46 INIT: Initialized Instruments subsystem within 0 seconds!
2021-01-16 14:47:09 INIT: Initialized Mapping subsystem within 22.8 seconds!
2021-01-16 14:47:09 INIT: Initialized Economy subsystem within 0 seconds!
2021-01-16 14:47:09 INIT: Initialized Networks subsystem within 0 seconds!
2021-01-16 14:47:09 INIT: Initialized Holodeck subsystem within 0 seconds!
2021-01-16 14:47:54 INIT: Initialized Atoms subsystem within 44.6 seconds!
2021-01-16 14:47:54 INIT: Initialized Language subsystem within 0.1 seconds!
2021-01-16 14:47:54 INIT: Initialized Machines subsystem within 0.2 seconds!
2021-01-16 14:47:54 INIT: Initialized Circuit subsystem within 0.1 seconds!
2021-01-16 14:47:55 INIT: Initialized Atmos Adjacency subsystem within 1 second!
2021-01-16 14:47:55 INIT: Initialized Autotransfer Vote subsystem within 0 seconds!
2021-01-16 14:47:55 INIT: Initialized Chemistry subsystem within 0 seconds!
2021-01-16 14:47:55 INIT: Initialized Status Effects subsystem within 0 seconds!
2021-01-16 14:47:55 INIT: Initialized Weather subsystem within 0 seconds!
2021-01-16 14:47:55 INIT: Initialized Disease subsystem within 0 seconds!
2021-01-16 14:47:55 INIT: Initialized Jukeboxes subsystem within 0 seconds!
2021-01-16 14:47:55 INIT: Initialized Medals subsystem within 0 seconds!
2021-01-16 14:47:56 INIT: Initialized Minimaps subsystem within 0.4 seconds!
2021-01-16 14:48:02 INIT: Initialized Minimum Spawns subsystem within 6 seconds!
2021-01-16 14:48:02 INIT: Initialized Night Shift subsystem within 0 seconds!
2021-01-16 14:48:02 INIT: Initialized Parallax subsystem within 0 seconds!
2021-01-16 14:48:02 INIT: Initialized Sun subsystem within 0 seconds!
2021-01-16 14:48:02 INIT: Initialized Traumas subsystem within 0.5 seconds!
2021-01-16 14:48:07 INIT: Initialized Atmospherics subsystem within 4.9 seconds!
2021-01-16 14:48:15 INIT: Initialized Assets subsystem within 8.1 seconds!
2021-01-16 14:48:21 INIT: Initialized Icon Smoothing subsystem within 5.9 seconds!
2021-01-16 14:48:22 INIT: Initialized Overlay subsystem within 1 second!
2021-01-16 14:48:22 INIT: Initialized XKeyScore subsystem within 0 seconds!
2021-01-16 14:48:22 INIT: Initialized Sticky Ban subsystem within 0 seconds!
2021-01-16 14:48:31 INIT: Initialized Lighting subsystem within 8.6 seconds!
2021-01-16 14:48:37 INIT: Initialized Shuttle subsystem within 6.6 seconds!
2021-01-16 14:48:37 INIT: Initialized Minor Mapping subsystem within 0.1 seconds!
2021-01-16 14:48:37 INIT: Initialized Pathfinder subsystem within 0 seconds!
2021-01-16 14:48:37 INIT: Initialized Persistence subsystem within 0.1 seconds!
2021-01-16 14:48:37 INIT: Initialized Chat subsystem within 0 seconds!
