2021-01-16 13:45:58 INIT: Initialized Profiler subsystem within 0 seconds!
2021-01-16 13:48:04 Fail2Topic: Failed to drop firewall rule. Exit code: 1.
2021-01-16 13:48:04 INIT: Initialized Fail2Topic subsystem within 125.3 seconds!
2021-01-16 13:48:04 INIT: Initialized Title Screen subsystem within 0.1 seconds!
2021-01-16 13:48:04 INIT: Initialized Database subsystem within 0 seconds!
2021-01-16 13:48:04 INIT: Initialized Stat Panels subsystem within 0 seconds!
2021-01-16 13:48:04 INIT: Initialized Blackbox subsystem within 0 seconds!
2021-01-16 13:48:04 INIT: Initialized Server Tasks subsystem within 0 seconds!
2021-01-16 13:48:04 INIT: Initialized Input subsystem within 0 seconds!
2021-01-16 13:48:04 INIT: Initialized Sounds subsystem within 0 seconds!
2021-01-16 13:48:04 INIT: Initialized Vis contents overlays subsystem within 0 seconds!
2021-01-16 13:48:04 INIT: Initialized Research subsystem within 0.1 seconds!
2021-01-16 13:48:04 INIT: Initialized Events subsystem within 0 seconds!
2021-01-16 13:48:04 INIT: Initialized Jobs subsystem within 0 seconds!
2021-01-16 13:48:04 INIT: Initialized Quirks subsystem within 0 seconds!
2021-01-16 13:48:04 INIT: Initialized Ticker subsystem within 0 seconds!
2021-01-16 13:48:04 INIT: Initialized Instruments subsystem within 0 seconds!
2021-01-16 13:48:37 INIT: Initialized Mapping subsystem within 33.2 seconds!
2021-01-16 13:48:37 INIT: Initialized Economy subsystem within 0 seconds!
2021-01-16 13:48:37 INIT: Initialized Networks subsystem within 0 seconds!
2021-01-16 13:48:37 INIT: Initialized Holodeck subsystem within 0 seconds!
2021-01-16 13:49:32 INIT: Initialized Atoms subsystem within 54.4 seconds!
2021-01-16 13:49:32 INIT: Initialized Language subsystem within 0 seconds!
2021-01-16 13:49:32 INIT: Initialized Machines subsystem within 0.3 seconds!
2021-01-16 13:49:32 INIT: Initialized Circuit subsystem within 0.2 seconds!
2021-01-16 13:49:33 INIT: Initialized Atmos Adjacency subsystem within 0.8 seconds!
2021-01-16 13:49:33 INIT: Initialized Autotransfer Vote subsystem within 0 seconds!
2021-01-16 13:49:33 INIT: Initialized Chemistry subsystem within 0 seconds!
2021-01-16 13:49:33 INIT: Initialized Status Effects subsystem within 0 seconds!
2021-01-16 13:49:33 INIT: Initialized Weather subsystem within 0 seconds!
2021-01-16 13:49:33 INIT: Initialized Disease subsystem within 0 seconds!
2021-01-16 13:49:33 INIT: Initialized Jukeboxes subsystem within 0 seconds!
2021-01-16 13:49:33 INIT: Initialized Medals subsystem within 0 seconds!
2021-01-16 13:49:33 INIT: Initialized Minimaps subsystem within 0.4 seconds!
2021-01-16 13:49:42 INIT: Initialized Minimum Spawns subsystem within 8.9 seconds!
2021-01-16 13:49:42 INIT: Initialized Night Shift subsystem within 0 seconds!
2021-01-16 13:49:42 INIT: Initialized Parallax subsystem within 0 seconds!
2021-01-16 13:49:42 INIT: Initialized Sun subsystem within 0 seconds!
2021-01-16 13:49:43 INIT: Initialized Traumas subsystem within 0.7 seconds!
2021-01-16 13:49:51 INIT: Initialized Atmospherics subsystem within 8.2 seconds!
2021-01-16 13:50:16 INIT: Initialized Assets subsystem within 25 seconds!
2021-01-16 13:50:21 INIT: Initialized Icon Smoothing subsystem within 4.8 seconds!
2021-01-16 13:50:23 INIT: Initialized Overlay subsystem within 1.6 seconds!
2021-01-16 13:50:23 INIT: Initialized XKeyScore subsystem within 0 seconds!
2021-01-16 13:50:23 INIT: Initialized Sticky Ban subsystem within 0 seconds!
