2021-01-16 14:35:14 INIT: Initialized Profiler subsystem within 0 seconds!
2021-01-16 14:35:25 Fail2Topic: Failed to drop firewall rule. Exit code: -1.07374e+009.
2021-01-16 14:35:25 INIT: Initialized Fail2Topic subsystem within 10.5 seconds!
2021-01-16 14:35:25 INIT: Initialized Title Screen subsystem within 0.2 seconds!
2021-01-16 14:35:25 INIT: Initialized Database subsystem within 0 seconds!
2021-01-16 14:35:25 INIT: Initialized Stat Panels subsystem within 0 seconds!
2021-01-16 14:35:25 INIT: Initialized Blackbox subsystem within 0 seconds!
2021-01-16 14:35:25 INIT: Initialized Server Tasks subsystem within 0 seconds!
2021-01-16 14:35:25 INIT: Initialized Input subsystem within 0 seconds!
2021-01-16 14:35:25 INIT: Initialized Sounds subsystem within 0 seconds!
2021-01-16 14:35:25 INIT: Initialized Vis contents overlays subsystem within 0 seconds!
2021-01-16 14:35:25 INIT: Initialized Research subsystem within 0.1 seconds!
2021-01-16 14:35:25 INIT: Initialized Events subsystem within 0 seconds!
2021-01-16 14:35:25 INIT: Initialized Jobs subsystem within 0 seconds!
2021-01-16 14:35:25 INIT: Initialized Quirks subsystem within 0 seconds!
2021-01-16 14:35:25 INIT: Initialized Ticker subsystem within 0 seconds!
2021-01-16 14:35:25 INIT: Initialized Instruments subsystem within 0.1 seconds!
2021-01-16 14:36:14 INIT: Initialized Mapping subsystem within 48.4 seconds!
2021-01-16 14:36:14 INIT: Initialized Economy subsystem within 0 seconds!
2021-01-16 14:36:14 INIT: Initialized Networks subsystem within 0 seconds!
2021-01-16 14:36:14 INIT: Initialized Holodeck subsystem within 0 seconds!
2021-01-16 14:37:00 INIT: Initialized Atoms subsystem within 46.1 seconds!
2021-01-16 14:37:00 INIT: Initialized Language subsystem within 0 seconds!
2021-01-16 14:37:00 INIT: Initialized Machines subsystem within 0.2 seconds!
2021-01-16 14:37:00 INIT: Initialized Circuit subsystem within 0.2 seconds!
2021-01-16 14:37:01 INIT: Initialized Atmos Adjacency subsystem within 0.9 seconds!
2021-01-16 14:37:01 INIT: Initialized Autotransfer Vote subsystem within 0 seconds!
2021-01-16 14:37:01 INIT: Initialized Chemistry subsystem within 0 seconds!
2021-01-16 14:37:01 INIT: Initialized Status Effects subsystem within 0 seconds!
2021-01-16 14:37:01 INIT: Initialized Weather subsystem within 0 seconds!
2021-01-16 14:37:01 INIT: Initialized Disease subsystem within 0 seconds!
2021-01-16 14:37:01 INIT: Initialized Jukeboxes subsystem within 0 seconds!
2021-01-16 14:37:01 INIT: Initialized Medals subsystem within 0 seconds!
2021-01-16 14:37:01 INIT: Initialized Minimaps subsystem within 0.3 seconds!
2021-01-16 14:37:08 INIT: Initialized Minimum Spawns subsystem within 6.9 seconds!
2021-01-16 14:37:08 INIT: Initialized Night Shift subsystem within 0 seconds!
2021-01-16 14:37:08 INIT: Initialized Parallax subsystem within 0 seconds!
2021-01-16 14:37:08 INIT: Initialized Sun subsystem within 0 seconds!
2021-01-16 14:37:09 INIT: Initialized Traumas subsystem within 0.5 seconds!
2021-01-16 14:37:13 INIT: Initialized Atmospherics subsystem within 4.5 seconds!
2021-01-16 14:37:30 INIT: Initialized Assets subsystem within 16.3 seconds!
2021-01-16 14:37:34 INIT: Initialized Icon Smoothing subsystem within 4.3 seconds!
2021-01-16 14:37:35 INIT: Initialized Overlay subsystem within 1.4 seconds!
2021-01-16 14:37:35 INIT: Initialized XKeyScore subsystem within 0 seconds!
2021-01-16 14:37:35 INIT: Initialized Sticky Ban subsystem within 0 seconds!
2021-01-16 14:37:44 INIT: Initialized Lighting subsystem within 8.4 seconds!
2021-01-16 14:37:54 INIT: Initialized Shuttle subsystem within 9.9 seconds!
2021-01-16 14:37:54 INIT: Initialized Minor Mapping subsystem within 0.1 seconds!
2021-01-16 14:37:54 INIT: Initialized Pathfinder subsystem within 0 seconds!
2021-01-16 14:37:54 INIT: Initialized Persistence subsystem within 0.2 seconds!
2021-01-16 14:37:54 INIT: Initialized Chat subsystem within 0 seconds!
