2021-01-16 15:26:35 Starting up round ID .
2021-01-16 15:26:35 -------------------------
2021-01-16 15:41:53 HREF: Kosolov325 (usr:Kosolov325[(11,174,1)]) : tgui=1&window_id=browseroutput&type=ready
2021-01-16 15:41:54 HREF: Kosolov325 (usr:Kosolov325[(11,174,1)]) : tgui=1&window_id=browseroutput&type=ping&payload=%7B%22index%22%3A0%7D
2021-01-16 15:41:59 HREF: Kosolov325 (usr:Kosolov325[(11,174,1)]) : tgui=1&window_id=browseroutput&type=telemetry&payload=%7B%22connections%22%3A%5B%7B%22ckey%22%3A%22kosolov325%22%2C%22address%22%3A%22187.19.213.194%22%2C%22computer_id%22%3A%22540227776%22%7D%2C%7B%22ckey%22%3A%22kosolov325%22%2C%22address%22%3A%22127.0.0.1%22%2C%22computer_id%22%3A%22540227776%22%7D%2C%7B%22ckey%22%3A%22kosolov325%22%2C%22address%22%3A%22187.19.214.146%22%2C%22computer_id%22%3A%22540227776%22%7D%2C%7B%22ckey%22%3A%22kosolov325%22%2C%22address%22%3A%22187.19.214.74%22%2C%22computer_id%22%3A%22540227776%22%7D%2C%7B%22ckey%22%3A%22kosolov325%22%2C%22address%22%3A%22187.19.212.218%22%2C%22computer_id%22%3A%22540227776%22%7D%5D%7D
2021-01-16 15:42:00 HREF: Kosolov325 (usr:Kosolov325[(11,174,1)]) : 
2021-01-16 15:42:00 HREF: Kosolov325 (usr:Kosolov325[(11,174,1)]) : 
2021-01-16 15:42:00 HREF: Kosolov325 (usr:Kosolov325[(11,174,1)]) : tgui=1&window_id=browseroutput&type=ping&payload=%7B%22index%22%3A1%7D
2021-01-16 15:42:00 HREF: Kosolov325 (usr:Kosolov325[(11,174,1)]) : asset_cache_preload_data=%7B%22padlock.png%22%3A%22fd54303923e9086cd6b61a9c4c454f12%22%2C%22asset.0860cded2abd3cfbf9ba06ae1cfa18fb.css%22%3A%220860cded2abd3cfbf9ba06ae1cfa18fb%22%2C%22tgui-common.chunk.js%22%3A%226d94f1d50e6aa913f14647eed362bc14%22%2C%22tgui-panel.bundle.js%22%3A%22e3d3b435528bc5133e87c8d1172315c4%22%2C%22tgui-panel.bundle.css%22%3A%22a9dd91be63779f8ffec162acb3a8ff49%22%7D
2021-01-16 15:42:02 HREF: Kosolov325 (usr:Kosolov325[(11,174,1)]) : tgui=1&window_id=browseroutput&type=ping&payload=%7B%22index%22%3A2%7D
2021-01-16 15:42:05 HREF: Kosolov325 (usr:Kosolov325[(11,174,1)]) : tgui=1&window_id=browseroutput&type=ping&payload=%7B%22index%22%3A3%7D
2021-01-16 15:42:07 HREF: Kosolov325 (usr:Kosolov325[(11,174,1)]) : tgui=1&window_id=browseroutput&type=ping&payload=%7B%22index%22%3A4%7D
2021-01-16 15:42:10 HREF: Kosolov325 (usr:Kosolov325[(11,174,1)]) : tgui=1&window_id=browseroutput&type=ping&payload=%7B%22index%22%3A5%7D
2021-01-16 15:42:12 HREF: Kosolov325 (usr:Kosolov325[(11,174,1)]) : tgui=1&window_id=browseroutput&type=ping&payload=%7B%22index%22%3A6%7D
2021-01-16 15:42:15 HREF: Kosolov325 (usr:Kosolov325[(11,174,1)]) : tgui=1&window_id=browseroutput&type=ping&payload=%7B%22index%22%3A7%7D
2021-01-16 15:42:17 HREF: Kosolov325 (usr:Kosolov325[(11,174,1)]) : tgui=1&window_id=browseroutput&type=ping&payload=%7B%22index%22%3A0%7D
2021-01-16 15:42:20 HREF: Kosolov325 (usr:Kosolov325[(11,174,1)]) : tgui=1&window_id=browseroutput&type=ping&payload=%7B%22index%22%3A1%7D
2021-01-16 15:42:22 HREF: Kosolov325 (usr:Kosolov325[(11,174,1)]) : tgui=1&window_id=browseroutput&type=ping&payload=%7B%22index%22%3A2%7D
2021-01-16 15:42:25 HREF: Kosolov325 (usr:Kosolov325[(11,174,1)]) : tgui=1&window_id=browseroutput&type=ping&payload=%7B%22index%22%3A3%7D
2021-01-16 15:42:27 HREF: Kosolov325 (usr:Kosolov325[(11,174,1)]) : tgui=1&window_id=browseroutput&type=ping&payload=%7B%22index%22%3A4%7D
2021-01-16 15:42:30 HREF: Kosolov325 (usr:Kosolov325[(11,174,1)]) : tgui=1&window_id=browseroutput&type=ping&payload=%7B%22index%22%3A5%7D
2021-01-16 15:42:32 HREF: Kosolov325 (usr:Kosolov325[(11,174,1)]) : tgui=1&window_id=browseroutput&type=ping&payload=%7B%22index%22%3A6%7D
2021-01-16 15:42:35 HREF: Kosolov325 (usr:Kosolov325[(11,174,1)]) : tgui=1&window_id=browseroutput&type=ping&payload=%7B%22index%22%3A7%7D
2021-01-16 15:42:37 HREF: Kosolov325 (usr:Kosolov325[(11,174,1)]) : tgui=1&window_id=browseroutput&type=ping&payload=%7B%22index%22%3A0%7D
2021-01-16 15:42:40 HREF: Kosolov325 (usr:Kosolov325[(11,174,1)]) : tgui=1&window_id=browseroutput&type=ping&payload=%7B%22index%22%3A1%7D
2021-01-16 15:42:42 HREF: Kosolov325 (usr:Kosolov325[(11,174,1)]) : tgui=1&window_id=browseroutput&type=ping&payload=%7B%22index%22%3A2%7D
2021-01-16 15:42:45 HREF: Kosolov325 (usr:Kosolov325[(11,174,1)]) : tgui=1&window_id=browseroutput&type=ping&payload=%7B%22index%22%3A3%7D
2021-01-16 15:42:47 HREF: Kosolov325 (usr:Kosolov325[(11,174,1)]) : tgui=1&window_id=browseroutput&type=ping&payload=%7B%22index%22%3A4%7D
2021-01-16 15:42:50 HREF: Kosolov325 (usr:Kosolov325[(11,174,1)]) : tgui=1&window_id=browseroutput&type=ping&payload=%7B%22index%22%3A5%7D
2021-01-16 15:42:52 HREF: Kosolov325 (usr:Kosolov325[(11,174,1)]) : tgui=1&window_id=browseroutput&type=ping&payload=%7B%22index%22%3A6%7D
2021-01-16 15:42:55 HREF: Kosolov325 (usr:Kosolov325[(11,174,1)]) : tgui=1&window_id=browseroutput&type=ping&payload=%7B%22index%22%3A7%7D
2021-01-16 15:42:58 HREF: Kosolov325 (usr:Kosolov325[(11,174,1)]) : tgui=1&window_id=browseroutput&type=ping&payload=%7B%22index%22%3A0%7D
2021-01-16 15:43:00 HREF: Kosolov325 (usr:Kosolov325[(11,174,1)]) : tgui=1&window_id=browseroutput&type=ping&payload=%7B%22index%22%3A1%7D
2021-01-16 15:43:02 HREF: Kosolov325 (usr:Kosolov325[(11,174,1)]) : tgui=1&window_id=browseroutput&type=ping&payload=%7B%22index%22%3A2%7D
2021-01-16 15:43:05 HREF: Kosolov325 (usr:Kosolov325[(11,174,1)]) : tgui=1&window_id=browseroutput&type=ping&payload=%7B%22index%22%3A3%7D
2021-01-16 15:43:08 HREF: Kosolov325 (usr:Kosolov325[(11,174,1)]) : tgui=1&window_id=browseroutput&type=ping&payload=%7B%22index%22%3A4%7D
2021-01-16 15:43:10 HREF: Kosolov325 (usr:Kosolov325[(11,174,1)]) : tgui=1&window_id=browseroutput&type=ping&payload=%7B%22index%22%3A5%7D
2021-01-16 15:43:13 HREF: Kosolov325 (usr:Kosolov325[(11,174,1)]) : tgui=1&window_id=browseroutput&type=ping&payload=%7B%22index%22%3A6%7D
2021-01-16 15:43:15 HREF: Kosolov325 (usr:Kosolov325[(11,174,1)]) : tgui=1&window_id=browseroutput&type=ping&payload=%7B%22index%22%3A7%7D
2021-01-16 15:43:18 HREF: Kosolov325 (usr:Kosolov325[(11,174,1)]) : tgui=1&window_id=browseroutput&type=ping&payload=%7B%22index%22%3A0%7D
2021-01-16 15:43:20 HREF: Kosolov325 (usr:Kosolov325[(11,174,1)]) : tgui=1&window_id=browseroutput&type=ping&payload=%7B%22index%22%3A1%7D
2021-01-16 15:43:23 HREF: Kosolov325 (usr:Kosolov325[(11,174,1)]) : tgui=1&window_id=browseroutput&type=ping&payload=%7B%22index%22%3A2%7D
2021-01-16 15:43:25 HREF: Kosolov325 (usr:Kosolov325[(11,174,1)]) : tgui=1&window_id=browseroutput&type=ping&payload=%7B%22index%22%3A3%7D
2021-01-16 15:43:28 HREF: Kosolov325 (usr:Kosolov325[(11,174,1)]) : tgui=1&window_id=browseroutput&type=ping&payload=%7B%22index%22%3A4%7D
2021-01-16 15:43:30 HREF: Kosolov325 (usr:Kosolov325[(11,174,1)]) : tgui=1&window_id=browseroutput&type=ping&payload=%7B%22index%22%3A5%7D
2021-01-16 15:43:33 HREF: Kosolov325 (usr:Kosolov325[(11,174,1)]) : tgui=1&window_id=browseroutput&type=ping&payload=%7B%22index%22%3A6%7D
2021-01-16 15:43:35 HREF: Kosolov325 (usr:Kosolov325[(11,174,1)]) : tgui=1&window_id=browseroutput&type=ping&payload=%7B%22index%22%3A7%7D
2021-01-16 15:43:38 HREF: Kosolov325 (usr:Kosolov325[(11,174,1)]) : tgui=1&window_id=browseroutput&type=ping&payload=%7B%22index%22%3A0%7D
2021-01-16 15:43:40 HREF: Kosolov325 (usr:Kosolov325[(11,174,1)]) : tgui=1&window_id=browseroutput&type=ping&payload=%7B%22index%22%3A1%7D
2021-01-16 15:43:43 HREF: Kosolov325 (usr:Kosolov325[(11,174,1)]) : tgui=1&window_id=browseroutput&type=ping&payload=%7B%22index%22%3A2%7D
2021-01-16 15:43:45 HREF: Kosolov325 (usr:Kosolov325[(11,174,1)]) : tgui=1&window_id=browseroutput&type=ping&payload=%7B%22index%22%3A3%7D
2021-01-16 15:43:48 HREF: Kosolov325 (usr:Kosolov325[(11,174,1)]) : tgui=1&window_id=browseroutput&type=ping&payload=%7B%22index%22%3A4%7D
2021-01-16 15:43:50 HREF: Kosolov325 (usr:Kosolov325[(11,174,1)]) : _src_=vars;admin_token=40099103010571784303111063901508864;datumedit=TRUE;target=[0x100a55a];targetvar=icon
2021-01-16 15:43:53 HREF: Kosolov325 (usr:Kosolov325[(11,174,1)]) : _src_=vars;admin_token=40099103010571784303111063901508864;datumedit=TRUE;target=[0x100a55a];targetvar=icon
2021-01-16 15:43:53 HREF: Kosolov325 (usr:Kosolov325[(11,174,1)]) : tgui=1&window_id=browseroutput&type=ping&payload=%7B%22index%22%3A5%7D
2021-01-16 15:43:56 HREF: Kosolov325 (usr:Kosolov325[(11,174,1)]) : tgui=1&window_id=browseroutput&type=ping&payload=%7B%22index%22%3A6%7D
2021-01-16 15:44:17 HREF: Kosolov325 (usr:Kosolov325[(11,174,1)]) : tgui=1&window_id=browseroutput&type=ready
2021-01-16 15:44:17 HREF: Kosolov325 (usr:Kosolov325[(11,174,1)]) : tgui=1&window_id=browseroutput&type=ping&payload=%7B%22index%22%3A0%7D
2021-01-16 15:44:18 HREF: Kosolov325 (usr:Kosolov325[(11,174,1)]) : tgui=1&window_id=browseroutput&type=telemetry&payload=%7B%22connections%22%3A%5B%7B%22ckey%22%3A%22kosolov325%22%2C%22address%22%3A%22187.19.213.194%22%2C%22computer_id%22%3A%22540227776%22%7D%2C%7B%22ckey%22%3A%22kosolov325%22%2C%22address%22%3A%22127.0.0.1%22%2C%22computer_id%22%3A%22540227776%22%7D%2C%7B%22ckey%22%3A%22kosolov325%22%2C%22address%22%3A%22187.19.214.146%22%2C%22computer_id%22%3A%22540227776%22%7D%2C%7B%22ckey%22%3A%22kosolov325%22%2C%22address%22%3A%22187.19.214.74%22%2C%22computer_id%22%3A%22540227776%22%7D%2C%7B%22ckey%22%3A%22kosolov325%22%2C%22address%22%3A%22187.19.212.218%22%2C%22computer_id%22%3A%22540227776%22%7D%5D%7D
2021-01-16 15:44:19 HREF: Kosolov325 (usr:Kosolov325[(11,174,1)]) : 
2021-01-16 15:44:19 HREF: Kosolov325 (usr:Kosolov325[(11,174,1)]) : 
2021-01-16 15:44:19 HREF: Kosolov325 (usr:Kosolov325[(11,174,1)]) : asset_cache_preload_data=%7B%22padlock.png%22%3A%22fd54303923e9086cd6b61a9c4c454f12%22%2C%22asset.0860cded2abd3cfbf9ba06ae1cfa18fb.css%22%3A%220860cded2abd3cfbf9ba06ae1cfa18fb%22%2C%22tgui-common.chunk.js%22%3A%226d94f1d50e6aa913f14647eed362bc14%22%2C%22tgui-panel.bundle.js%22%3A%22e3d3b435528bc5133e87c8d1172315c4%22%2C%22tgui-panel.bundle.css%22%3A%22a9dd91be63779f8ffec162acb3a8ff49%22%7D
2021-01-16 15:44:20 HREF: Kosolov325 (usr:Kosolov325[(11,174,1)]) : tgui=1&window_id=browseroutput&type=ping&payload=%7B%22index%22%3A1%7D
2021-01-16 15:44:22 HREF: Kosolov325 (usr:Kosolov325[(11,174,1)]) : tgui=1&window_id=browseroutput&type=ping&payload=%7B%22index%22%3A2%7D
2021-01-16 15:44:25 HREF: Kosolov325 (usr:Kosolov325[(11,174,1)]) : tgui=1&window_id=browseroutput&type=ping&payload=%7B%22index%22%3A3%7D
2021-01-16 15:44:27 HREF: Kosolov325 (usr:Kosolov325[(11,174,1)]) : tgui=1&window_id=browseroutput&type=ping&payload=%7B%22index%22%3A4%7D
2021-01-16 15:44:30 HREF: Kosolov325 (usr:Kosolov325[(11,174,1)]) : tgui=1&window_id=browseroutput&type=ping&payload=%7B%22index%22%3A5%7D
2021-01-16 15:44:32 HREF: Kosolov325 (usr:Kosolov325[(11,174,1)]) : tgui=1&window_id=browseroutput&type=ping&payload=%7B%22index%22%3A6%7D
2021-01-16 15:44:35 HREF: Kosolov325 (usr:Kosolov325[(11,174,1)]) : tgui=1&window_id=browseroutput&type=ping&payload=%7B%22index%22%3A7%7D
2021-01-16 15:44:37 HREF: Kosolov325 (usr:Kosolov325[(11,174,1)]) : tgui=1&window_id=browseroutput&type=ping&payload=%7B%22index%22%3A0%7D
2021-01-16 15:44:40 HREF: Kosolov325 (usr:Kosolov325[(11,174,1)]) : tgui=1&window_id=browseroutput&type=ping&payload=%7B%22index%22%3A1%7D
2021-01-16 15:44:42 HREF: Kosolov325 (usr:Kosolov325[(11,174,1)]) : tgui=1&window_id=browseroutput&type=ping&payload=%7B%22index%22%3A2%7D
2021-01-16 15:44:45 HREF: Kosolov325 (usr:Kosolov325[(11,174,1)]) : _src_=vars;admin_token=40099103010571784303111063901508864;datumedit=TRUE;target=[0x100a55a];targetvar=icon
2021-01-16 15:44:45 HREF: Kosolov325 (usr:Kosolov325[(11,174,1)]) : tgui=1&window_id=browseroutput&type=ping&payload=%7B%22index%22%3A3%7D
2021-01-16 15:44:48 HREF: Kosolov325 (usr:Kosolov325[(11,174,1)]) : tgui=1&window_id=browseroutput&type=ping&payload=%7B%22index%22%3A4%7D
2021-01-16 15:44:50 HREF: Kosolov325 (usr:Kosolov325[(11,174,1)]) : tgui=1&window_id=browseroutput&type=ping&payload=%7B%22index%22%3A5%7D
2021-01-16 15:44:53 HREF: Kosolov325 (usr:Kosolov325[(11,174,1)]) : tgui=1&window_id=browseroutput&type=ping&payload=%7B%22index%22%3A6%7D
2021-01-16 15:44:55 HREF: Kosolov325 (usr:Kosolov325[(11,174,1)]) : tgui=1&window_id=browseroutput&type=ping&payload=%7B%22index%22%3A7%7D
2021-01-16 15:44:58 HREF: Kosolov325 (usr:Kosolov325[(11,174,1)]) : tgui=1&window_id=browseroutput&type=ping&payload=%7B%22index%22%3A0%7D
2021-01-16 15:45:00 HREF: Kosolov325 (usr:Kosolov325[(11,174,1)]) : tgui=1&window_id=browseroutput&type=ping&payload=%7B%22index%22%3A1%7D
2021-01-16 15:45:03 HREF: Kosolov325 (usr:Kosolov325[(11,174,1)]) : tgui=1&window_id=browseroutput&type=ping&payload=%7B%22index%22%3A2%7D
2021-01-16 15:45:06 HREF: Kosolov325 (usr:Kosolov325[(11,174,1)]) : tgui=1&window_id=browseroutput&type=ping&payload=%7B%22index%22%3A3%7D
2021-01-16 15:45:08 HREF: Kosolov325 (usr:Kosolov325[(11,174,1)]) : tgui=1&window_id=browseroutput&type=ping&payload=%7B%22index%22%3A4%7D
2021-01-16 15:45:11 HREF: Kosolov325 (usr:Kosolov325[(11,174,1)]) : tgui=1&window_id=browseroutput&type=ping&payload=%7B%22index%22%3A5%7D
2021-01-16 15:45:13 HREF: Kosolov325 (usr:Kosolov325[(11,174,1)]) : tgui=1&window_id=browseroutput&type=ping&payload=%7B%22index%22%3A6%7D
2021-01-16 15:45:16 HREF: Kosolov325 (usr:Kosolov325[(11,174,1)]) : tgui=1&window_id=browseroutput&type=ping&payload=%7B%22index%22%3A7%7D
2021-01-16 15:45:18 HREF: Kosolov325 (usr:Kosolov325[(11,174,1)]) : tgui=1&window_id=browseroutput&type=ping&payload=%7B%22index%22%3A0%7D
2021-01-16 15:45:21 HREF: Kosolov325 (usr:Kosolov325[(11,174,1)]) : tgui=1&window_id=browseroutput&type=ping&payload=%7B%22index%22%3A1%7D
2021-01-16 15:45:23 HREF: Kosolov325 (usr:Kosolov325[(11,174,1)]) : tgui=1&window_id=browseroutput&type=ping&payload=%7B%22index%22%3A2%7D
2021-01-16 15:45:26 HREF: Kosolov325 (usr:Kosolov325[(11,174,1)]) : tgui=1&window_id=browseroutput&type=ping&payload=%7B%22index%22%3A3%7D
2021-01-16 15:45:28 HREF: Kosolov325 (usr:Kosolov325[(11,174,1)]) : tgui=1&window_id=browseroutput&type=ping&payload=%7B%22index%22%3A4%7D
2021-01-16 15:45:31 HREF: Kosolov325 (usr:Kosolov325[(11,174,1)]) : tgui=1&window_id=browseroutput&type=ping&payload=%7B%22index%22%3A5%7D
