2021-01-15 13:29:20 ASSET: Sending asset `fa-regular-400.eot` to client `Kosolov325` as `fa-regular-400.eot`
2021-01-15 13:29:20 ASSET: Sending asset `fa-regular-400.woff` to client `Kosolov325` as `fa-regular-400.woff`
2021-01-15 13:29:20 ASSET: Sending asset `fa-solid-900.eot` to client `Kosolov325` as `fa-solid-900.eot`
2021-01-15 13:29:20 ASSET: Sending asset `fa-solid-900.woff` to client `Kosolov325` as `fa-solid-900.woff`
2021-01-15 13:29:20 ASSET: Sending asset `font-awesome.css` to client `Kosolov325` as `font-awesome.css`
2021-01-15 13:29:20 ASSET: Sending asset `v4shim.css` to client `Kosolov325` as `v4shim.css`
2021-01-15 13:29:20 ASSET: Sending asset `spritesheet_chat.css` to client `Kosolov325` as `asset.2c25ca64eda15ca14b14c7d727158b78.css`
2021-01-15 13:29:20 ASSET: Sending asset `chat_16x16.png` to client `Kosolov325` as `asset.2af133447f004b16af9f38045c39229f.png`
2021-01-15 13:29:20 ASSET: Sending asset `chat_32x32.png` to client `Kosolov325` as `asset.9fb3455e39c1c40b9eb331534ba43cf4.png`
2021-01-15 13:29:22 ASSET: Sending asset `jquery.min.js` to client `Kosolov325` as `jquery.min.js`
2021-01-15 13:31:00 ASSET: Sending asset `asset.35f749e1b56a69919a43f7842a079f63.png` to client `Kosolov325` as `asset.e177fdb1d1fdd7073e2f753f8ba6015a.png`
2021-01-15 13:31:13 ASSET: Sending asset `asset.b172a48c44658104939a7a6714a8be4e.png` to client `Kosolov325` as `asset.d4d01a61fe29147783fa0f19db8394b0.png`
2021-01-15 13:31:14 ASSET: Sending asset `asset.0bc61683df6e16805f4dff1739288374.png` to client `Kosolov325` as `asset.c146e554fae9a7fa1431dc71ea9ea2c7.png`
2021-01-15 13:31:14 ASSET: Sending asset `asset.63d8b94db24e1f0ec4cb5dc60b17ccd3.png` to client `Kosolov325` as `asset.aaf9fda6d8ae346a3cb47d0880205f1c.png`
2021-01-15 13:31:14 ASSET: Sending asset `asset.3f4e281b153cac2f60aaad7bb7b63924.png` to client `Kosolov325` as `asset.285558aedbd2055e507f9b4290b1b12e.png`
2021-01-15 13:31:14 ASSET: Sending asset `asset.cb1f34a53b5f3206fcf69e6459ae1636.png` to client `Kosolov325` as `asset.42d265f818f06d68d03cedf9b4e4eb65.png`
2021-01-15 13:31:14 ASSET: Sending asset `asset.9eda9cf4bba64b071298d77b464e53f7.png` to client `Kosolov325` as `asset.41fd8328307ce6b808621c087de220a3.png`
2021-01-15 13:31:14 ASSET: Sending asset `asset.c198e1b1b2a23c66753a2a74f8589b31.png` to client `Kosolov325` as `asset.0d89b1be722e817ee7fc10ab19ed4f84.png`
2021-01-15 13:31:14 ASSET: Sending asset `asset.64ec86d9c913a4d60b9f7d3e578cd30e.png` to client `Kosolov325` as `asset.ddf9079227c25bc7e4ff1d41c05e81fe.png`
2021-01-15 13:35:02 ASSET: Sending asset `tgui.bundle.js` to client `Kosolov325` as `tgui.bundle.js`
2021-01-15 13:35:02 ASSET: Sending asset `tgui.bundle.css` to client `Kosolov325` as `tgui.bundle.css`
2021-01-15 13:35:02 ASSET: Sending asset `spritesheet_vending.css` to client `Kosolov325` as `asset.fe52636e4b419a89d889d9a2d3aa6e2c.css`
2021-01-15 13:35:02 ASSET: Sending asset `vending_32x32.png` to client `Kosolov325` as `asset.84de6f2b76632b3800588a4be65ad409.png`
2021-01-15 13:50:40 ASSET: Sending asset `tgui-common.chunk.js` to client `Kosolov325` as `tgui-common.chunk.js`
2021-01-15 13:50:40 ASSET: Sending asset `tgui-panel.bundle.js` to client `Kosolov325` as `tgui-panel.bundle.js`
2021-01-15 13:50:40 ASSET: Sending asset `tgui-panel.bundle.css` to client `Kosolov325` as `tgui-panel.bundle.css`
2021-01-15 13:50:54 ASSET: Sending asset `fa-regular-400.eot` to client `Kosolov325` as `fa-regular-400.eot`
2021-01-15 13:50:54 ASSET: Sending asset `fa-regular-400.woff` to client `Kosolov325` as `fa-regular-400.woff`
2021-01-15 13:50:54 ASSET: Sending asset `fa-solid-900.eot` to client `Kosolov325` as `fa-solid-900.eot`
2021-01-15 13:50:54 ASSET: Sending asset `fa-solid-900.woff` to client `Kosolov325` as `fa-solid-900.woff`
2021-01-15 13:50:54 ASSET: Sending asset `font-awesome.css` to client `Kosolov325` as `font-awesome.css`
2021-01-15 13:50:54 ASSET: Sending asset `v4shim.css` to client `Kosolov325` as `v4shim.css`
2021-01-15 13:50:54 ASSET: Sending asset `spritesheet_chat.css` to client `Kosolov325` as `asset.2c25ca64eda15ca14b14c7d727158b78.css`
2021-01-15 13:50:54 ASSET: Sending asset `chat_16x16.png` to client `Kosolov325` as `asset.2af133447f004b16af9f38045c39229f.png`
2021-01-15 13:50:54 ASSET: Sending asset `chat_32x32.png` to client `Kosolov325` as `asset.9fb3455e39c1c40b9eb331534ba43cf4.png`
2021-01-15 13:51:01 ASSET: Sending asset `jquery.min.js` to client `Kosolov325` as `jquery.min.js`
2021-01-15 13:51:17 ASSET: Sending asset `asset.35f749e1b56a69919a43f7842a079f63.png` to client `Kosolov325` as `asset.e177fdb1d1fdd7073e2f753f8ba6015a.png`
2021-01-15 13:51:30 ASSET: Sending asset `asset.b479a7ac20653138dc203ac9447f1f7c.png` to client `Kosolov325` as `asset.4db9ea0474f979ef7d14a8727616455b.png`
2021-01-15 13:51:37 ASSET: Sending asset `asset.370d83b76e801a8cca0771189e4a69dc.png` to client `Kosolov325` as `asset.74723201f3dd02a5ea3efe074925cf0a.png`
2021-01-15 13:51:56 ASSET: Sending asset `padlock.png` to client `Kosolov325` as `padlock.png`
2021-01-15 13:51:56 ASSET: Sending asset `common.css` to client `Kosolov325` as `asset.0860cded2abd3cfbf9ba06ae1cfa18fb.css`
2021-01-15 13:53:01 ASSET: Sending asset `padlock.png` to client `Kosolov325` as `padlock.png`
2021-01-15 13:53:01 ASSET: Sending asset `common.css` to client `Kosolov325` as `asset.0860cded2abd3cfbf9ba06ae1cfa18fb.css`
2021-01-15 13:53:01 ASSET: Sending asset `tgui-common.chunk.js` to client `Kosolov325` as `tgui-common.chunk.js`
2021-01-15 13:53:01 ASSET: Sending asset `tgui-panel.bundle.js` to client `Kosolov325` as `tgui-panel.bundle.js`
2021-01-15 13:53:01 ASSET: Sending asset `tgui-panel.bundle.css` to client `Kosolov325` as `tgui-panel.bundle.css`
2021-01-15 13:53:12 ASSET: Sending asset `fa-regular-400.eot` to client `Kosolov325` as `fa-regular-400.eot`
2021-01-15 13:53:12 ASSET: Sending asset `fa-regular-400.woff` to client `Kosolov325` as `fa-regular-400.woff`
2021-01-15 13:53:12 ASSET: Sending asset `fa-solid-900.eot` to client `Kosolov325` as `fa-solid-900.eot`
2021-01-15 13:53:12 ASSET: Sending asset `fa-solid-900.woff` to client `Kosolov325` as `fa-solid-900.woff`
2021-01-15 13:53:12 ASSET: Sending asset `font-awesome.css` to client `Kosolov325` as `font-awesome.css`
2021-01-15 13:53:12 ASSET: Sending asset `v4shim.css` to client `Kosolov325` as `v4shim.css`
2021-01-15 13:53:12 ASSET: Sending asset `spritesheet_chat.css` to client `Kosolov325` as `asset.2c25ca64eda15ca14b14c7d727158b78.css`
2021-01-15 13:53:12 ASSET: Sending asset `chat_16x16.png` to client `Kosolov325` as `asset.2af133447f004b16af9f38045c39229f.png`
2021-01-15 13:53:12 ASSET: Sending asset `chat_32x32.png` to client `Kosolov325` as `asset.9fb3455e39c1c40b9eb331534ba43cf4.png`
2021-01-15 13:53:13 ASSET: Sending asset `jquery.min.js` to client `Kosolov325` as `jquery.min.js`
