2021-01-15 13:31:26 ATTACK: Kosolov325/(Grandpa Goodman) has attempted to punch Kosolov325/(Grandpa Goodman) (NEWHP: 100)  (Genetics Lab (154, 115, 2))
2021-01-15 13:31:28 ATTACK: Kosolov325/(Grandpa Goodman) has punched Kosolov325/(Grandpa Goodman) (NEWHP: 92)  (Genetics Lab (153, 116, 2))
2021-01-15 13:31:29 ATTACK: Kosolov325/(Grandpa Goodman) has punched Kosolov325/(Grandpa Goodman) (NEWHP: 91.2)  (Genetics Lab (153, 117, 2))
2021-01-15 13:31:29 ATTACK: Kosolov325/(Grandpa Goodman) has punched Kosolov325/(Grandpa Goodman) (NEWHP: 88.8)  (Medbay Central (150, 119, 2))
2021-01-15 13:31:30 ATTACK: Kosolov325/(Grandpa Goodman) has attempted to punch Kosolov325/(Grandpa Goodman) (NEWHP: 88.8)  (Medbay Central (149, 118, 2))
2021-01-15 13:31:31 ATTACK: Kosolov325/(Grandpa Goodman) has punched Kosolov325/(Grandpa Goodman) (NEWHP: 86.4)  (Medbay Central (149, 116, 2))
2021-01-15 13:31:32 ATTACK: Kosolov325/(Grandpa Goodman) has punched Kosolov325/(Grandpa Goodman) (NEWHP: 83.2)  (Medbay Central (149, 116, 2))
2021-01-15 13:31:33 ATTACK: Kosolov325/(Grandpa Goodman) has punched Kosolov325/(Grandpa Goodman) (NEWHP: 81.6)  (Medbay Central (149, 114, 2))
2021-01-15 13:31:34 ATTACK: Kosolov325/(Grandpa Goodman) has attempted to punch Kosolov325/(Grandpa Goodman) (NEWHP: 81.6)  (Medbay Central (149, 114, 2))
2021-01-15 13:31:35 ATTACK: Kosolov325/(Grandpa Goodman) has punched Kosolov325/(Grandpa Goodman) (NEWHP: 78.4)  (Medbay Central (149, 114, 2))
2021-01-15 13:31:41 ATTACK: Kosolov325/(Grandpa Goodman) has attempted to inject Kosolov325/(Grandpa Goodman) with [epinephrine medipen] (Epinephrine, Preservahyde and Sanguirite) (NEWHP: 78.4)  (Medbay Treatment Center (143, 114, 2))
2021-01-15 13:31:41 ATTACK: Kosolov325/(Grandpa Goodman) has injected Kosolov325/(Grandpa Goodman) with [epinephrine medipen] (Epinephrine, Preservahyde and Sanguirite) (NEWHP: 78.4)  (Medbay Treatment Center (143, 114, 2))
2021-01-15 13:34:36 ATTACK: Kosolov325/(Grandpa Goodman) has punched Kosolov325/(Grandpa Goodman) (NEWHP: 77.6)  (Central Primary Hallway (116, 141, 2))
2021-01-15 13:34:37 ATTACK: Kosolov325/(Grandpa Goodman) has punched Kosolov325/(Grandpa Goodman) (NEWHP: 76.8)  (Central Primary Hallway (116, 141, 2))
2021-01-15 13:34:38 ATTACK: Kosolov325/(Grandpa Goodman) has punched Kosolov325/(Grandpa Goodman) (NEWHP: 68.8)  (Central Primary Hallway (116, 141, 2))
2021-01-15 13:34:39 ATTACK: Kosolov325/(Grandpa Goodman) has punched Kosolov325/(Grandpa Goodman) (NEWHP: 62.4)  (Central Primary Hallway (116, 141, 2))
2021-01-15 13:34:40 ATTACK: Kosolov325/(Grandpa Goodman) has punched Kosolov325/(Grandpa Goodman) (NEWHP: 59.2)  (Central Primary Hallway (116, 141, 2))
2021-01-15 13:34:41 ATTACK: Kosolov325/(Grandpa Goodman) has punched Kosolov325/(Grandpa Goodman) (NEWHP: 53.6)  (Central Primary Hallway (116, 141, 2))
2021-01-15 13:34:42 ATTACK: Kosolov325/(Grandpa Goodman) has punched Kosolov325/(Grandpa Goodman) (NEWHP: 48.8)  (Central Primary Hallway (116, 141, 2))
2021-01-15 13:34:43 ATTACK: Kosolov325/(Grandpa Goodman) has attempted to punch Kosolov325/(Grandpa Goodman) (NEWHP: 48.8)  (Central Primary Hallway (116, 141, 2))
2021-01-15 13:34:44 ATTACK: Kosolov325/(Grandpa Goodman) has attempted to punch Kosolov325/(Grandpa Goodman) (NEWHP: 48.8)  (Central Primary Hallway (118, 141, 2))
2021-01-15 13:34:45 ATTACK: Kosolov325/(Grandpa Goodman) has punched Kosolov325/(Grandpa Goodman) (NEWHP: 40.8)  (Central Primary Hallway (118, 141, 2))
2021-01-15 13:35:24 ATTACK: Kosolov325/(Grandpa Goodman) has attemped to inject Kosolov325/(Grandpa Goodman) with [hypospray mk.II] which had /datum/reagent/medicine/bicaridine (30u) (NEWHP: 40.8)  (Medbay Central (134, 116, 2))
2021-01-15 13:35:27 ATTACK: <font color='red'>Grandpa Goodman (kosolov325) applied the hypospray mk.II to Grandpa Goodman (kosolov325), which had /datum/reagent/medicine/bicaridine (30u) (INTENT: HELP) (MODE: 1)</font>
2021-01-15 13:35:27 ATTACK: Kosolov325/(Grandpa Goodman) <font color='orange'>applied the hypospray mk.II to themselves (/datum/reagent/medicine/bicaridine (30u)).</font> (Medbay Central (134, 116, 2))
2021-01-15 13:35:28 ATTACK: Kosolov325/(Grandpa Goodman) has attemped to inject Kosolov325/(Grandpa Goodman) with [hypospray mk.II] which had /datum/reagent/medicine/bicaridine (20u) (NEWHP: 42.8)  (Medbay Central (134, 116, 2))
2021-01-15 13:35:30 ATTACK: <font color='red'>Grandpa Goodman (kosolov325) applied the hypospray mk.II to Grandpa Goodman (kosolov325), which had /datum/reagent/medicine/bicaridine (20u) (INTENT: HELP) (MODE: 1)</font>
2021-01-15 13:35:30 ATTACK: Kosolov325/(Grandpa Goodman) <font color='orange'>applied the hypospray mk.II to themselves (/datum/reagent/medicine/bicaridine (20u)).</font> (Medbay Central (134, 116, 2))
2021-01-15 13:36:25 ATTACK: Kosolov325/(Grandpa Goodman) has attacked Kosolov325/(Grandpa Goodman) with industrial welding tool[DC] (INTENT: HELP) (DAMTYPE: FIRE) (NEWHP: 83.8)  (Auxiliary Tool Storage (92, 136, 2))
2021-01-15 13:36:30 ATTACK: Kosolov325/(Grandpa Goodman) has attacked Kosolov325/(Grandpa Goodman) with industrial welding tool[DC] (INTENT: HELP) (DAMTYPE: FIRE) (NEWHP: 70)  (Auxiliary Tool Storage (92, 136, 2))
2021-01-15 13:36:44 ATTACK: Kosolov325/(Grandpa Goodman) has attacked Kosolov325/(Grandpa Goodman) with industrial welding tool[DC] (INTENT: HELP) (DAMTYPE: FIRE) (NEWHP: 55)  (Auxiliary Tool Storage (92, 135, 2))
2021-01-15 13:36:45 ATTACK: Kosolov325/(Grandpa Goodman) has attacked Kosolov325/(Grandpa Goodman) with industrial welding tool[DC] (INTENT: HELP) (DAMTYPE: FIRE) (NEWHP: 40)  (Auxiliary Tool Storage (92, 135, 2))
2021-01-15 13:36:46 ATTACK: Kosolov325/(Grandpa Goodman) has attacked Kosolov325/(Grandpa Goodman) with industrial welding tool[DC] (INTENT: HELP) (DAMTYPE: FIRE) (NEWHP: 25)  (Auxiliary Tool Storage (92, 135, 2))
2021-01-15 13:36:47 ATTACK: Kosolov325/(Grandpa Goodman) has suffered: Second Degree Burns to chest | Damage: 15 (rolled 49.975/25.7816) | BWB: 5 (Auxiliary Tool Storage (92, 135, 2))
2021-01-15 13:36:47 ATTACK: Kosolov325/(Grandpa Goodman) has attacked Kosolov325/(Grandpa Goodman) with industrial welding tool[DC] (INTENT: HELP) (DAMTYPE: FIRE) (NEWHP: 10)  (Auxiliary Tool Storage (92, 135, 2))
2021-01-15 13:36:47 ATTACK: Kosolov325/(Grandpa Goodman) has suffered: Third Degree Burns to chest | Damage: 15.75 (rolled 55.97/27.3361) | BWB: 5 (Auxiliary Tool Storage (92, 135, 2))
2021-01-15 13:36:47 ATTACK: Kosolov325/(Grandpa Goodman) has attacked Kosolov325/(Grandpa Goodman) with industrial welding tool[DC] (INTENT: HELP) (DAMTYPE: FIRE) (NEWHP: -5.75)  (Auxiliary Tool Storage (92, 135, 2))
