2021-01-15 13:29:27 HREF: Kosolov325 (usr:Kosolov325[(11,174,1)]) : tgui=1&window_id=browseroutput&type=ready
2021-01-15 13:29:29 HREF: Kosolov325 (usr:Kosolov325[(11,174,1)]) : tgui=1&window_id=browseroutput&type=ping&payload=%7B%22index%22%3A0%7D
2021-01-15 13:29:33 HREF: Kosolov325 (usr:Kosolov325[(11,174,1)]) : tgui=1&window_id=browseroutput&type=telemetry&payload=%7B%22connections%22%3A%5B%7B%22ckey%22%3A%22kosolov325%22%2C%22address%22%3A%22127.0.0.1%22%2C%22computer_id%22%3A%22540227776%22%7D%2C%7B%22ckey%22%3A%22kosolov325%22%2C%22address%22%3A%22187.19.214.146%22%2C%22computer_id%22%3A%22540227776%22%7D%2C%7B%22ckey%22%3A%22kosolov325%22%2C%22address%22%3A%22187.19.214.74%22%2C%22computer_id%22%3A%22540227776%22%7D%2C%7B%22ckey%22%3A%22kosolov325%22%2C%22address%22%3A%22187.19.212.218%22%2C%22computer_id%22%3A%22540227776%22%7D%2C%7B%22ckey%22%3A%22kosolov325%22%2C%22address%22%3A%22187.19.214.218%22%2C%22computer_id%22%3A%22540227776%22%7D%5D%7D
2021-01-15 13:29:34 HREF: Kosolov325 (usr:Kosolov325[(11,174,1)]) : tgui=1&window_id=browseroutput&type=ping&payload=%7B%22index%22%3A1%7D
2021-01-15 13:29:34 HREF: Kosolov325 (usr:Kosolov325[(11,174,1)]) : 
2021-01-15 13:29:34 HREF: Kosolov325 (usr:Kosolov325[(11,174,1)]) : 
2021-01-15 13:29:36 HREF: Kosolov325 (usr:Kosolov325[(11,174,1)]) : tgui=1&window_id=browseroutput&type=ping&payload=%7B%22index%22%3A2%7D
2021-01-15 13:29:38 HREF: Kosolov325 (usr:Kosolov325[(11,174,1)]) : Kosolov325 src=[mob_85];show_preferences=1
2021-01-15 13:29:40 HREF: Kosolov325 (usr:Kosolov325[(11,174,1)]) : tgui=1&window_id=browseroutput&type=ping&payload=%7B%22index%22%3A3%7D
2021-01-15 13:29:41 HREF: Kosolov325 (usr:Kosolov325[(11,174,1)]) : _src_=prefs;preference=trait;task=menu
2021-01-15 13:29:42 HREF: Kosolov325 (usr:Kosolov325[(11,174,1)]) : tgui=1&window_id=browseroutput&type=ping&payload=%7B%22index%22%3A4%7D
2021-01-15 13:29:44 HREF: Kosolov325 (usr:Kosolov325[(11,174,1)]) : _src_=prefs;preference=trait;task=update;trait=Synthetic
2021-01-15 13:29:45 HREF: Kosolov325 (usr:Kosolov325[(11,174,1)]) : tgui=1&window_id=browseroutput&type=ping&payload=%7B%22index%22%3A5%7D
2021-01-15 13:29:47 HREF: Kosolov325 (usr:Kosolov325[(11,174,1)]) : tgui=1&window_id=browseroutput&type=ping&payload=%7B%22index%22%3A6%7D
2021-01-15 13:29:50 HREF: Kosolov325 (usr:Kosolov325[(11,174,1)]) : tgui=1&window_id=browseroutput&type=ping&payload=%7B%22index%22%3A7%7D
2021-01-15 13:29:55 HREF: Kosolov325 (usr:Kosolov325[(11,174,1)]) : tgui=1&window_id=browseroutput&type=ping&payload=%7B%22index%22%3A0%7D
2021-01-15 13:29:55 HREF: Kosolov325 (usr:Kosolov325[(11,174,1)]) : tgui=1&window_id=browseroutput&type=ping&payload=%7B%22index%22%3A1%7D
2021-01-15 13:29:58 HREF: Kosolov325 (usr:Kosolov325[(11,174,1)]) : tgui=1&window_id=browseroutput&type=ping&payload=%7B%22index%22%3A2%7D
2021-01-15 13:30:00 HREF: Kosolov325 (usr:Kosolov325[(11,174,1)]) : tgui=1&window_id=browseroutput&type=ping&payload=%7B%22index%22%3A3%7D
2021-01-15 13:30:08 HREF: Kosolov325 (usr:Kosolov325[(11,174,1)]) : tgui=1&window_id=browseroutput&type=ping&payload=%7B%22index%22%3A4%7D
2021-01-15 13:30:08 HREF: Kosolov325 (usr:Kosolov325[(11,174,1)]) : tgui=1&window_id=browseroutput&type=ping&payload=%7B%22index%22%3A5%7D
2021-01-15 13:30:08 HREF: Kosolov325 (usr:Kosolov325[(11,174,1)]) : _src_=prefs;preference=trait;task=close
2021-01-15 13:30:08 HREF: Kosolov325 (usr:Kosolov325[(11,174,1)]) : _src_=prefs;preference=trait;task=close
2021-01-15 13:30:08 HREF: Kosolov325 (usr:Kosolov325[(11,174,1)]) : tgui=1&window_id=browseroutput&type=ping&payload=%7B%22index%22%3A6%7D
2021-01-15 13:30:10 HREF: Kosolov325 (usr:Kosolov325[(11,174,1)]) : /datum/preferences close=1
2021-01-15 13:30:10 HREF: Kosolov325 (usr:Kosolov325[(11,174,1)]) : tgui=1&window_id=browseroutput&type=ping&payload=%7B%22index%22%3A7%7D
2021-01-15 13:30:13 HREF: Kosolov325 (usr:Kosolov325[(11,174,1)]) : tgui=1&window_id=browseroutput&type=ping&payload=%7B%22index%22%3A0%7D
2021-01-15 13:30:15 HREF: Kosolov325 (usr:Kosolov325[(11,174,1)]) : tgui=1&window_id=browseroutput&type=ping&payload=%7B%22index%22%3A1%7D
2021-01-15 13:30:18 HREF: Kosolov325 (usr:Kosolov325[(11,174,1)]) : tgui=1&window_id=browseroutput&type=ping&payload=%7B%22index%22%3A2%7D
2021-01-15 13:30:20 HREF: Kosolov325 (usr:Kosolov325[(11,174,1)]) : tgui=1&window_id=browseroutput&type=ping&payload=%7B%22index%22%3A3%7D
2021-01-15 13:30:23 HREF: Kosolov325 (usr:Kosolov325[(11,174,1)]) : tgui=1&window_id=browseroutput&type=ping&payload=%7B%22index%22%3A4%7D
2021-01-15 13:30:25 HREF: Kosolov325 (usr:Kosolov325[(11,174,1)]) : tgui=1&window_id=browseroutput&type=ping&payload=%7B%22index%22%3A5%7D
2021-01-15 13:30:28 HREF: Kosolov325 (usr:Kosolov325[(11,174,1)]) : tgui=1&window_id=browseroutput&type=ping&payload=%7B%22index%22%3A6%7D
2021-01-15 13:30:30 HREF: Kosolov325 (usr:Kosolov325[(11,174,1)]) : tgui=1&window_id=browseroutput&type=ping&payload=%7B%22index%22%3A7%7D
2021-01-15 13:30:33 HREF: Kosolov325 (usr:Kosolov325[(11,174,1)]) : tgui=1&window_id=browseroutput&type=ping&payload=%7B%22index%22%3A0%7D
2021-01-15 13:30:35 HREF: Kosolov325 (usr:Kosolov325[(11,174,1)]) : tgui=1&window_id=browseroutput&type=ping&payload=%7B%22index%22%3A1%7D
2021-01-15 13:30:39 HREF: Kosolov325 (usr:Kosolov325[(11,174,1)]) : tgui=1&window_id=browseroutput&type=ping&payload=%7B%22index%22%3A2%7D
2021-01-15 13:30:39 HREF: Kosolov325 (usr:Kosolov325[(11,174,1)]) : Vote src=[0x21000052];vote=2
2021-01-15 13:30:40 HREF: Kosolov325 (usr:Kosolov325[(11,174,1)]) : Vote src=[0x21000052];vote=close
2021-01-15 13:30:41 HREF: Kosolov325 (usr:Kosolov325[(11,174,1)]) : tgui=1&window_id=browseroutput&type=ping&payload=%7B%22index%22%3A3%7D
2021-01-15 13:30:42 HREF: Kosolov325 (usr:Kosolov325[(11,174,1)]) : Kosolov325 src=[mob_85];ready=1
2021-01-15 13:30:44 HREF: Kosolov325 (usr:Kosolov325[(11,174,1)]) : tgui=1&window_id=browseroutput&type=ping&payload=%7B%22index%22%3A4%7D
2021-01-15 13:30:44 HREF: Kosolov325 (usr:Kosolov325[(11,174,1)]) : Kosolov325 src=[mob_85];show_preferences=1
2021-01-15 13:30:45 HREF: Kosolov325 (usr:Kosolov325[(11,174,1)]) : _src_=prefs;preference=trait;task=menu
2021-01-15 13:30:46 HREF: Kosolov325 (usr:Kosolov325[(11,174,1)]) : tgui=1&window_id=browseroutput&type=ping&payload=%7B%22index%22%3A5%7D
2021-01-15 13:30:47 HREF: Kosolov325 (usr:Kosolov325[(11,174,1)]) : _src_=prefs;preference=trait;task=close
2021-01-15 13:30:48 HREF: Kosolov325 (usr:Kosolov325[(11,174,1)]) : /datum/preferences close=1
2021-01-15 13:30:49 HREF: Kosolov325 (usr:Kosolov325[(11,174,1)]) : tgui=1&window_id=browseroutput&type=ping&payload=%7B%22index%22%3A6%7D
2021-01-15 13:30:50 HREF: Kosolov325 (usr:Kosolov325[(11,174,1)]) : Vote src=[0x21000052]
2021-01-15 13:30:51 HREF: Kosolov325 (usr:Kosolov325[(11,174,1)]) : tgui=1&window_id=browseroutput&type=ping&payload=%7B%22index%22%3A7%7D
2021-01-15 13:30:52 HREF: Kosolov325 (usr:Kosolov325[(11,174,1)]) : Vote src=[0x21000052];vote=close
2021-01-15 13:30:54 HREF: Kosolov325 (usr:Kosolov325[(11,174,1)]) : tgui=1&window_id=browseroutput&type=ping&payload=%7B%22index%22%3A0%7D
2021-01-15 13:30:56 HREF: Kosolov325 (usr:Kosolov325[(11,174,1)]) : tgui=1&window_id=browseroutput&type=ping&payload=%7B%22index%22%3A1%7D
2021-01-15 13:31:07 HREF: Kosolov325 (usr:Grandpa Goodman[(158,119,2)]) : tgui=1&window_id=browseroutput&type=ping&payload=%7B%22index%22%3A2%7D
2021-01-15 13:31:10 HREF: Kosolov325 (usr:Grandpa Goodman[(158,117,2)]) : tgui=1&window_id=browseroutput&type=ping&payload=%7B%22index%22%3A3%7D
2021-01-15 13:31:12 HREF: Kosolov325 (usr:Grandpa Goodman[(158,117,2)]) : tgui=1&window_id=browseroutput&type=ping&payload=%7B%22index%22%3A4%7D
2021-01-15 13:31:15 HREF: Kosolov325 (usr:Grandpa Goodman[(157,120,2)]) : tgui=1&window_id=browseroutput&type=ping&payload=%7B%22index%22%3A5%7D
2021-01-15 13:31:18 HREF: Kosolov325 (usr:Grandpa Goodman[(158,114,2)]) : tgui=1&window_id=browseroutput&type=ping&payload=%7B%22index%22%3A6%7D
2021-01-15 13:31:20 HREF: Kosolov325 (usr:Grandpa Goodman[(157,115,2)]) : tgui=1&window_id=browseroutput&type=ping&payload=%7B%22index%22%3A7%7D
2021-01-15 13:31:23 HREF: Kosolov325 (usr:Grandpa Goodman[(153,114,2)]) : tgui=1&window_id=browseroutput&type=ping&payload=%7B%22index%22%3A0%7D
2021-01-15 13:31:25 HREF: Kosolov325 (usr:Grandpa Goodman[(154,114,2)]) : tgui=1&window_id=browseroutput&type=ping&payload=%7B%22index%22%3A1%7D
2021-01-15 13:31:28 HREF: Kosolov325 (usr:Grandpa Goodman[(153,116,2)]) : tgui=1&window_id=browseroutput&type=ping&payload=%7B%22index%22%3A2%7D
2021-01-15 13:31:30 HREF: Kosolov325 (usr:Grandpa Goodman[(149,119,2)]) : tgui=1&window_id=browseroutput&type=ping&payload=%7B%22index%22%3A3%7D
2021-01-15 13:31:33 HREF: Kosolov325 (usr:Grandpa Goodman[(149,114,2)]) : tgui=1&window_id=browseroutput&type=ping&payload=%7B%22index%22%3A4%7D
2021-01-15 13:31:35 HREF: Kosolov325 (usr:Grandpa Goodman[(148,114,2)]) : tgui=1&window_id=browseroutput&type=ping&payload=%7B%22index%22%3A5%7D
2021-01-15 13:31:38 HREF: Kosolov325 (usr:Grandpa Goodman[(143,114,2)]) : tgui=1&window_id=browseroutput&type=ping&payload=%7B%22index%22%3A6%7D
2021-01-15 13:31:40 HREF: Kosolov325 (usr:Grandpa Goodman[(143,114,2)]) : tgui=1&window_id=browseroutput&type=ping&payload=%7B%22index%22%3A7%7D
2021-01-15 13:31:43 HREF: Kosolov325 (usr:Grandpa Goodman[(139,114,2)]) : tgui=1&window_id=browseroutput&type=ping&payload=%7B%22index%22%3A0%7D
2021-01-15 13:31:45 HREF: Kosolov325 (usr:Grandpa Goodman[(139,114,2)]) : tgui=1&window_id=browseroutput&type=ping&payload=%7B%22index%22%3A1%7D
2021-01-15 13:31:48 HREF: Kosolov325 (usr:Grandpa Goodman[(145,118,2)]) : tgui=1&window_id=browseroutput&type=ping&payload=%7B%22index%22%3A2%7D
2021-01-15 13:31:50 HREF: Kosolov325 (usr:Grandpa Goodman[(147,118,2)]) : tgui=1&window_id=browseroutput&type=ping&payload=%7B%22index%22%3A3%7D
2021-01-15 13:31:53 HREF: Kosolov325 (usr:Grandpa Goodman[(146,118,2)]) : tgui=1&window_id=browseroutput&type=ping&payload=%7B%22index%22%3A4%7D
2021-01-15 13:31:56 HREF: Kosolov325 (usr:Grandpa Goodman[(146,118,2)]) : tgui=1&window_id=browseroutput&type=ping&payload=%7B%22index%22%3A5%7D
2021-01-15 13:31:58 HREF: Kosolov325 (usr:Grandpa Goodman[(146,118,2)]) : tgui=1&window_id=browseroutput&type=ping&payload=%7B%22index%22%3A6%7D
2021-01-15 13:32:00 HREF: Kosolov325 (usr:Grandpa Goodman[(146,118,2)]) : tgui=1&window_id=browseroutput&type=ping&payload=%7B%22index%22%3A7%7D
2021-01-15 13:32:03 HREF: Kosolov325 (usr:Grandpa Goodman[(146,118,2)]) : tgui=1&window_id=browseroutput&type=ping&payload=%7B%22index%22%3A0%7D
2021-01-15 13:32:05 HREF: Kosolov325 (usr:Grandpa Goodman[(146,118,2)]) : tgui=1&window_id=browseroutput&type=ping&payload=%7B%22index%22%3A1%7D
2021-01-15 13:32:08 HREF: Kosolov325 (usr:Grandpa Goodman[(146,118,2)]) : tgui=1&window_id=browseroutput&type=ping&payload=%7B%22index%22%3A2%7D
2021-01-15 13:32:10 HREF: Kosolov325 (usr:Grandpa Goodman[(146,118,2)]) : tgui=1&window_id=browseroutput&type=ping&payload=%7B%22index%22%3A3%7D
2021-01-15 13:32:13 HREF: Kosolov325 (usr:Grandpa Goodman[(146,118,2)]) : tgui=1&window_id=browseroutput&type=ping&payload=%7B%22index%22%3A4%7D
2021-01-15 13:32:15 HREF: Kosolov325 (usr:Grandpa Goodman[(146,118,2)]) : tgui=1&window_id=browseroutput&type=ping&payload=%7B%22index%22%3A5%7D
2021-01-15 13:32:18 HREF: Kosolov325 (usr:Grandpa Goodman[(146,118,2)]) : tgui=1&window_id=browseroutput&type=ping&payload=%7B%22index%22%3A6%7D
2021-01-15 13:32:20 HREF: Kosolov325 (usr:Grandpa Goodman[(146,118,2)]) : tgui=1&window_id=browseroutput&type=ping&payload=%7B%22index%22%3A7%7D
2021-01-15 13:32:23 HREF: Kosolov325 (usr:Grandpa Goodman[(146,118,2)]) : tgui=1&window_id=browseroutput&type=ping&payload=%7B%22index%22%3A0%7D
2021-01-15 13:32:25 HREF: Kosolov325 (usr:Grandpa Goodman[(146,118,2)]) : tgui=1&window_id=browseroutput&type=ping&payload=%7B%22index%22%3A1%7D
2021-01-15 13:32:28 HREF: Kosolov325 (usr:Grandpa Goodman[(146,118,2)]) : tgui=1&window_id=browseroutput&type=ping&payload=%7B%22index%22%3A2%7D
2021-01-15 13:32:30 HREF: Kosolov325 (usr:Grandpa Goodman[(146,118,2)]) : tgui=1&window_id=browseroutput&type=ping&payload=%7B%22index%22%3A3%7D
2021-01-15 13:32:33 HREF: Kosolov325 (usr:Grandpa Goodman[(146,118,2)]) : tgui=1&window_id=browseroutput&type=ping&payload=%7B%22index%22%3A4%7D
2021-01-15 13:32:35 HREF: Kosolov325 (usr:Grandpa Goodman[(146,118,2)]) : tgui=1&window_id=browseroutput&type=ping&payload=%7B%22index%22%3A5%7D
2021-01-15 13:32:38 HREF: Kosolov325 (usr:Grandpa Goodman[(146,118,2)]) : tgui=1&window_id=browseroutput&type=ping&payload=%7B%22index%22%3A6%7D
2021-01-15 13:32:40 HREF: Kosolov325 (usr:Grandpa Goodman[(146,118,2)]) : tgui=1&window_id=browseroutput&type=ping&payload=%7B%22index%22%3A7%7D
2021-01-15 13:32:43 HREF: Kosolov325 (usr:Grandpa Goodman[(146,118,2)]) : tgui=1&window_id=browseroutput&type=ping&payload=%7B%22index%22%3A0%7D
2021-01-15 13:32:45 HREF: Kosolov325 (usr:Grandpa Goodman[(146,118,2)]) : tgui=1&window_id=browseroutput&type=ping&payload=%7B%22index%22%3A1%7D
2021-01-15 13:32:48 HREF: Kosolov325 (usr:Grandpa Goodman[(146,118,2)]) : tgui=1&window_id=browseroutput&type=ping&payload=%7B%22index%22%3A2%7D
2021-01-15 13:32:50 HREF: Kosolov325 (usr:Grandpa Goodman[(146,118,2)]) : tgui=1&window_id=browseroutput&type=ping&payload=%7B%22index%22%3A3%7D
2021-01-15 13:32:53 HREF: Kosolov325 (usr:Grandpa Goodman[(146,118,2)]) : tgui=1&window_id=browseroutput&type=ping&payload=%7B%22index%22%3A4%7D
2021-01-15 13:32:55 HREF: Kosolov325 (usr:Grandpa Goodman[(146,118,2)]) : tgui=1&window_id=browseroutput&type=ping&payload=%7B%22index%22%3A5%7D
2021-01-15 13:32:58 HREF: Kosolov325 (usr:Grandpa Goodman[(146,118,2)]) : tgui=1&window_id=browseroutput&type=ping&payload=%7B%22index%22%3A6%7D
2021-01-15 13:33:00 HREF: Kosolov325 (usr:Grandpa Goodman[(146,118,2)]) : tgui=1&window_id=browseroutput&type=ping&payload=%7B%22index%22%3A7%7D
2021-01-15 13:33:03 HREF: Kosolov325 (usr:Grandpa Goodman[(146,118,2)]) : tgui=1&window_id=browseroutput&type=ping&payload=%7B%22index%22%3A0%7D
2021-01-15 13:33:05 HREF: Kosolov325 (usr:Grandpa Goodman[(146,118,2)]) : tgui=1&window_id=browseroutput&type=ping&payload=%7B%22index%22%3A1%7D
2021-01-15 13:33:08 HREF: Kosolov325 (usr:Grandpa Goodman[(146,118,2)]) : tgui=1&window_id=browseroutput&type=ping&payload=%7B%22index%22%3A2%7D
2021-01-15 13:33:11 HREF: Kosolov325 (usr:Grandpa Goodman[(146,118,2)]) : tgui=1&window_id=browseroutput&type=ping&payload=%7B%22index%22%3A3%7D
2021-01-15 13:33:13 HREF: Kosolov325 (usr:Grandpa Goodman[(146,118,2)]) : tgui=1&window_id=browseroutput&type=ping&payload=%7B%22index%22%3A4%7D
2021-01-15 13:33:16 HREF: Kosolov325 (usr:Grandpa Goodman[(146,118,2)]) : tgui=1&window_id=browseroutput&type=ping&payload=%7B%22index%22%3A5%7D
2021-01-15 13:33:18 HREF: Kosolov325 (usr:Grandpa Goodman[(146,118,2)]) : tgui=1&window_id=browseroutput&type=ping&payload=%7B%22index%22%3A6%7D
2021-01-15 13:33:21 HREF: Kosolov325 (usr:Grandpa Goodman[(146,118,2)]) : tgui=1&window_id=browseroutput&type=ping&payload=%7B%22index%22%3A7%7D
2021-01-15 13:33:23 HREF: Kosolov325 (usr:Grandpa Goodman[(146,118,2)]) : tgui=1&window_id=browseroutput&type=ping&payload=%7B%22index%22%3A0%7D
2021-01-15 13:33:26 HREF: Kosolov325 (usr:Grandpa Goodman[(146,118,2)]) : tgui=1&window_id=browseroutput&type=ping&payload=%7B%22index%22%3A1%7D
2021-01-15 13:33:28 HREF: Kosolov325 (usr:Grandpa Goodman[(146,118,2)]) : tgui=1&window_id=browseroutput&type=ping&payload=%7B%22index%22%3A2%7D
2021-01-15 13:33:31 HREF: Kosolov325 (usr:Grandpa Goodman[(146,118,2)]) : tgui=1&window_id=browseroutput&type=ping&payload=%7B%22index%22%3A3%7D
2021-01-15 13:33:33 HREF: Kosolov325 (usr:Grandpa Goodman[(146,118,2)]) : tgui=1&window_id=browseroutput&type=ping&payload=%7B%22index%22%3A4%7D
2021-01-15 13:33:36 HREF: Kosolov325 (usr:Grandpa Goodman[(146,118,2)]) : tgui=1&window_id=browseroutput&type=ping&payload=%7B%22index%22%3A5%7D
2021-01-15 13:33:38 HREF: Kosolov325 (usr:Grandpa Goodman[(146,118,2)]) : tgui=1&window_id=browseroutput&type=ping&payload=%7B%22index%22%3A6%7D
2021-01-15 13:33:41 HREF: Kosolov325 (usr:Grandpa Goodman[(146,118,2)]) : tgui=1&window_id=browseroutput&type=ping&payload=%7B%22index%22%3A7%7D
2021-01-15 13:33:43 HREF: Kosolov325 (usr:Grandpa Goodman[(146,118,2)]) : tgui=1&window_id=browseroutput&type=ping&payload=%7B%22index%22%3A0%7D
2021-01-15 13:33:46 HREF: Kosolov325 (usr:Grandpa Goodman[(146,118,2)]) : tgui=1&window_id=browseroutput&type=ping&payload=%7B%22index%22%3A1%7D
2021-01-15 13:33:48 HREF: Kosolov325 (usr:Grandpa Goodman[(146,118,2)]) : tgui=1&window_id=browseroutput&type=ping&payload=%7B%22index%22%3A2%7D
2021-01-15 13:33:51 HREF: Kosolov325 (usr:Grandpa Goodman[(146,118,2)]) : tgui=1&window_id=browseroutput&type=ping&payload=%7B%22index%22%3A3%7D
2021-01-15 13:33:53 HREF: Kosolov325 (usr:Grandpa Goodman[(146,118,2)]) : tgui=1&window_id=browseroutput&type=ping&payload=%7B%22index%22%3A4%7D
2021-01-15 13:33:56 HREF: Kosolov325 (usr:Grandpa Goodman[(146,118,2)]) : tgui=1&window_id=browseroutput&type=ping&payload=%7B%22index%22%3A5%7D
2021-01-15 13:33:58 HREF: Kosolov325 (usr:Grandpa Goodman[(146,118,2)]) : tgui=1&window_id=browseroutput&type=ping&payload=%7B%22index%22%3A6%7D
2021-01-15 13:34:01 HREF: Kosolov325 (usr:Grandpa Goodman[(146,118,2)]) : tgui=1&window_id=browseroutput&type=ping&payload=%7B%22index%22%3A7%7D
2021-01-15 13:34:03 HREF: Kosolov325 (usr:Grandpa Goodman[(146,118,2)]) : tgui=1&window_id=browseroutput&type=ping&payload=%7B%22index%22%3A0%7D
2021-01-15 13:34:06 HREF: Kosolov325 (usr:Grandpa Goodman[(146,118,2)]) : tgui=1&window_id=browseroutput&type=ping&payload=%7B%22index%22%3A1%7D
2021-01-15 13:34:08 HREF: Kosolov325 (usr:Grandpa Goodman[(148,120,2)]) : tgui=1&window_id=browseroutput&type=ping&payload=%7B%22index%22%3A2%7D
2021-01-15 13:34:11 HREF: Kosolov325 (usr:Grandpa Goodman[(139,116,2)]) : tgui=1&window_id=browseroutput&type=ping&payload=%7B%22index%22%3A3%7D
2021-01-15 13:34:13 HREF: Kosolov325 (usr:Grandpa Goodman[(140,116,2)]) : tgui=1&window_id=browseroutput&type=ping&payload=%7B%22index%22%3A4%7D
2021-01-15 13:34:16 HREF: Kosolov325 (usr:Grandpa Goodman[(139,121,2)]) : tgui=1&window_id=browseroutput&type=ping&payload=%7B%22index%22%3A5%7D
2021-01-15 13:34:18 HREF: Kosolov325 (usr:Grandpa Goodman[(136,128,2)]) : tgui=1&window_id=browseroutput&type=ping&payload=%7B%22index%22%3A6%7D
2021-01-15 13:34:21 HREF: Kosolov325 (usr:Grandpa Goodman[(127,140,2)]) : tgui=1&window_id=browseroutput&type=ping&payload=%7B%22index%22%3A7%7D
2021-01-15 13:34:23 HREF: Kosolov325 (usr:Grandpa Goodman[(112,141,2)]) : tgui=1&window_id=browseroutput&type=ping&payload=%7B%22index%22%3A0%7D
2021-01-15 13:34:26 HREF: Kosolov325 (usr:Grandpa Goodman[(108,142,2)]) : tgui=1&window_id=browseroutput&type=ping&payload=%7B%22index%22%3A1%7D
2021-01-15 13:34:28 HREF: Kosolov325 (usr:Grandpa Goodman[(109,142,2)]) : tgui=1&window_id=browseroutput&type=ping&payload=%7B%22index%22%3A2%7D
2021-01-15 13:34:31 HREF: Kosolov325 (usr:Grandpa Goodman[(109,142,2)]) : tgui=1&window_id=browseroutput&type=ping&payload=%7B%22index%22%3A3%7D
2021-01-15 13:34:33 HREF: Kosolov325 (usr:Grandpa Goodman[(110,142,2)]) : tgui=1&window_id=browseroutput&type=ping&payload=%7B%22index%22%3A4%7D
2021-01-15 13:34:36 HREF: Kosolov325 (usr:Grandpa Goodman[(116,141,2)]) : tgui=1&window_id=browseroutput&type=ping&payload=%7B%22index%22%3A5%7D
2021-01-15 13:34:38 HREF: Kosolov325 (usr:Grandpa Goodman[(116,141,2)]) : tgui=1&window_id=browseroutput&type=ping&payload=%7B%22index%22%3A6%7D
2021-01-15 13:34:41 HREF: Kosolov325 (usr:Grandpa Goodman[(116,141,2)]) : tgui=1&window_id=browseroutput&type=ping&payload=%7B%22index%22%3A7%7D
2021-01-15 13:34:43 HREF: Kosolov325 (usr:Grandpa Goodman[(118,141,2)]) : tgui=1&window_id=browseroutput&type=ping&payload=%7B%22index%22%3A0%7D
2021-01-15 13:34:46 HREF: Kosolov325 (usr:Grandpa Goodman[(118,141,2)]) : tgui=1&window_id=browseroutput&type=ping&payload=%7B%22index%22%3A1%7D
2021-01-15 13:34:48 HREF: Kosolov325 (usr:Grandpa Goodman[(125,141,2)]) : tgui=1&window_id=browseroutput&type=ping&payload=%7B%22index%22%3A2%7D
2021-01-15 13:34:51 HREF: Kosolov325 (usr:Grandpa Goodman[(129,134,2)]) : tgui=1&window_id=browseroutput&type=ping&payload=%7B%22index%22%3A3%7D
2021-01-15 13:34:53 HREF: Kosolov325 (usr:Grandpa Goodman[(133,130,2)]) : tgui=1&window_id=browseroutput&type=ping&payload=%7B%22index%22%3A4%7D
2021-01-15 13:34:56 HREF: Kosolov325 (usr:Grandpa Goodman[(143,130,2)]) : tgui=1&window_id=browseroutput&type=ping&payload=%7B%22index%22%3A5%7D
2021-01-15 13:34:58 HREF: Kosolov325 (usr:Grandpa Goodman[(139,123,2)]) : tgui=1&window_id=browseroutput&type=ping&payload=%7B%22index%22%3A6%7D
2021-01-15 13:35:01 HREF: Kosolov325 (usr:Grandpa Goodman[(137,118,2)]) : tgui=1&window_id=browseroutput&type=ping&payload=%7B%22index%22%3A7%7D
2021-01-15 13:35:02 HREF: Kosolov325 (usr:Grandpa Goodman[(135,117,2)]) : tgui=1&window_id=tgui-window-1&type=ready
2021-01-15 13:35:03 HREF: Kosolov325 (usr:Grandpa Goodman[(135,117,2)]) : 
2021-01-15 13:35:03 HREF: Kosolov325 (usr:Grandpa Goodman[(135,117,2)]) : 
2021-01-15 13:35:04 HREF: Kosolov325 (usr:Grandpa Goodman[(135,117,2)]) : tgui=1&window_id=browseroutput&type=ping&payload=%7B%22index%22%3A0%7D
2021-01-15 13:35:05 HREF: Kosolov325 (usr:Grandpa Goodman[(135,117,2)]) : tgui=1&window_id=tgui-window-1&type=act%2Fvend&payload=%7B%22ref%22%3A%22%5B0x2100d4b2%5D%22%7D
2021-01-15 13:35:06 HREF: Kosolov325 (usr:Grandpa Goodman[(135,117,2)]) : tgui=1&window_id=tgui-window-1&type=suspend
2021-01-15 13:35:06 HREF: Kosolov325 (usr:Grandpa Goodman[(135,117,2)]) : tgui=1&window_id=browseroutput&type=ping&payload=%7B%22index%22%3A1%7D
2021-01-15 13:35:09 HREF: Kosolov325 (usr:Grandpa Goodman[(134,117,2)]) : tgui=1&window_id=browseroutput&type=ping&payload=%7B%22index%22%3A2%7D
2021-01-15 13:35:10 HREF: Kosolov325 (usr:Grandpa Goodman[(135,116,2)]) : tgui=1&window_id=tgui-window-1&type=pingReply
2021-01-15 13:35:11 HREF: Kosolov325 (usr:Grandpa Goodman[(135,116,2)]) : tgui=1&window_id=browseroutput&type=ping&payload=%7B%22index%22%3A3%7D
2021-01-15 13:35:14 HREF: Kosolov325 (usr:Grandpa Goodman[(135,116,2)]) : tgui=1&window_id=browseroutput&type=ping&payload=%7B%22index%22%3A4%7D
2021-01-15 13:35:14 HREF: Kosolov325 (usr:Grandpa Goodman[(135,116,2)]) : tgui=1&window_id=tgui-window-1&type=act%2Fvend&payload=%7B%22ref%22%3A%22%5B0x2100d4c6%5D%22%7D
2021-01-15 13:35:15 HREF: Kosolov325 (usr:Grandpa Goodman[(135,116,2)]) : tgui=1&window_id=tgui-window-1&type=suspend
2021-01-15 13:35:16 HREF: Kosolov325 (usr:Grandpa Goodman[(134,116,2)]) : tgui=1&window_id=browseroutput&type=ping&payload=%7B%22index%22%3A5%7D
2021-01-15 13:35:19 HREF: Kosolov325 (usr:Grandpa Goodman[(134,116,2)]) : tgui=1&window_id=browseroutput&type=ping&payload=%7B%22index%22%3A6%7D
2021-01-15 13:35:21 HREF: Kosolov325 (usr:Grandpa Goodman[(134,116,2)]) : tgui=1&window_id=browseroutput&type=ping&payload=%7B%22index%22%3A7%7D
2021-01-15 13:35:24 HREF: Kosolov325 (usr:Grandpa Goodman[(134,116,2)]) : tgui=1&window_id=browseroutput&type=ping&payload=%7B%22index%22%3A0%7D
2021-01-15 13:35:26 HREF: Kosolov325 (usr:Grandpa Goodman[(134,116,2)]) : tgui=1&window_id=browseroutput&type=ping&payload=%7B%22index%22%3A1%7D
2021-01-15 13:35:29 HREF: Kosolov325 (usr:Grandpa Goodman[(134,116,2)]) : tgui=1&window_id=browseroutput&type=ping&payload=%7B%22index%22%3A2%7D
2021-01-15 13:35:31 HREF: Kosolov325 (usr:Grandpa Goodman[(133,116,2)]) : tgui=1&window_id=browseroutput&type=ping&payload=%7B%22index%22%3A3%7D
2021-01-15 13:35:33 HREF: Kosolov325 (usr:Grandpa Goodman[(135,116,2)]) : tgui=1&window_id=tgui-window-1&type=pingReply
2021-01-15 13:35:34 HREF: Kosolov325 (usr:Grandpa Goodman[(135,116,2)]) : tgui=1&window_id=browseroutput&type=ping&payload=%7B%22index%22%3A4%7D
2021-01-15 13:35:36 HREF: Kosolov325 (usr:Grandpa Goodman[(135,116,2)]) : tgui=1&window_id=browseroutput&type=ping&payload=%7B%22index%22%3A5%7D
2021-01-15 13:35:37 HREF: Kosolov325 (usr:Grandpa Goodman[(135,116,2)]) : tgui=1&window_id=tgui-window-1&type=suspend
2021-01-15 13:35:39 HREF: Kosolov325 (usr:Grandpa Goodman[(139,115,2)]) : tgui=1&window_id=browseroutput&type=ping&payload=%7B%22index%22%3A6%7D
2021-01-15 13:35:41 HREF: Kosolov325 (usr:Grandpa Goodman[(140,109,2)]) : tgui=1&window_id=browseroutput&type=ping&payload=%7B%22index%22%3A7%7D
2021-01-15 13:35:44 HREF: Kosolov325 (usr:Grandpa Goodman[(144,107,2)]) : tgui=1&window_id=browseroutput&type=ping&payload=%7B%22index%22%3A0%7D
2021-01-15 13:35:46 HREF: Kosolov325 (usr:Grandpa Goodman[(144,107,2)]) : tgui=1&window_id=browseroutput&type=ping&payload=%7B%22index%22%3A1%7D
2021-01-15 13:35:49 HREF: Kosolov325 (usr:Grandpa Goodman[(144,107,2)]) : tgui=1&window_id=browseroutput&type=ping&payload=%7B%22index%22%3A2%7D
2021-01-15 13:35:51 HREF: Kosolov325 (usr:Grandpa Goodman[(144,107,2)]) : tgui=1&window_id=browseroutput&type=ping&payload=%7B%22index%22%3A3%7D
2021-01-15 13:35:54 HREF: Kosolov325 (usr:Grandpa Goodman[(143,107,2)]) : tgui=1&window_id=browseroutput&type=ping&payload=%7B%22index%22%3A4%7D
2021-01-15 13:35:56 HREF: Kosolov325 (usr:Grandpa Goodman[(139,112,2)]) : tgui=1&window_id=browseroutput&type=ping&payload=%7B%22index%22%3A5%7D
2021-01-15 13:35:59 HREF: Kosolov325 (usr:Grandpa Goodman[(142,127,2)]) : tgui=1&window_id=browseroutput&type=ping&payload=%7B%22index%22%3A6%7D
2021-01-15 13:36:01 HREF: Kosolov325 (usr:Grandpa Goodman[(129,127,2)]) : tgui=1&window_id=browseroutput&type=ping&payload=%7B%22index%22%3A7%7D
2021-01-15 13:36:04 HREF: Kosolov325 (usr:Grandpa Goodman[(118,112,2)]) : tgui=1&window_id=browseroutput&type=ping&payload=%7B%22index%22%3A0%7D
2021-01-15 13:36:06 HREF: Kosolov325 (usr:Grandpa Goodman[(102,111,2)]) : tgui=1&window_id=browseroutput&type=ping&payload=%7B%22index%22%3A1%7D
2021-01-15 13:36:09 HREF: Kosolov325 (usr:Grandpa Goodman[(97,126,2)]) : tgui=1&window_id=browseroutput&type=ping&payload=%7B%22index%22%3A2%7D
2021-01-15 13:36:11 HREF: Kosolov325 (usr:Grandpa Goodman[(96,140,2)]) : tgui=1&window_id=browseroutput&type=ping&payload=%7B%22index%22%3A3%7D
2021-01-15 13:36:14 HREF: Kosolov325 (usr:Grandpa Goodman[(91,139,2)]) : tgui=1&window_id=browseroutput&type=ping&payload=%7B%22index%22%3A4%7D
2021-01-15 13:36:16 HREF: Kosolov325 (usr:Grandpa Goodman[(93,136,2)]) : tgui=1&window_id=browseroutput&type=ping&payload=%7B%22index%22%3A5%7D
2021-01-15 13:36:19 HREF: Kosolov325 (usr:Grandpa Goodman[(93,136,2)]) : tgui=1&window_id=browseroutput&type=ping&payload=%7B%22index%22%3A6%7D
2021-01-15 13:36:21 HREF: Kosolov325 (usr:Grandpa Goodman[(91,136,2)]) : tgui=1&window_id=browseroutput&type=ping&payload=%7B%22index%22%3A7%7D
2021-01-15 13:36:24 HREF: Kosolov325 (usr:Grandpa Goodman[(91,136,2)]) : tgui=1&window_id=browseroutput&type=ping&payload=%7B%22index%22%3A0%7D
2021-01-15 13:36:26 HREF: Kosolov325 (usr:Grandpa Goodman[(92,136,2)]) : tgui=1&window_id=browseroutput&type=ping&payload=%7B%22index%22%3A1%7D
2021-01-15 13:36:29 HREF: Kosolov325 (usr:Grandpa Goodman[(92,136,2)]) : tgui=1&window_id=browseroutput&type=ping&payload=%7B%22index%22%3A2%7D
2021-01-15 13:36:31 HREF: Kosolov325 (usr:Grandpa Goodman[(92,136,2)]) : tgui=1&window_id=browseroutput&type=ping&payload=%7B%22index%22%3A3%7D
2021-01-15 13:36:34 HREF: Kosolov325 (usr:Grandpa Goodman[(92,136,2)]) : tgui=1&window_id=browseroutput&type=ping&payload=%7B%22index%22%3A4%7D
2021-01-15 13:36:36 HREF: Kosolov325 (usr:Grandpa Goodman[(92,136,2)]) : tgui=1&window_id=browseroutput&type=ping&payload=%7B%22index%22%3A5%7D
2021-01-15 13:36:39 HREF: Kosolov325 (usr:Grandpa Goodman[(92,136,2)]) : tgui=1&window_id=browseroutput&type=ping&payload=%7B%22index%22%3A6%7D
2021-01-15 13:36:41 HREF: Kosolov325 (usr:Grandpa Goodman[(92,136,2)]) : tgui=1&window_id=browseroutput&type=ping&payload=%7B%22index%22%3A7%7D
2021-01-15 13:36:44 HREF: Kosolov325 (usr:Grandpa Goodman[(92,135,2)]) : tgui=1&window_id=browseroutput&type=ping&payload=%7B%22index%22%3A0%7D
2021-01-15 13:36:46 HREF: Kosolov325 (usr:Grandpa Goodman[(92,135,2)]) : tgui=1&window_id=browseroutput&type=ping&payload=%7B%22index%22%3A1%7D
2021-01-15 13:36:49 HREF: Kosolov325 (usr:Grandpa Goodman[(92,136,2)]) : tgui=1&window_id=browseroutput&type=ping&payload=%7B%22index%22%3A2%7D
2021-01-15 13:36:52 HREF: Kosolov325 (usr:Grandpa Goodman[(92,136,2)]) : tgui=1&window_id=browseroutput&type=ping&payload=%7B%22index%22%3A3%7D
2021-01-15 13:36:54 HREF: Kosolov325 (usr:Grandpa Goodman[(92,136,2)]) : tgui=1&window_id=browseroutput&type=ping&payload=%7B%22index%22%3A4%7D
2021-01-15 13:36:57 HREF: Kosolov325 (usr:Grandpa Goodman[(92,136,2)]) : tgui=1&window_id=browseroutput&type=ping&payload=%7B%22index%22%3A5%7D
2021-01-15 13:36:59 HREF: Kosolov325 (usr:Grandpa Goodman[(92,136,2)]) : tgui=1&window_id=browseroutput&type=ping&payload=%7B%22index%22%3A6%7D
2021-01-15 13:37:02 HREF: Kosolov325 (usr:Grandpa Goodman[(92,136,2)]) : tgui=1&window_id=browseroutput&type=ping&payload=%7B%22index%22%3A7%7D
2021-01-15 13:37:02 HREF: Kosolov325 (usr:Grandpa Goodman[(92,136,2)]) : _src_=holder;admin_token=241705510350801054753716210810579019;revive=[mob_188]
2021-01-15 13:37:04 HREF: Kosolov325 (usr:Grandpa Goodman[(92,136,2)]) : tgui=1&window_id=browseroutput&type=ping&payload=%7B%22index%22%3A0%7D
2021-01-15 13:37:07 HREF: Kosolov325 (usr:Grandpa Goodman[(92,136,2)]) : tgui=1&window_id=browseroutput&type=ping&payload=%7B%22index%22%3A1%7D
2021-01-15 13:37:09 HREF: Kosolov325 (usr:Grandpa Goodman[(92,136,2)]) : tgui=1&window_id=browseroutput&type=ping&payload=%7B%22index%22%3A2%7D
2021-01-15 13:37:12 HREF: Kosolov325 (usr:Grandpa Goodman[(92,136,2)]) : tgui=1&window_id=browseroutput&type=ping&payload=%7B%22index%22%3A3%7D
2021-01-15 13:37:14 HREF: Kosolov325 (usr:Grandpa Goodman[(92,136,2)]) : tgui=1&window_id=browseroutput&type=ping&payload=%7B%22index%22%3A4%7D
2021-01-15 13:37:17 HREF: Kosolov325 (usr:Grandpa Goodman[(92,136,2)]) : tgui=1&window_id=browseroutput&type=ping&payload=%7B%22index%22%3A5%7D
2021-01-15 13:37:19 HREF: Kosolov325 (usr:Grandpa Goodman[(92,136,2)]) : tgui=1&window_id=browseroutput&type=ping&payload=%7B%22index%22%3A6%7D
2021-01-15 13:37:22 HREF: Kosolov325 (usr:Grandpa Goodman[(92,136,2)]) : tgui=1&window_id=browseroutput&type=ping&payload=%7B%22index%22%3A7%7D
2021-01-15 13:37:24 HREF: Kosolov325 (usr:Grandpa Goodman[(92,136,2)]) : tgui=1&window_id=browseroutput&type=ping&payload=%7B%22index%22%3A0%7D
2021-01-15 13:37:27 HREF: Kosolov325 (usr:Grandpa Goodman[(92,136,2)]) : tgui=1&window_id=browseroutput&type=ping&payload=%7B%22index%22%3A1%7D
2021-01-15 13:37:29 HREF: Kosolov325 (usr:Grandpa Goodman[(92,136,2)]) : tgui=1&window_id=browseroutput&type=ping&payload=%7B%22index%22%3A2%7D
2021-01-15 13:37:30 HREF: Kosolov325 (usr:Grandpa Goodman[(92,136,2)]) : _src_=vars;admin_token=241705510350801054753716210810579019;Vars=[0xf0d932f]
2021-01-15 13:37:32 HREF: Kosolov325 (usr:Grandpa Goodman[(92,136,2)]) : tgui=1&window_id=browseroutput&type=ping&payload=%7B%22index%22%3A3%7D
2021-01-15 13:37:34 HREF: Kosolov325 (usr:Grandpa Goodman[(92,136,2)]) : tgui=1&window_id=browseroutput&type=ping&payload=%7B%22index%22%3A4%7D
2021-01-15 13:37:37 HREF: Kosolov325 (usr:Grandpa Goodman[(92,136,2)]) : tgui=1&window_id=browseroutput&type=ping&payload=%7B%22index%22%3A5%7D
2021-01-15 13:37:39 HREF: Kosolov325 (usr:Grandpa Goodman[(92,136,2)]) : tgui=1&window_id=browseroutput&type=ping&payload=%7B%22index%22%3A6%7D
2021-01-15 13:37:42 HREF: Kosolov325 (usr:Grandpa Goodman[(92,136,2)]) : tgui=1&window_id=browseroutput&type=ping&payload=%7B%22index%22%3A7%7D
2021-01-15 13:37:44 HREF: Kosolov325 (usr:Grandpa Goodman[(92,136,2)]) : tgui=1&window_id=browseroutput&type=ping&payload=%7B%22index%22%3A0%7D
2021-01-15 13:37:47 HREF: Kosolov325 (usr:Grandpa Goodman[(92,136,2)]) : tgui=1&window_id=browseroutput&type=ping&payload=%7B%22index%22%3A1%7D
2021-01-15 13:37:49 HREF: Kosolov325 (usr:Grandpa Goodman[(92,136,2)]) : tgui=1&window_id=browseroutput&type=ping&payload=%7B%22index%22%3A2%7D
2021-01-15 13:37:52 HREF: Kosolov325 (usr:Grandpa Goodman[(92,136,2)]) : tgui=1&window_id=browseroutput&type=ping&payload=%7B%22index%22%3A3%7D
2021-01-15 13:37:54 HREF: Kosolov325 (usr:Grandpa Goodman[(92,136,2)]) : tgui=1&window_id=browseroutput&type=ping&payload=%7B%22index%22%3A4%7D
2021-01-15 13:37:57 HREF: Kosolov325 (usr:Grandpa Goodman[(92,136,2)]) : tgui=1&window_id=browseroutput&type=ping&payload=%7B%22index%22%3A5%7D
2021-01-15 13:37:59 HREF: Kosolov325 (usr:Grandpa Goodman[(92,136,2)]) : tgui=1&window_id=browseroutput&type=ping&payload=%7B%22index%22%3A6%7D
2021-01-15 13:38:02 HREF: Kosolov325 (usr:Grandpa Goodman[(92,136,2)]) : tgui=1&window_id=browseroutput&type=ping&payload=%7B%22index%22%3A7%7D
2021-01-15 13:38:04 HREF: Kosolov325 (usr:Grandpa Goodman[(92,136,2)]) : tgui=1&window_id=browseroutput&type=ping&payload=%7B%22index%22%3A0%7D
2021-01-15 13:38:07 HREF: Kosolov325 (usr:Grandpa Goodman[(92,136,2)]) : tgui=1&window_id=browseroutput&type=ping&payload=%7B%22index%22%3A1%7D
2021-01-15 13:38:09 HREF: Kosolov325 (usr:Grandpa Goodman[(92,136,2)]) : tgui=1&window_id=browseroutput&type=ping&payload=%7B%22index%22%3A2%7D
2021-01-15 13:38:12 HREF: Kosolov325 (usr:Grandpa Goodman[(92,136,2)]) : tgui=1&window_id=browseroutput&type=ping&payload=%7B%22index%22%3A3%7D
2021-01-15 13:38:14 HREF: Kosolov325 (usr:Grandpa Goodman[(92,136,2)]) : tgui=1&window_id=browseroutput&type=ping&payload=%7B%22index%22%3A4%7D
2021-01-15 13:38:17 HREF: Kosolov325 (usr:Grandpa Goodman[(92,136,2)]) : tgui=1&window_id=browseroutput&type=ping&payload=%7B%22index%22%3A5%7D
2021-01-15 13:38:19 HREF: Kosolov325 (usr:Grandpa Goodman[(92,136,2)]) : tgui=1&window_id=browseroutput&type=ping&payload=%7B%22index%22%3A6%7D
2021-01-15 13:38:22 HREF: Kosolov325 (usr:Grandpa Goodman[(92,136,2)]) : tgui=1&window_id=browseroutput&type=ping&payload=%7B%22index%22%3A7%7D
2021-01-15 13:38:24 HREF: Kosolov325 (usr:Grandpa Goodman[(92,136,2)]) : tgui=1&window_id=browseroutput&type=ping&payload=%7B%22index%22%3A0%7D
2021-01-15 13:38:27 HREF: Kosolov325 (usr:Grandpa Goodman[(92,136,2)]) : tgui=1&window_id=browseroutput&type=ping&payload=%7B%22index%22%3A1%7D
2021-01-15 13:38:29 HREF: Kosolov325 (usr:Grandpa Goodman[(92,136,2)]) : tgui=1&window_id=browseroutput&type=ping&payload=%7B%22index%22%3A2%7D
2021-01-15 13:38:32 HREF: Kosolov325 (usr:Grandpa Goodman[(92,136,2)]) : tgui=1&window_id=browseroutput&type=ping&payload=%7B%22index%22%3A3%7D
2021-01-15 13:38:34 HREF: Kosolov325 (usr:Grandpa Goodman[(92,136,2)]) : tgui=1&window_id=browseroutput&type=ping&payload=%7B%22index%22%3A4%7D
2021-01-15 13:38:37 HREF: Kosolov325 (usr:Grandpa Goodman[(92,136,2)]) : tgui=1&window_id=browseroutput&type=ping&payload=%7B%22index%22%3A5%7D
2021-01-15 13:38:39 HREF: Kosolov325 (usr:Grandpa Goodman[(92,136,2)]) : tgui=1&window_id=browseroutput&type=ping&payload=%7B%22index%22%3A6%7D
2021-01-15 13:38:42 HREF: Kosolov325 (usr:Grandpa Goodman[(92,136,2)]) : tgui=1&window_id=browseroutput&type=ping&payload=%7B%22index%22%3A7%7D
2021-01-15 13:38:44 HREF: Kosolov325 (usr:Grandpa Goodman[(92,136,2)]) : tgui=1&window_id=browseroutput&type=ping&payload=%7B%22index%22%3A0%7D
2021-01-15 13:38:47 HREF: Kosolov325 (usr:Grandpa Goodman[(92,136,2)]) : tgui=1&window_id=browseroutput&type=ping&payload=%7B%22index%22%3A1%7D
2021-01-15 13:38:49 HREF: Kosolov325 (usr:Grandpa Goodman[(92,136,2)]) : tgui=1&window_id=browseroutput&type=ping&payload=%7B%22index%22%3A2%7D
2021-01-15 13:38:52 HREF: Kosolov325 (usr:Grandpa Goodman[(92,136,2)]) : tgui=1&window_id=browseroutput&type=ping&payload=%7B%22index%22%3A3%7D
2021-01-15 13:38:54 HREF: Kosolov325 (usr:Grandpa Goodman[(92,136,2)]) : tgui=1&window_id=browseroutput&type=ping&payload=%7B%22index%22%3A4%7D
2021-01-15 13:38:57 HREF: Kosolov325 (usr:Grandpa Goodman[(92,136,2)]) : tgui=1&window_id=browseroutput&type=ping&payload=%7B%22index%22%3A5%7D
2021-01-15 13:38:59 HREF: Kosolov325 (usr:Grandpa Goodman[(92,136,2)]) : tgui=1&window_id=browseroutput&type=ping&payload=%7B%22index%22%3A6%7D
2021-01-15 13:39:02 HREF: Kosolov325 (usr:Grandpa Goodman[(92,136,2)]) : tgui=1&window_id=browseroutput&type=ping&payload=%7B%22index%22%3A7%7D
2021-01-15 13:39:04 HREF: Kosolov325 (usr:Grandpa Goodman[(92,136,2)]) : tgui=1&window_id=browseroutput&type=ping&payload=%7B%22index%22%3A0%7D
2021-01-15 13:39:07 HREF: Kosolov325 (usr:Grandpa Goodman[(92,136,2)]) : tgui=1&window_id=browseroutput&type=ping&payload=%7B%22index%22%3A1%7D
2021-01-15 13:39:09 HREF: Kosolov325 (usr:Grandpa Goodman[(92,136,2)]) : tgui=1&window_id=browseroutput&type=ping&payload=%7B%22index%22%3A2%7D
2021-01-15 13:39:12 HREF: Kosolov325 (usr:Grandpa Goodman[(92,136,2)]) : tgui=1&window_id=browseroutput&type=ping&payload=%7B%22index%22%3A3%7D
2021-01-15 13:39:14 HREF: Kosolov325 (usr:Grandpa Goodman[(92,136,2)]) : tgui=1&window_id=browseroutput&type=ping&payload=%7B%22index%22%3A4%7D
2021-01-15 13:39:17 HREF: Kosolov325 (usr:Grandpa Goodman[(92,136,2)]) : tgui=1&window_id=browseroutput&type=ping&payload=%7B%22index%22%3A5%7D
2021-01-15 13:39:20 HREF: Kosolov325 (usr:Grandpa Goodman[(92,136,2)]) : tgui=1&window_id=browseroutput&type=ping&payload=%7B%22index%22%3A6%7D
2021-01-15 13:39:22 HREF: Kosolov325 (usr:Grandpa Goodman[(92,136,2)]) : tgui=1&window_id=browseroutput&type=ping&payload=%7B%22index%22%3A7%7D
2021-01-15 13:39:25 HREF: Kosolov325 (usr:Grandpa Goodman[(92,136,2)]) : tgui=1&window_id=browseroutput&type=ping&payload=%7B%22index%22%3A0%7D
2021-01-15 13:39:27 HREF: Kosolov325 (usr:Grandpa Goodman[(92,136,2)]) : tgui=1&window_id=browseroutput&type=ping&payload=%7B%22index%22%3A1%7D
2021-01-15 13:39:30 HREF: Kosolov325 (usr:Grandpa Goodman[(92,136,2)]) : tgui=1&window_id=browseroutput&type=ping&payload=%7B%22index%22%3A2%7D
2021-01-15 13:39:32 HREF: Kosolov325 (usr:Grandpa Goodman[(92,136,2)]) : tgui=1&window_id=browseroutput&type=ping&payload=%7B%22index%22%3A3%7D
2021-01-15 13:39:35 HREF: Kosolov325 (usr:Grandpa Goodman[(92,136,2)]) : tgui=1&window_id=browseroutput&type=ping&payload=%7B%22index%22%3A4%7D
2021-01-15 13:39:37 HREF: Kosolov325 (usr:Grandpa Goodman[(92,136,2)]) : tgui=1&window_id=browseroutput&type=ping&payload=%7B%22index%22%3A5%7D
2021-01-15 13:39:40 HREF: Kosolov325 (usr:Grandpa Goodman[(92,136,2)]) : tgui=1&window_id=browseroutput&type=ping&payload=%7B%22index%22%3A6%7D
2021-01-15 13:39:42 HREF: Kosolov325 (usr:Grandpa Goodman[(92,136,2)]) : tgui=1&window_id=browseroutput&type=ping&payload=%7B%22index%22%3A7%7D
2021-01-15 13:39:45 HREF: Kosolov325 (usr:Grandpa Goodman[(92,136,2)]) : tgui=1&window_id=browseroutput&type=ping&payload=%7B%22index%22%3A0%7D
2021-01-15 13:39:47 HREF: Kosolov325 (usr:Grandpa Goodman[(92,136,2)]) : tgui=1&window_id=browseroutput&type=ping&payload=%7B%22index%22%3A1%7D
2021-01-15 13:39:50 HREF: Kosolov325 (usr:Grandpa Goodman[(92,136,2)]) : tgui=1&window_id=browseroutput&type=ping&payload=%7B%22index%22%3A2%7D
2021-01-15 13:39:52 HREF: Kosolov325 (usr:Grandpa Goodman[(92,136,2)]) : tgui=1&window_id=browseroutput&type=ping&payload=%7B%22index%22%3A3%7D
2021-01-15 13:39:55 HREF: Kosolov325 (usr:Grandpa Goodman[(92,136,2)]) : tgui=1&window_id=browseroutput&type=ping&payload=%7B%22index%22%3A4%7D
2021-01-15 13:39:57 HREF: Kosolov325 (usr:Grandpa Goodman[(92,136,2)]) : tgui=1&window_id=browseroutput&type=ping&payload=%7B%22index%22%3A5%7D
2021-01-15 13:40:00 HREF: Kosolov325 (usr:Grandpa Goodman[(92,136,2)]) : tgui=1&window_id=browseroutput&type=ping&payload=%7B%22index%22%3A6%7D
2021-01-15 13:40:02 HREF: Kosolov325 (usr:Grandpa Goodman[(92,136,2)]) : tgui=1&window_id=browseroutput&type=ping&payload=%7B%22index%22%3A7%7D
2021-01-15 13:40:05 HREF: Kosolov325 (usr:Grandpa Goodman[(92,136,2)]) : tgui=1&window_id=browseroutput&type=ping&payload=%7B%22index%22%3A0%7D
2021-01-15 13:40:07 HREF: Kosolov325 (usr:Grandpa Goodman[(92,136,2)]) : tgui=1&window_id=browseroutput&type=ping&payload=%7B%22index%22%3A1%7D
2021-01-15 13:40:10 HREF: Kosolov325 (usr:Grandpa Goodman[(92,136,2)]) : tgui=1&window_id=browseroutput&type=ping&payload=%7B%22index%22%3A2%7D
2021-01-15 13:40:12 HREF: Kosolov325 (usr:Grandpa Goodman[(92,136,2)]) : tgui=1&window_id=browseroutput&type=ping&payload=%7B%22index%22%3A3%7D
2021-01-15 13:40:15 HREF: Kosolov325 (usr:Grandpa Goodman[(92,136,2)]) : tgui=1&window_id=browseroutput&type=ping&payload=%7B%22index%22%3A4%7D
2021-01-15 13:40:17 HREF: Kosolov325 (usr:Grandpa Goodman[(92,136,2)]) : tgui=1&window_id=browseroutput&type=ping&payload=%7B%22index%22%3A5%7D
2021-01-15 13:40:20 HREF: Kosolov325 (usr:Grandpa Goodman[(92,136,2)]) : tgui=1&window_id=browseroutput&type=ping&payload=%7B%22index%22%3A6%7D
2021-01-15 13:40:22 HREF: Kosolov325 (usr:Grandpa Goodman[(92,136,2)]) : tgui=1&window_id=browseroutput&type=ping&payload=%7B%22index%22%3A7%7D
2021-01-15 13:40:25 HREF: Kosolov325 (usr:Grandpa Goodman[(92,136,2)]) : tgui=1&window_id=browseroutput&type=ping&payload=%7B%22index%22%3A0%7D
2021-01-15 13:40:27 HREF: Kosolov325 (usr:Grandpa Goodman[(92,136,2)]) : tgui=1&window_id=browseroutput&type=ping&payload=%7B%22index%22%3A1%7D
2021-01-15 13:40:30 HREF: Kosolov325 (usr:Grandpa Goodman[(92,136,2)]) : tgui=1&window_id=browseroutput&type=ping&payload=%7B%22index%22%3A2%7D
2021-01-15 13:40:32 HREF: Kosolov325 (usr:Grandpa Goodman[(92,136,2)]) : tgui=1&window_id=browseroutput&type=ping&payload=%7B%22index%22%3A3%7D
2021-01-15 13:40:35 HREF: Kosolov325 (usr:Grandpa Goodman[(92,136,2)]) : tgui=1&window_id=browseroutput&type=ping&payload=%7B%22index%22%3A4%7D
2021-01-15 13:40:37 HREF: Kosolov325 (usr:Grandpa Goodman[(92,136,2)]) : tgui=1&window_id=browseroutput&type=ping&payload=%7B%22index%22%3A5%7D
2021-01-15 13:40:40 HREF: Kosolov325 (usr:Grandpa Goodman[(92,136,2)]) : tgui=1&window_id=browseroutput&type=ping&payload=%7B%22index%22%3A6%7D
2021-01-15 13:40:42 HREF: Kosolov325 (usr:Grandpa Goodman[(92,136,2)]) : tgui=1&window_id=browseroutput&type=ping&payload=%7B%22index%22%3A7%7D
2021-01-15 13:40:45 HREF: Kosolov325 (usr:Grandpa Goodman[(92,136,2)]) : tgui=1&window_id=browseroutput&type=ping&payload=%7B%22index%22%3A0%7D
2021-01-15 13:40:47 HREF: Kosolov325 (usr:Grandpa Goodman[(92,136,2)]) : tgui=1&window_id=browseroutput&type=ping&payload=%7B%22index%22%3A1%7D
2021-01-15 13:40:50 HREF: Kosolov325 (usr:Grandpa Goodman[(92,136,2)]) : tgui=1&window_id=browseroutput&type=ping&payload=%7B%22index%22%3A2%7D
2021-01-15 13:40:52 HREF: Kosolov325 (usr:Grandpa Goodman[(92,136,2)]) : tgui=1&window_id=browseroutput&type=ping&payload=%7B%22index%22%3A3%7D
2021-01-15 13:40:55 HREF: Kosolov325 (usr:Grandpa Goodman[(92,136,2)]) : tgui=1&window_id=browseroutput&type=ping&payload=%7B%22index%22%3A4%7D
2021-01-15 13:40:57 HREF: Kosolov325 (usr:Grandpa Goodman[(92,136,2)]) : tgui=1&window_id=browseroutput&type=ping&payload=%7B%22index%22%3A5%7D
2021-01-15 13:41:00 HREF: Kosolov325 (usr:Grandpa Goodman[(92,136,2)]) : tgui=1&window_id=browseroutput&type=ping&payload=%7B%22index%22%3A6%7D
2021-01-15 13:41:02 HREF: Kosolov325 (usr:Grandpa Goodman[(92,136,2)]) : tgui=1&window_id=browseroutput&type=ping&payload=%7B%22index%22%3A7%7D
2021-01-15 13:41:05 HREF: Kosolov325 (usr:Grandpa Goodman[(92,136,2)]) : tgui=1&window_id=browseroutput&type=ping&payload=%7B%22index%22%3A0%7D
2021-01-15 13:41:07 HREF: Kosolov325 (usr:Grandpa Goodman[(92,136,2)]) : tgui=1&window_id=browseroutput&type=ping&payload=%7B%22index%22%3A1%7D
2021-01-15 13:41:10 HREF: Kosolov325 (usr:Grandpa Goodman[(92,136,2)]) : tgui=1&window_id=browseroutput&type=ping&payload=%7B%22index%22%3A2%7D
2021-01-15 13:41:12 HREF: Kosolov325 (usr:Grandpa Goodman[(92,136,2)]) : tgui=1&window_id=browseroutput&type=ping&payload=%7B%22index%22%3A3%7D
2021-01-15 13:41:15 HREF: Kosolov325 (usr:Grandpa Goodman[(92,136,2)]) : tgui=1&window_id=browseroutput&type=ping&payload=%7B%22index%22%3A4%7D
2021-01-15 13:41:17 HREF: Kosolov325 (usr:Grandpa Goodman[(92,136,2)]) : tgui=1&window_id=browseroutput&type=ping&payload=%7B%22index%22%3A5%7D
2021-01-15 13:41:20 HREF: Kosolov325 (usr:Grandpa Goodman[(92,136,2)]) : tgui=1&window_id=browseroutput&type=ping&payload=%7B%22index%22%3A6%7D
2021-01-15 13:41:22 HREF: Kosolov325 (usr:Grandpa Goodman[(92,136,2)]) : tgui=1&window_id=browseroutput&type=ping&payload=%7B%22index%22%3A7%7D
2021-01-15 13:41:25 HREF: Kosolov325 (usr:Grandpa Goodman[(92,136,2)]) : tgui=1&window_id=browseroutput&type=ping&payload=%7B%22index%22%3A0%7D
2021-01-15 13:41:27 HREF: Kosolov325 (usr:Grandpa Goodman[(92,136,2)]) : tgui=1&window_id=browseroutput&type=ping&payload=%7B%22index%22%3A1%7D
2021-01-15 13:41:30 HREF: Kosolov325 (usr:Grandpa Goodman[(92,136,2)]) : tgui=1&window_id=browseroutput&type=ping&payload=%7B%22index%22%3A2%7D
2021-01-15 13:41:32 HREF: Kosolov325 (usr:Grandpa Goodman[(92,136,2)]) : tgui=1&window_id=browseroutput&type=ping&payload=%7B%22index%22%3A3%7D
2021-01-15 13:41:35 HREF: Kosolov325 (usr:Grandpa Goodman[(92,136,2)]) : tgui=1&window_id=browseroutput&type=ping&payload=%7B%22index%22%3A4%7D
2021-01-15 13:41:37 HREF: Kosolov325 (usr:Grandpa Goodman[(92,136,2)]) : tgui=1&window_id=browseroutput&type=ping&payload=%7B%22index%22%3A5%7D
2021-01-15 13:41:40 HREF: Kosolov325 (usr:Grandpa Goodman[(92,136,2)]) : tgui=1&window_id=browseroutput&type=ping&payload=%7B%22index%22%3A6%7D
2021-01-15 13:41:42 HREF: Kosolov325 (usr:Grandpa Goodman[(92,136,2)]) : tgui=1&window_id=browseroutput&type=ping&payload=%7B%22index%22%3A7%7D
2021-01-15 13:41:45 HREF: Kosolov325 (usr:Grandpa Goodman[(92,136,2)]) : tgui=1&window_id=browseroutput&type=ping&payload=%7B%22index%22%3A0%7D
2021-01-15 13:41:47 HREF: Kosolov325 (usr:Grandpa Goodman[(92,136,2)]) : tgui=1&window_id=browseroutput&type=ping&payload=%7B%22index%22%3A1%7D
2021-01-15 13:41:50 HREF: Kosolov325 (usr:Grandpa Goodman[(92,136,2)]) : tgui=1&window_id=browseroutput&type=ping&payload=%7B%22index%22%3A2%7D
2021-01-15 13:41:52 HREF: Kosolov325 (usr:Grandpa Goodman[(92,136,2)]) : tgui=1&window_id=browseroutput&type=ping&payload=%7B%22index%22%3A3%7D
2021-01-15 13:41:55 HREF: Kosolov325 (usr:Grandpa Goodman[(92,136,2)]) : tgui=1&window_id=browseroutput&type=ping&payload=%7B%22index%22%3A4%7D
2021-01-15 13:41:57 HREF: Kosolov325 (usr:Grandpa Goodman[(92,136,2)]) : tgui=1&window_id=browseroutput&type=ping&payload=%7B%22index%22%3A5%7D
2021-01-15 13:42:00 HREF: Kosolov325 (usr:Grandpa Goodman[(92,136,2)]) : tgui=1&window_id=browseroutput&type=ping&payload=%7B%22index%22%3A6%7D
2021-01-15 13:42:02 HREF: Kosolov325 (usr:Grandpa Goodman[(92,136,2)]) : tgui=1&window_id=browseroutput&type=ping&payload=%7B%22index%22%3A7%7D
2021-01-15 13:42:05 HREF: Kosolov325 (usr:Grandpa Goodman[(92,136,2)]) : tgui=1&window_id=browseroutput&type=ping&payload=%7B%22index%22%3A0%7D
2021-01-15 13:42:07 HREF: Kosolov325 (usr:Grandpa Goodman[(92,136,2)]) : tgui=1&window_id=browseroutput&type=ping&payload=%7B%22index%22%3A1%7D
2021-01-15 13:42:10 HREF: Kosolov325 (usr:Grandpa Goodman[(92,136,2)]) : tgui=1&window_id=browseroutput&type=ping&payload=%7B%22index%22%3A2%7D
2021-01-15 13:42:12 HREF: Kosolov325 (usr:Grandpa Goodman[(92,136,2)]) : tgui=1&window_id=browseroutput&type=ping&payload=%7B%22index%22%3A3%7D
2021-01-15 13:42:15 HREF: Kosolov325 (usr:Grandpa Goodman[(92,136,2)]) : tgui=1&window_id=browseroutput&type=ping&payload=%7B%22index%22%3A4%7D
2021-01-15 13:42:17 HREF: Kosolov325 (usr:Grandpa Goodman[(92,136,2)]) : tgui=1&window_id=browseroutput&type=ping&payload=%7B%22index%22%3A5%7D
2021-01-15 13:42:20 HREF: Kosolov325 (usr:Grandpa Goodman[(92,136,2)]) : tgui=1&window_id=browseroutput&type=ping&payload=%7B%22index%22%3A6%7D
2021-01-15 13:42:22 HREF: Kosolov325 (usr:Grandpa Goodman[(92,136,2)]) : tgui=1&window_id=browseroutput&type=ping&payload=%7B%22index%22%3A7%7D
2021-01-15 13:42:25 HREF: Kosolov325 (usr:Grandpa Goodman[(92,136,2)]) : tgui=1&window_id=browseroutput&type=ping&payload=%7B%22index%22%3A0%7D
2021-01-15 13:42:27 HREF: Kosolov325 (usr:Grandpa Goodman[(92,136,2)]) : tgui=1&window_id=browseroutput&type=ping&payload=%7B%22index%22%3A1%7D
2021-01-15 13:42:30 HREF: Kosolov325 (usr:Grandpa Goodman[(92,136,2)]) : tgui=1&window_id=browseroutput&type=ping&payload=%7B%22index%22%3A2%7D
2021-01-15 13:42:32 HREF: Kosolov325 (usr:Grandpa Goodman[(92,136,2)]) : tgui=1&window_id=browseroutput&type=ping&payload=%7B%22index%22%3A3%7D
2021-01-15 13:42:35 HREF: Kosolov325 (usr:Grandpa Goodman[(92,136,2)]) : tgui=1&window_id=browseroutput&type=ping&payload=%7B%22index%22%3A4%7D
2021-01-15 13:42:37 HREF: Kosolov325 (usr:Grandpa Goodman[(92,136,2)]) : tgui=1&window_id=browseroutput&type=ping&payload=%7B%22index%22%3A5%7D
2021-01-15 13:42:40 HREF: Kosolov325 (usr:Grandpa Goodman[(92,136,2)]) : tgui=1&window_id=browseroutput&type=ping&payload=%7B%22index%22%3A6%7D
2021-01-15 13:42:42 HREF: Kosolov325 (usr:Grandpa Goodman[(92,136,2)]) : tgui=1&window_id=browseroutput&type=ping&payload=%7B%22index%22%3A7%7D
2021-01-15 13:42:45 HREF: Kosolov325 (usr:Grandpa Goodman[(92,136,2)]) : tgui=1&window_id=browseroutput&type=ping&payload=%7B%22index%22%3A0%7D
2021-01-15 13:42:47 HREF: Kosolov325 (usr:Grandpa Goodman[(92,136,2)]) : tgui=1&window_id=browseroutput&type=ping&payload=%7B%22index%22%3A1%7D
2021-01-15 13:42:50 HREF: Kosolov325 (usr:Grandpa Goodman[(92,136,2)]) : tgui=1&window_id=browseroutput&type=ping&payload=%7B%22index%22%3A2%7D
2021-01-15 13:42:53 HREF: Kosolov325 (usr:Grandpa Goodman[(92,136,2)]) : tgui=1&window_id=browseroutput&type=ping&payload=%7B%22index%22%3A3%7D
2021-01-15 13:42:55 HREF: Kosolov325 (usr:Grandpa Goodman[(92,136,2)]) : tgui=1&window_id=browseroutput&type=ping&payload=%7B%22index%22%3A4%7D
2021-01-15 13:42:58 HREF: Kosolov325 (usr:Grandpa Goodman[(92,136,2)]) : tgui=1&window_id=browseroutput&type=ping&payload=%7B%22index%22%3A5%7D
2021-01-15 13:43:00 HREF: Kosolov325 (usr:Grandpa Goodman[(92,136,2)]) : tgui=1&window_id=browseroutput&type=ping&payload=%7B%22index%22%3A6%7D
2021-01-15 13:43:03 HREF: Kosolov325 (usr:Grandpa Goodman[(92,136,2)]) : tgui=1&window_id=browseroutput&type=ping&payload=%7B%22index%22%3A7%7D
2021-01-15 13:43:05 HREF: Kosolov325 (usr:Grandpa Goodman[(92,136,2)]) : tgui=1&window_id=browseroutput&type=ping&payload=%7B%22index%22%3A0%7D
2021-01-15 13:43:08 HREF: Kosolov325 (usr:Grandpa Goodman[(92,136,2)]) : tgui=1&window_id=browseroutput&type=ping&payload=%7B%22index%22%3A1%7D
2021-01-15 13:43:10 HREF: Kosolov325 (usr:Grandpa Goodman[(92,136,2)]) : tgui=1&window_id=browseroutput&type=ping&payload=%7B%22index%22%3A2%7D
2021-01-15 13:43:13 HREF: Kosolov325 (usr:Grandpa Goodman[(92,136,2)]) : tgui=1&window_id=browseroutput&type=ping&payload=%7B%22index%22%3A3%7D
2021-01-15 13:43:15 HREF: Kosolov325 (usr:Grandpa Goodman[(92,136,2)]) : tgui=1&window_id=browseroutput&type=ping&payload=%7B%22index%22%3A4%7D
2021-01-15 13:43:18 HREF: Kosolov325 (usr:Grandpa Goodman[(92,136,2)]) : tgui=1&window_id=browseroutput&type=ping&payload=%7B%22index%22%3A5%7D
2021-01-15 13:43:20 HREF: Kosolov325 (usr:Grandpa Goodman[(92,136,2)]) : tgui=1&window_id=browseroutput&type=ping&payload=%7B%22index%22%3A6%7D
2021-01-15 13:43:23 HREF: Kosolov325 (usr:Grandpa Goodman[(92,136,2)]) : tgui=1&window_id=browseroutput&type=ping&payload=%7B%22index%22%3A7%7D
2021-01-15 13:43:25 HREF: Kosolov325 (usr:Grandpa Goodman[(92,136,2)]) : tgui=1&window_id=browseroutput&type=ping&payload=%7B%22index%22%3A0%7D
2021-01-15 13:43:28 HREF: Kosolov325 (usr:Grandpa Goodman[(92,136,2)]) : tgui=1&window_id=browseroutput&type=ping&payload=%7B%22index%22%3A1%7D
2021-01-15 13:43:30 HREF: Kosolov325 (usr:Grandpa Goodman[(92,136,2)]) : tgui=1&window_id=browseroutput&type=ping&payload=%7B%22index%22%3A2%7D
2021-01-15 13:43:33 HREF: Kosolov325 (usr:Grandpa Goodman[(92,136,2)]) : tgui=1&window_id=browseroutput&type=ping&payload=%7B%22index%22%3A3%7D
2021-01-15 13:43:35 HREF: Kosolov325 (usr:Grandpa Goodman[(92,136,2)]) : tgui=1&window_id=browseroutput&type=ping&payload=%7B%22index%22%3A4%7D
2021-01-15 13:43:38 HREF: Kosolov325 (usr:Grandpa Goodman[(92,136,2)]) : tgui=1&window_id=browseroutput&type=ping&payload=%7B%22index%22%3A5%7D
2021-01-15 13:43:40 HREF: Kosolov325 (usr:Grandpa Goodman[(92,136,2)]) : tgui=1&window_id=browseroutput&type=ping&payload=%7B%22index%22%3A6%7D
2021-01-15 13:43:43 HREF: Kosolov325 (usr:Grandpa Goodman[(92,136,2)]) : tgui=1&window_id=browseroutput&type=ping&payload=%7B%22index%22%3A7%7D
2021-01-15 13:43:45 HREF: Kosolov325 (usr:Grandpa Goodman[(92,136,2)]) : tgui=1&window_id=browseroutput&type=ping&payload=%7B%22index%22%3A0%7D
2021-01-15 13:43:48 HREF: Kosolov325 (usr:Grandpa Goodman[(92,136,2)]) : tgui=1&window_id=browseroutput&type=ping&payload=%7B%22index%22%3A1%7D
2021-01-15 13:43:50 HREF: Kosolov325 (usr:Grandpa Goodman[(92,136,2)]) : tgui=1&window_id=browseroutput&type=ping&payload=%7B%22index%22%3A2%7D
2021-01-15 13:43:53 HREF: Kosolov325 (usr:Grandpa Goodman[(92,136,2)]) : tgui=1&window_id=browseroutput&type=ping&payload=%7B%22index%22%3A3%7D
2021-01-15 13:43:55 HREF: Kosolov325 (usr:Grandpa Goodman[(92,136,2)]) : tgui=1&window_id=browseroutput&type=ping&payload=%7B%22index%22%3A4%7D
2021-01-15 13:43:58 HREF: Kosolov325 (usr:Grandpa Goodman[(92,136,2)]) : tgui=1&window_id=browseroutput&type=ping&payload=%7B%22index%22%3A5%7D
2021-01-15 13:44:00 HREF: Kosolov325 (usr:Grandpa Goodman[(92,136,2)]) : tgui=1&window_id=browseroutput&type=ping&payload=%7B%22index%22%3A6%7D
2021-01-15 13:44:03 HREF: Kosolov325 (usr:Grandpa Goodman[(92,136,2)]) : tgui=1&window_id=browseroutput&type=ping&payload=%7B%22index%22%3A7%7D
2021-01-15 13:44:05 HREF: Kosolov325 (usr:Grandpa Goodman[(92,136,2)]) : tgui=1&window_id=browseroutput&type=ping&payload=%7B%22index%22%3A0%7D
2021-01-15 13:44:08 HREF: Kosolov325 (usr:Grandpa Goodman[(92,136,2)]) : tgui=1&window_id=browseroutput&type=ping&payload=%7B%22index%22%3A1%7D
2021-01-15 13:44:10 HREF: Kosolov325 (usr:Grandpa Goodman[(92,136,2)]) : tgui=1&window_id=browseroutput&type=ping&payload=%7B%22index%22%3A2%7D
2021-01-15 13:44:13 HREF: Kosolov325 (usr:Grandpa Goodman[(92,136,2)]) : tgui=1&window_id=browseroutput&type=ping&payload=%7B%22index%22%3A3%7D
2021-01-15 13:44:15 HREF: Kosolov325 (usr:Grandpa Goodman[(92,136,2)]) : tgui=1&window_id=browseroutput&type=ping&payload=%7B%22index%22%3A4%7D
2021-01-15 13:44:18 HREF: Kosolov325 (usr:Grandpa Goodman[(92,136,2)]) : tgui=1&window_id=browseroutput&type=ping&payload=%7B%22index%22%3A5%7D
2021-01-15 13:44:20 HREF: Kosolov325 (usr:Grandpa Goodman[(92,136,2)]) : tgui=1&window_id=browseroutput&type=ping&payload=%7B%22index%22%3A6%7D
2021-01-15 13:44:23 HREF: Kosolov325 (usr:Grandpa Goodman[(92,136,2)]) : tgui=1&window_id=browseroutput&type=ping&payload=%7B%22index%22%3A7%7D
2021-01-15 13:44:25 HREF: Kosolov325 (usr:Grandpa Goodman[(92,136,2)]) : tgui=1&window_id=browseroutput&type=ping&payload=%7B%22index%22%3A0%7D
2021-01-15 13:44:28 HREF: Kosolov325 (usr:Grandpa Goodman[(92,136,2)]) : tgui=1&window_id=browseroutput&type=ping&payload=%7B%22index%22%3A1%7D
2021-01-15 13:44:30 HREF: Kosolov325 (usr:Grandpa Goodman[(92,136,2)]) : tgui=1&window_id=browseroutput&type=ping&payload=%7B%22index%22%3A2%7D
2021-01-15 13:44:33 HREF: Kosolov325 (usr:Grandpa Goodman[(92,136,2)]) : tgui=1&window_id=browseroutput&type=ping&payload=%7B%22index%22%3A3%7D
2021-01-15 13:44:35 HREF: Kosolov325 (usr:Grandpa Goodman[(92,136,2)]) : tgui=1&window_id=browseroutput&type=ping&payload=%7B%22index%22%3A4%7D
2021-01-15 13:44:38 HREF: Kosolov325 (usr:Grandpa Goodman[(92,136,2)]) : tgui=1&window_id=browseroutput&type=ping&payload=%7B%22index%22%3A5%7D
2021-01-15 13:44:40 HREF: Kosolov325 (usr:Grandpa Goodman[(92,136,2)]) : tgui=1&window_id=browseroutput&type=ping&payload=%7B%22index%22%3A6%7D
2021-01-15 13:44:43 HREF: Kosolov325 (usr:Grandpa Goodman[(92,136,2)]) : tgui=1&window_id=browseroutput&type=ping&payload=%7B%22index%22%3A7%7D
2021-01-15 13:44:45 HREF: Kosolov325 (usr:Grandpa Goodman[(92,136,2)]) : tgui=1&window_id=browseroutput&type=ping&payload=%7B%22index%22%3A0%7D
2021-01-15 13:44:48 HREF: Kosolov325 (usr:Grandpa Goodman[(92,136,2)]) : tgui=1&window_id=browseroutput&type=ping&payload=%7B%22index%22%3A1%7D
2021-01-15 13:44:50 HREF: Kosolov325 (usr:Grandpa Goodman[(92,136,2)]) : tgui=1&window_id=browseroutput&type=ping&payload=%7B%22index%22%3A2%7D
2021-01-15 13:44:53 HREF: Kosolov325 (usr:Grandpa Goodman[(92,136,2)]) : tgui=1&window_id=browseroutput&type=ping&payload=%7B%22index%22%3A3%7D
2021-01-15 13:44:55 HREF: Kosolov325 (usr:Grandpa Goodman[(92,136,2)]) : tgui=1&window_id=browseroutput&type=ping&payload=%7B%22index%22%3A4%7D
2021-01-15 13:44:58 HREF: Kosolov325 (usr:Grandpa Goodman[(92,136,2)]) : tgui=1&window_id=browseroutput&type=ping&payload=%7B%22index%22%3A5%7D
2021-01-15 13:45:00 HREF: Kosolov325 (usr:Grandpa Goodman[(92,136,2)]) : tgui=1&window_id=browseroutput&type=ping&payload=%7B%22index%22%3A6%7D
2021-01-15 13:45:03 HREF: Kosolov325 (usr:Grandpa Goodman[(92,136,2)]) : tgui=1&window_id=browseroutput&type=ping&payload=%7B%22index%22%3A7%7D
2021-01-15 13:45:05 HREF: Kosolov325 (usr:Grandpa Goodman[(92,136,2)]) : tgui=1&window_id=browseroutput&type=ping&payload=%7B%22index%22%3A0%7D
2021-01-15 13:45:08 HREF: Kosolov325 (usr:Grandpa Goodman[(92,136,2)]) : tgui=1&window_id=browseroutput&type=ping&payload=%7B%22index%22%3A1%7D
2021-01-15 13:45:10 HREF: Kosolov325 (usr:Grandpa Goodman[(92,136,2)]) : tgui=1&window_id=browseroutput&type=ping&payload=%7B%22index%22%3A2%7D
2021-01-15 13:45:13 HREF: Kosolov325 (usr:Grandpa Goodman[(92,136,2)]) : tgui=1&window_id=browseroutput&type=ping&payload=%7B%22index%22%3A3%7D
2021-01-15 13:45:15 HREF: Kosolov325 (usr:Grandpa Goodman[(92,136,2)]) : tgui=1&window_id=browseroutput&type=ping&payload=%7B%22index%22%3A4%7D
2021-01-15 13:45:18 HREF: Kosolov325 (usr:Grandpa Goodman[(92,136,2)]) : tgui=1&window_id=browseroutput&type=ping&payload=%7B%22index%22%3A5%7D
2021-01-15 13:45:21 HREF: Kosolov325 (usr:Grandpa Goodman[(92,136,2)]) : tgui=1&window_id=browseroutput&type=ping&payload=%7B%22index%22%3A6%7D
2021-01-15 13:45:23 HREF: Kosolov325 (usr:Grandpa Goodman[(92,136,2)]) : tgui=1&window_id=browseroutput&type=ping&payload=%7B%22index%22%3A7%7D
2021-01-15 13:45:26 HREF: Kosolov325 (usr:Grandpa Goodman[(92,136,2)]) : tgui=1&window_id=browseroutput&type=ping&payload=%7B%22index%22%3A0%7D
2021-01-15 13:45:28 HREF: Kosolov325 (usr:Grandpa Goodman[(92,136,2)]) : tgui=1&window_id=browseroutput&type=ping&payload=%7B%22index%22%3A1%7D
2021-01-15 13:45:31 HREF: Kosolov325 (usr:Grandpa Goodman[(92,136,2)]) : tgui=1&window_id=browseroutput&type=ping&payload=%7B%22index%22%3A2%7D
2021-01-15 13:45:33 HREF: Kosolov325 (usr:Grandpa Goodman[(92,136,2)]) : tgui=1&window_id=browseroutput&type=ping&payload=%7B%22index%22%3A3%7D
2021-01-15 13:45:36 HREF: Kosolov325 (usr:Grandpa Goodman[(92,136,2)]) : tgui=1&window_id=browseroutput&type=ping&payload=%7B%22index%22%3A4%7D
2021-01-15 13:45:38 HREF: Kosolov325 (usr:Grandpa Goodman[(92,136,2)]) : tgui=1&window_id=browseroutput&type=ping&payload=%7B%22index%22%3A5%7D
2021-01-15 13:45:41 HREF: Kosolov325 (usr:Grandpa Goodman[(92,136,2)]) : tgui=1&window_id=browseroutput&type=ping&payload=%7B%22index%22%3A6%7D
2021-01-15 13:45:43 HREF: Kosolov325 (usr:Grandpa Goodman[(92,136,2)]) : tgui=1&window_id=browseroutput&type=ping&payload=%7B%22index%22%3A7%7D
2021-01-15 13:45:46 HREF: Kosolov325 (usr:Grandpa Goodman[(92,136,2)]) : tgui=1&window_id=browseroutput&type=ping&payload=%7B%22index%22%3A0%7D
2021-01-15 13:45:48 HREF: Kosolov325 (usr:Grandpa Goodman[(92,136,2)]) : tgui=1&window_id=browseroutput&type=ping&payload=%7B%22index%22%3A1%7D
2021-01-15 13:45:51 HREF: Kosolov325 (usr:Grandpa Goodman[(92,136,2)]) : tgui=1&window_id=browseroutput&type=ping&payload=%7B%22index%22%3A2%7D
2021-01-15 13:45:53 HREF: Kosolov325 (usr:Grandpa Goodman[(92,136,2)]) : tgui=1&window_id=browseroutput&type=ping&payload=%7B%22index%22%3A3%7D
2021-01-15 13:45:56 HREF: Kosolov325 (usr:Grandpa Goodman[(92,136,2)]) : tgui=1&window_id=browseroutput&type=ping&payload=%7B%22index%22%3A4%7D
2021-01-15 13:45:58 HREF: Kosolov325 (usr:Grandpa Goodman[(92,136,2)]) : tgui=1&window_id=browseroutput&type=ping&payload=%7B%22index%22%3A5%7D
2021-01-15 13:46:01 HREF: Kosolov325 (usr:Grandpa Goodman[(92,136,2)]) : tgui=1&window_id=browseroutput&type=ping&payload=%7B%22index%22%3A6%7D
2021-01-15 13:46:03 HREF: Kosolov325 (usr:Grandpa Goodman[(92,136,2)]) : tgui=1&window_id=browseroutput&type=ping&payload=%7B%22index%22%3A7%7D
2021-01-15 13:46:06 HREF: Kosolov325 (usr:Grandpa Goodman[(92,136,2)]) : tgui=1&window_id=browseroutput&type=ping&payload=%7B%22index%22%3A0%7D
2021-01-15 13:46:08 HREF: Kosolov325 (usr:Grandpa Goodman[(92,136,2)]) : tgui=1&window_id=browseroutput&type=ping&payload=%7B%22index%22%3A1%7D
2021-01-15 13:46:11 HREF: Kosolov325 (usr:Grandpa Goodman[(92,136,2)]) : tgui=1&window_id=browseroutput&type=ping&payload=%7B%22index%22%3A2%7D
2021-01-15 13:46:13 HREF: Kosolov325 (usr:Grandpa Goodman[(92,136,2)]) : tgui=1&window_id=browseroutput&type=ping&payload=%7B%22index%22%3A3%7D
2021-01-15 13:46:16 HREF: Kosolov325 (usr:Grandpa Goodman[(92,136,2)]) : tgui=1&window_id=browseroutput&type=ping&payload=%7B%22index%22%3A4%7D
2021-01-15 13:46:18 HREF: Kosolov325 (usr:Grandpa Goodman[(92,136,2)]) : tgui=1&window_id=browseroutput&type=ping&payload=%7B%22index%22%3A5%7D
2021-01-15 13:46:21 HREF: Kosolov325 (usr:Grandpa Goodman[(92,136,2)]) : tgui=1&window_id=browseroutput&type=ping&payload=%7B%22index%22%3A6%7D
2021-01-15 13:46:23 HREF: Kosolov325 (usr:Grandpa Goodman[(92,136,2)]) : tgui=1&window_id=browseroutput&type=ping&payload=%7B%22index%22%3A7%7D
2021-01-15 13:46:26 HREF: Kosolov325 (usr:Grandpa Goodman[(92,136,2)]) : tgui=1&window_id=browseroutput&type=ping&payload=%7B%22index%22%3A0%7D
2021-01-15 13:46:28 HREF: Kosolov325 (usr:Grandpa Goodman[(92,136,2)]) : tgui=1&window_id=browseroutput&type=ping&payload=%7B%22index%22%3A1%7D
2021-01-15 13:46:31 HREF: Kosolov325 (usr:Grandpa Goodman[(92,136,2)]) : tgui=1&window_id=browseroutput&type=ping&payload=%7B%22index%22%3A2%7D
2021-01-15 13:46:33 HREF: Kosolov325 (usr:Grandpa Goodman[(92,136,2)]) : tgui=1&window_id=browseroutput&type=ping&payload=%7B%22index%22%3A3%7D
2021-01-15 13:46:36 HREF: Kosolov325 (usr:Grandpa Goodman[(92,136,2)]) : tgui=1&window_id=browseroutput&type=ping&payload=%7B%22index%22%3A4%7D
2021-01-15 13:46:38 HREF: Kosolov325 (usr:Grandpa Goodman[(92,136,2)]) : tgui=1&window_id=browseroutput&type=ping&payload=%7B%22index%22%3A5%7D
2021-01-15 13:46:41 HREF: Kosolov325 (usr:Grandpa Goodman[(92,136,2)]) : tgui=1&window_id=browseroutput&type=ping&payload=%7B%22index%22%3A6%7D
2021-01-15 13:46:43 HREF: Kosolov325 (usr:Grandpa Goodman[(92,136,2)]) : tgui=1&window_id=browseroutput&type=ping&payload=%7B%22index%22%3A7%7D
2021-01-15 13:46:46 HREF: Kosolov325 (usr:Grandpa Goodman[(92,136,2)]) : tgui=1&window_id=browseroutput&type=ping&payload=%7B%22index%22%3A0%7D
2021-01-15 13:46:48 HREF: Kosolov325 (usr:Grandpa Goodman[(92,136,2)]) : tgui=1&window_id=browseroutput&type=ping&payload=%7B%22index%22%3A1%7D
2021-01-15 13:46:51 HREF: Kosolov325 (usr:Grandpa Goodman[(92,136,2)]) : tgui=1&window_id=browseroutput&type=ping&payload=%7B%22index%22%3A2%7D
2021-01-15 13:46:53 HREF: Kosolov325 (usr:Grandpa Goodman[(92,136,2)]) : tgui=1&window_id=browseroutput&type=ping&payload=%7B%22index%22%3A3%7D
2021-01-15 13:46:56 HREF: Kosolov325 (usr:Grandpa Goodman[(92,136,2)]) : tgui=1&window_id=browseroutput&type=ping&payload=%7B%22index%22%3A4%7D
2021-01-15 13:46:58 HREF: Kosolov325 (usr:Grandpa Goodman[(92,136,2)]) : tgui=1&window_id=browseroutput&type=ping&payload=%7B%22index%22%3A5%7D
2021-01-15 13:47:01 HREF: Kosolov325 (usr:Grandpa Goodman[(92,136,2)]) : tgui=1&window_id=browseroutput&type=ping&payload=%7B%22index%22%3A6%7D
2021-01-15 13:47:03 HREF: Kosolov325 (usr:Grandpa Goodman[(92,136,2)]) : tgui=1&window_id=browseroutput&type=ping&payload=%7B%22index%22%3A7%7D
2021-01-15 13:47:06 HREF: Kosolov325 (usr:Grandpa Goodman[(92,136,2)]) : tgui=1&window_id=browseroutput&type=ping&payload=%7B%22index%22%3A0%7D
2021-01-15 13:47:08 HREF: Kosolov325 (usr:Grandpa Goodman[(92,136,2)]) : tgui=1&window_id=browseroutput&type=ping&payload=%7B%22index%22%3A1%7D
2021-01-15 13:47:11 HREF: Kosolov325 (usr:Grandpa Goodman[(92,136,2)]) : tgui=1&window_id=browseroutput&type=ping&payload=%7B%22index%22%3A2%7D
2021-01-15 13:47:13 HREF: Kosolov325 (usr:Grandpa Goodman[(92,136,2)]) : tgui=1&window_id=browseroutput&type=ping&payload=%7B%22index%22%3A3%7D
2021-01-15 13:47:16 HREF: Kosolov325 (usr:Grandpa Goodman[(92,136,2)]) : tgui=1&window_id=browseroutput&type=ping&payload=%7B%22index%22%3A4%7D
2021-01-15 13:47:18 HREF: Kosolov325 (usr:Grandpa Goodman[(92,136,2)]) : tgui=1&window_id=browseroutput&type=ping&payload=%7B%22index%22%3A5%7D
2021-01-15 13:47:21 HREF: Kosolov325 (usr:Grandpa Goodman[(92,136,2)]) : tgui=1&window_id=browseroutput&type=ping&payload=%7B%22index%22%3A6%7D
2021-01-15 13:47:23 HREF: Kosolov325 (usr:Grandpa Goodman[(92,136,2)]) : tgui=1&window_id=browseroutput&type=ping&payload=%7B%22index%22%3A7%7D
2021-01-15 13:47:26 HREF: Kosolov325 (usr:Grandpa Goodman[(92,136,2)]) : tgui=1&window_id=browseroutput&type=ping&payload=%7B%22index%22%3A0%7D
2021-01-15 13:47:28 HREF: Kosolov325 (usr:Grandpa Goodman[(92,136,2)]) : tgui=1&window_id=browseroutput&type=ping&payload=%7B%22index%22%3A1%7D
2021-01-15 13:47:31 HREF: Kosolov325 (usr:Grandpa Goodman[(92,136,2)]) : tgui=1&window_id=browseroutput&type=ping&payload=%7B%22index%22%3A2%7D
2021-01-15 13:47:33 HREF: Kosolov325 (usr:Grandpa Goodman[(92,136,2)]) : tgui=1&window_id=browseroutput&type=ping&payload=%7B%22index%22%3A3%7D
2021-01-15 13:47:36 HREF: Kosolov325 (usr:Grandpa Goodman[(92,136,2)]) : tgui=1&window_id=browseroutput&type=ping&payload=%7B%22index%22%3A4%7D
2021-01-15 13:47:38 HREF: Kosolov325 (usr:Grandpa Goodman[(92,136,2)]) : tgui=1&window_id=browseroutput&type=ping&payload=%7B%22index%22%3A5%7D
2021-01-15 13:47:41 HREF: Kosolov325 (usr:Grandpa Goodman[(92,136,2)]) : tgui=1&window_id=browseroutput&type=ping&payload=%7B%22index%22%3A6%7D
2021-01-15 13:47:43 HREF: Kosolov325 (usr:Grandpa Goodman[(92,136,2)]) : tgui=1&window_id=browseroutput&type=ping&payload=%7B%22index%22%3A7%7D
2021-01-15 13:47:46 HREF: Kosolov325 (usr:Grandpa Goodman[(92,136,2)]) : tgui=1&window_id=browseroutput&type=ping&payload=%7B%22index%22%3A0%7D
2021-01-15 13:47:48 HREF: Kosolov325 (usr:Grandpa Goodman[(92,136,2)]) : tgui=1&window_id=browseroutput&type=ping&payload=%7B%22index%22%3A1%7D
2021-01-15 13:47:51 HREF: Kosolov325 (usr:Grandpa Goodman[(92,136,2)]) : tgui=1&window_id=browseroutput&type=ping&payload=%7B%22index%22%3A2%7D
2021-01-15 13:47:53 HREF: Kosolov325 (usr:Grandpa Goodman[(92,136,2)]) : tgui=1&window_id=browseroutput&type=ping&payload=%7B%22index%22%3A3%7D
2021-01-15 13:47:56 HREF: Kosolov325 (usr:Grandpa Goodman[(92,136,2)]) : tgui=1&window_id=browseroutput&type=ping&payload=%7B%22index%22%3A4%7D
2021-01-15 13:47:58 HREF: Kosolov325 (usr:Grandpa Goodman[(92,136,2)]) : tgui=1&window_id=browseroutput&type=ping&payload=%7B%22index%22%3A5%7D
2021-01-15 13:48:01 HREF: Kosolov325 (usr:Grandpa Goodman[(92,136,2)]) : tgui=1&window_id=browseroutput&type=ping&payload=%7B%22index%22%3A6%7D
2021-01-15 13:48:03 HREF: Kosolov325 (usr:Grandpa Goodman[(92,136,2)]) : tgui=1&window_id=browseroutput&type=ping&payload=%7B%22index%22%3A7%7D
2021-01-15 13:48:06 HREF: Kosolov325 (usr:Grandpa Goodman[(92,136,2)]) : tgui=1&window_id=browseroutput&type=ping&payload=%7B%22index%22%3A0%7D
2021-01-15 13:48:08 HREF: Kosolov325 (usr:Grandpa Goodman[(92,136,2)]) : tgui=1&window_id=browseroutput&type=ping&payload=%7B%22index%22%3A1%7D
2021-01-15 13:48:11 HREF: Kosolov325 (usr:Grandpa Goodman[(92,136,2)]) : tgui=1&window_id=browseroutput&type=ping&payload=%7B%22index%22%3A2%7D
2021-01-15 13:48:13 HREF: Kosolov325 (usr:Grandpa Goodman[(92,136,2)]) : tgui=1&window_id=browseroutput&type=ping&payload=%7B%22index%22%3A3%7D
2021-01-15 13:48:16 HREF: Kosolov325 (usr:Grandpa Goodman[(92,136,2)]) : tgui=1&window_id=browseroutput&type=ping&payload=%7B%22index%22%3A4%7D
2021-01-15 13:48:18 HREF: Kosolov325 (usr:Grandpa Goodman[(92,136,2)]) : tgui=1&window_id=browseroutput&type=ping&payload=%7B%22index%22%3A5%7D
2021-01-15 13:48:21 HREF: Kosolov325 (usr:Grandpa Goodman[(92,136,2)]) : tgui=1&window_id=browseroutput&type=ping&payload=%7B%22index%22%3A6%7D
2021-01-15 13:48:23 HREF: Kosolov325 (usr:Grandpa Goodman[(92,136,2)]) : tgui=1&window_id=browseroutput&type=ping&payload=%7B%22index%22%3A7%7D
2021-01-15 13:48:26 HREF: Kosolov325 (usr:Grandpa Goodman[(92,136,2)]) : tgui=1&window_id=browseroutput&type=ping&payload=%7B%22index%22%3A0%7D
2021-01-15 13:48:28 HREF: Kosolov325 (usr:Grandpa Goodman[(92,136,2)]) : tgui=1&window_id=browseroutput&type=ping&payload=%7B%22index%22%3A1%7D
2021-01-15 13:48:31 HREF: Kosolov325 (usr:Grandpa Goodman[(92,136,2)]) : tgui=1&window_id=browseroutput&type=ping&payload=%7B%22index%22%3A2%7D
2021-01-15 13:48:33 HREF: Kosolov325 (usr:Grandpa Goodman[(92,136,2)]) : tgui=1&window_id=browseroutput&type=ping&payload=%7B%22index%22%3A3%7D
2021-01-15 13:48:36 HREF: Kosolov325 (usr:Grandpa Goodman[(92,136,2)]) : tgui=1&window_id=browseroutput&type=ping&payload=%7B%22index%22%3A4%7D
2021-01-15 13:48:38 HREF: Kosolov325 (usr:Grandpa Goodman[(92,136,2)]) : tgui=1&window_id=browseroutput&type=ping&payload=%7B%22index%22%3A5%7D
2021-01-15 13:48:41 HREF: Kosolov325 (usr:Grandpa Goodman[(92,136,2)]) : tgui=1&window_id=browseroutput&type=ping&payload=%7B%22index%22%3A6%7D
2021-01-15 13:48:43 HREF: Kosolov325 (usr:Grandpa Goodman[(92,136,2)]) : tgui=1&window_id=browseroutput&type=ping&payload=%7B%22index%22%3A7%7D
2021-01-15 13:48:46 HREF: Kosolov325 (usr:Grandpa Goodman[(92,136,2)]) : tgui=1&window_id=browseroutput&type=ping&payload=%7B%22index%22%3A0%7D
2021-01-15 13:48:48 HREF: Kosolov325 (usr:Grandpa Goodman[(92,136,2)]) : tgui=1&window_id=browseroutput&type=ping&payload=%7B%22index%22%3A1%7D
2021-01-15 13:48:51 HREF: Kosolov325 (usr:Grandpa Goodman[(92,136,2)]) : tgui=1&window_id=browseroutput&type=ping&payload=%7B%22index%22%3A2%7D
2021-01-15 13:48:53 HREF: Kosolov325 (usr:Grandpa Goodman[(92,136,2)]) : tgui=1&window_id=browseroutput&type=ping&payload=%7B%22index%22%3A3%7D
2021-01-15 13:48:56 HREF: Kosolov325 (usr:Grandpa Goodman[(92,136,2)]) : tgui=1&window_id=browseroutput&type=ping&payload=%7B%22index%22%3A4%7D
2021-01-15 13:48:58 HREF: Kosolov325 (usr:Grandpa Goodman[(92,136,2)]) : tgui=1&window_id=browseroutput&type=ping&payload=%7B%22index%22%3A5%7D
2021-01-15 13:49:01 HREF: Kosolov325 (usr:Grandpa Goodman[(92,136,2)]) : tgui=1&window_id=browseroutput&type=ping&payload=%7B%22index%22%3A6%7D
2021-01-15 13:49:04 HREF: Kosolov325 (usr:Grandpa Goodman[(92,136,2)]) : tgui=1&window_id=browseroutput&type=ping&payload=%7B%22index%22%3A7%7D
2021-01-15 13:49:06 HREF: Kosolov325 (usr:Grandpa Goodman[(92,136,2)]) : tgui=1&window_id=browseroutput&type=ping&payload=%7B%22index%22%3A0%7D
2021-01-15 13:49:09 HREF: Kosolov325 (usr:Grandpa Goodman[(92,136,2)]) : tgui=1&window_id=browseroutput&type=ping&payload=%7B%22index%22%3A1%7D
2021-01-15 13:49:11 HREF: Kosolov325 (usr:Grandpa Goodman[(92,136,2)]) : tgui=1&window_id=browseroutput&type=ping&payload=%7B%22index%22%3A2%7D
2021-01-15 13:49:14 HREF: Kosolov325 (usr:Grandpa Goodman[(92,136,2)]) : tgui=1&window_id=browseroutput&type=ping&payload=%7B%22index%22%3A3%7D
2021-01-15 13:49:16 HREF: Kosolov325 (usr:Grandpa Goodman[(92,136,2)]) : tgui=1&window_id=browseroutput&type=ping&payload=%7B%22index%22%3A4%7D
2021-01-15 13:49:19 HREF: Kosolov325 (usr:Grandpa Goodman[(92,136,2)]) : tgui=1&window_id=browseroutput&type=ping&payload=%7B%22index%22%3A5%7D
2021-01-15 13:49:21 HREF: Kosolov325 (usr:Grandpa Goodman[(92,136,2)]) : tgui=1&window_id=browseroutput&type=ping&payload=%7B%22index%22%3A6%7D
2021-01-15 13:49:24 HREF: Kosolov325 (usr:Grandpa Goodman[(92,136,2)]) : tgui=1&window_id=browseroutput&type=ping&payload=%7B%22index%22%3A7%7D
2021-01-15 13:49:26 HREF: Kosolov325 (usr:Grandpa Goodman[(92,136,2)]) : tgui=1&window_id=browseroutput&type=ping&payload=%7B%22index%22%3A0%7D
2021-01-15 13:49:29 HREF: Kosolov325 (usr:Grandpa Goodman[(92,136,2)]) : tgui=1&window_id=browseroutput&type=ping&payload=%7B%22index%22%3A1%7D
2021-01-15 13:49:31 HREF: Kosolov325 (usr:Grandpa Goodman[(92,136,2)]) : tgui=1&window_id=browseroutput&type=ping&payload=%7B%22index%22%3A2%7D
2021-01-15 13:49:34 HREF: Kosolov325 (usr:Grandpa Goodman[(92,136,2)]) : tgui=1&window_id=browseroutput&type=ping&payload=%7B%22index%22%3A3%7D
2021-01-15 13:51:04 HREF: Kosolov325 (usr:Grandpa Goodman[(92,136,2)]) : tgui=1&window_id=browseroutput&type=ready
2021-01-15 13:51:05 HREF: Kosolov325 (usr:Grandpa Goodman[(92,136,2)]) : tgui=1&window_id=browseroutput&type=ping&payload=%7B%22index%22%3A0%7D
2021-01-15 13:51:07 HREF: Kosolov325 (usr:Grandpa Goodman[(92,136,2)]) : tgui=1&window_id=browseroutput&type=telemetry&payload=%7B%22connections%22%3A%5B%7B%22ckey%22%3A%22kosolov325%22%2C%22address%22%3A%22127.0.0.1%22%2C%22computer_id%22%3A%22540227776%22%7D%2C%7B%22ckey%22%3A%22kosolov325%22%2C%22address%22%3A%22187.19.214.146%22%2C%22computer_id%22%3A%22540227776%22%7D%2C%7B%22ckey%22%3A%22kosolov325%22%2C%22address%22%3A%22187.19.214.74%22%2C%22computer_id%22%3A%22540227776%22%7D%2C%7B%22ckey%22%3A%22kosolov325%22%2C%22address%22%3A%22187.19.212.218%22%2C%22computer_id%22%3A%22540227776%22%7D%2C%7B%22ckey%22%3A%22kosolov325%22%2C%22address%22%3A%22187.19.214.218%22%2C%22computer_id%22%3A%22540227776%22%7D%5D%7D
2021-01-15 13:51:08 HREF: Kosolov325 (usr:Grandpa Goodman[(92,136,2)]) : tgui=1&window_id=browseroutput&type=ping&payload=%7B%22index%22%3A1%7D
2021-01-15 13:51:08 HREF: Kosolov325 (usr:Grandpa Goodman[(92,136,2)]) : 
2021-01-15 13:51:08 HREF: Kosolov325 (usr:Grandpa Goodman[(92,136,2)]) : 
2021-01-15 13:51:08 HREF: Kosolov325 (usr:Grandpa Goodman[(92,136,2)]) : asset_cache_preload_data=%7B%22tgui-common.chunk.js%22%3A%226d94f1d50e6aa913f14647eed362bc14%22%2C%22tgui-panel.bundle.js%22%3A%22e3d3b435528bc5133e87c8d1172315c4%22%2C%22tgui-panel.bundle.css%22%3A%22a9dd91be63779f8ffec162acb3a8ff49%22%7D
2021-01-15 13:51:10 HREF: Kosolov325 (usr:Grandpa Goodman[(92,136,2)]) : tgui=1&window_id=browseroutput&type=ping&payload=%7B%22index%22%3A2%7D
2021-01-15 13:51:13 HREF: Kosolov325 (usr:Grandpa Goodman[(92,136,2)]) : tgui=1&window_id=browseroutput&type=ping&payload=%7B%22index%22%3A3%7D
2021-01-15 13:51:15 HREF: Kosolov325 (usr:Grandpa Goodman[(92,136,2)]) : tgui=1&window_id=browseroutput&type=ping&payload=%7B%22index%22%3A4%7D
2021-01-15 13:51:18 HREF: Kosolov325 (usr:Grandpa Goodman[(92,136,2)]) : tgui=1&window_id=browseroutput&type=ping&payload=%7B%22index%22%3A5%7D
2021-01-15 13:51:20 HREF: Kosolov325 (usr:Grandpa Goodman[(92,136,2)]) : tgui=1&window_id=browseroutput&type=ping&payload=%7B%22index%22%3A6%7D
2021-01-15 13:51:23 HREF: Kosolov325 (usr:Grandpa Goodman[(92,136,2)]) : tgui=1&window_id=browseroutput&type=ping&payload=%7B%22index%22%3A7%7D
2021-01-15 13:51:25 HREF: Kosolov325 (usr:Grandpa Goodman[(92,136,2)]) : tgui=1&window_id=browseroutput&type=ping&payload=%7B%22index%22%3A0%7D
2021-01-15 13:51:28 HREF: Kosolov325 (usr:Grandpa Goodman[(92,136,2)]) : tgui=1&window_id=browseroutput&type=ping&payload=%7B%22index%22%3A1%7D
2021-01-15 13:51:30 HREF: Kosolov325 (usr:Grandpa Goodman[(92,136,2)]) : tgui=1&window_id=browseroutput&type=ping&payload=%7B%22index%22%3A2%7D
2021-01-15 13:51:33 HREF: Kosolov325 (usr:Grandpa Goodman[(96,136,2)]) : tgui=1&window_id=browseroutput&type=ping&payload=%7B%22index%22%3A3%7D
2021-01-15 13:51:35 HREF: Kosolov325 (usr:Grandpa Goodman[(96,136,2)]) : tgui=1&window_id=browseroutput&type=ping&payload=%7B%22index%22%3A4%7D
2021-01-15 13:51:38 HREF: Kosolov325 (usr:Grandpa Goodman[(99,136,2)]) : tgui=1&window_id=browseroutput&type=ping&payload=%7B%22index%22%3A5%7D
2021-01-15 13:51:41 HREF: Kosolov325 (usr:Grandpa Goodman[(91,136,2)]) : tgui=1&window_id=browseroutput&type=ping&payload=%7B%22index%22%3A6%7D
2021-01-15 13:51:43 HREF: Kosolov325 (usr:Grandpa Goodman[(92,136,2)]) : tgui=1&window_id=browseroutput&type=ping&payload=%7B%22index%22%3A7%7D
2021-01-15 13:51:46 HREF: Kosolov325 (usr:Grandpa Goodman[(95,136,2)]) : tgui=1&window_id=browseroutput&type=ping&payload=%7B%22index%22%3A0%7D
2021-01-15 13:51:48 HREF: Kosolov325 (usr:Grandpa Goodman[(97,136,2)]) : tgui=1&window_id=browseroutput&type=ping&payload=%7B%22index%22%3A1%7D
2021-01-15 13:51:51 HREF: Kosolov325 (usr:Grandpa Goodman[(97,142,2)]) : tgui=1&window_id=browseroutput&type=ping&payload=%7B%22index%22%3A2%7D
2021-01-15 13:51:53 HREF: Kosolov325 (usr:Grandpa Goodman[(97,142,2)]) : tgui=1&window_id=browseroutput&type=ping&payload=%7B%22index%22%3A3%7D
2021-01-15 13:51:56 HREF: Kosolov325 (usr:Grandpa Goodman[(97,142,2)]) : tgui=1&window_id=browseroutput&type=ping&payload=%7B%22index%22%3A4%7D
2021-01-15 13:51:56 HREF: Kosolov325 (usr:Grandpa Goodman[(97,142,2)]) : _src_=holder;admin_token=241705510350801054753716210810579019;adminplayeropts=[mob_205]
2021-01-15 13:51:58 HREF: Kosolov325 (usr:Grandpa Goodman[(97,142,2)]) : tgui=1&window_id=browseroutput&type=ping&payload=%7B%22index%22%3A5%7D
2021-01-15 13:52:01 HREF: Kosolov325 (usr:Grandpa Goodman[(97,142,2)]) : tgui=1&window_id=browseroutput&type=ping&payload=%7B%22index%22%3A6%7D
2021-01-15 13:52:03 HREF: Kosolov325 (usr:Grandpa Goodman[(97,142,2)]) : tgui=1&window_id=browseroutput&type=ping&payload=%7B%22index%22%3A7%7D
2021-01-15 13:52:06 HREF: Kosolov325 (usr:Grandpa Goodman[(97,142,2)]) : tgui=1&window_id=browseroutput&type=ping&payload=%7B%22index%22%3A0%7D
2021-01-15 13:52:08 HREF: Kosolov325 (usr:Grandpa Goodman[(97,142,2)]) : tgui=1&window_id=browseroutput&type=ping&payload=%7B%22index%22%3A1%7D
2021-01-15 13:52:11 HREF: Kosolov325 (usr:Grandpa Goodman[(97,142,2)]) : tgui=1&window_id=browseroutput&type=ping&payload=%7B%22index%22%3A2%7D
2021-01-15 13:52:13 HREF: Kosolov325 (usr:Grandpa Goodman[(97,142,2)]) : tgui=1&window_id=browseroutput&type=ping&payload=%7B%22index%22%3A3%7D
2021-01-15 13:52:16 HREF: Kosolov325 (usr:Grandpa Goodman[(97,142,2)]) : tgui=1&window_id=browseroutput&type=ping&payload=%7B%22index%22%3A4%7D
2021-01-15 13:52:17 HREF: Kosolov325 (usr:Grandpa Goodman[(97,142,2)]) : _src_=holder;admin_token=241705510350801054753716210810579019;sendbacktolobby=[mob_205]
2021-01-15 13:52:21 HREF: Kosolov325 (usr:the new player[(11,174,1)]) : tgui=1&window_id=browseroutput&type=ping&payload=%7B%22index%22%3A5%7D
2021-01-15 13:52:24 HREF: Kosolov325 (usr:the new player[(11,174,1)]) : tgui=1&window_id=browseroutput&type=ping&payload=%7B%22index%22%3A6%7D
2021-01-15 13:52:26 HREF: Kosolov325 (usr:the new player[(11,174,1)]) : tgui=1&window_id=browseroutput&type=ping&payload=%7B%22index%22%3A7%7D
2021-01-15 13:52:29 HREF: Kosolov325 (usr:the new player[(11,174,1)]) : tgui=1&window_id=browseroutput&type=ping&payload=%7B%22index%22%3A0%7D
2021-01-15 13:52:31 HREF: Kosolov325 (usr:the new player[(11,174,1)]) : tgui=1&window_id=browseroutput&type=ping&payload=%7B%22index%22%3A1%7D
2021-01-15 13:53:15 HREF: Kosolov325 (usr:Kosolov325[(11,174,1)]) : tgui=1&window_id=browseroutput&type=ready
2021-01-15 13:53:15 HREF: Kosolov325 (usr:Kosolov325[(11,174,1)]) : tgui=1&window_id=browseroutput&type=ping&payload=%7B%22index%22%3A0%7D
2021-01-15 13:53:16 HREF: Kosolov325 (usr:Kosolov325[(11,174,1)]) : tgui=1&window_id=browseroutput&type=telemetry&payload=%7B%22connections%22%3A%5B%7B%22ckey%22%3A%22kosolov325%22%2C%22address%22%3A%22127.0.0.1%22%2C%22computer_id%22%3A%22540227776%22%7D%2C%7B%22ckey%22%3A%22kosolov325%22%2C%22address%22%3A%22187.19.214.146%22%2C%22computer_id%22%3A%22540227776%22%7D%2C%7B%22ckey%22%3A%22kosolov325%22%2C%22address%22%3A%22187.19.214.74%22%2C%22computer_id%22%3A%22540227776%22%7D%2C%7B%22ckey%22%3A%22kosolov325%22%2C%22address%22%3A%22187.19.212.218%22%2C%22computer_id%22%3A%22540227776%22%7D%2C%7B%22ckey%22%3A%22kosolov325%22%2C%22address%22%3A%22187.19.214.218%22%2C%22computer_id%22%3A%22540227776%22%7D%5D%7D
2021-01-15 13:53:16 HREF: Kosolov325 (usr:Kosolov325[(11,174,1)]) : 
2021-01-15 13:53:16 HREF: Kosolov325 (usr:Kosolov325[(11,174,1)]) : 
2021-01-15 13:53:16 HREF: Kosolov325 (usr:Kosolov325[(11,174,1)]) : asset_cache_preload_data=%7B%22padlock.png%22%3A%22fd54303923e9086cd6b61a9c4c454f12%22%2C%22asset.0860cded2abd3cfbf9ba06ae1cfa18fb.css%22%3A%220860cded2abd3cfbf9ba06ae1cfa18fb%22%2C%22tgui-common.chunk.js%22%3A%226d94f1d50e6aa913f14647eed362bc14%22%2C%22tgui-panel.bundle.js%22%3A%22e3d3b435528bc5133e87c8d1172315c4%22%2C%22tgui-panel.bundle.css%22%3A%22a9dd91be63779f8ffec162acb3a8ff49%22%7D
2021-01-15 13:53:17 HREF: Kosolov325 (usr:Kosolov325[(11,174,1)]) : tgui=1&window_id=browseroutput&type=ping&payload=%7B%22index%22%3A1%7D
2021-01-15 13:53:20 HREF: Kosolov325 (usr:Kosolov325[(11,174,1)]) : tgui=1&window_id=browseroutput&type=ping&payload=%7B%22index%22%3A2%7D
2021-01-15 13:53:22 HREF: Kosolov325 (usr:Kosolov325[(11,174,1)]) : tgui=1&window_id=browseroutput&type=ping&payload=%7B%22index%22%3A3%7D
2021-01-15 13:53:25 HREF: Kosolov325 (usr:Kosolov325[(11,174,1)]) : tgui=1&window_id=browseroutput&type=ping&payload=%7B%22index%22%3A4%7D
2021-01-15 13:53:27 HREF: Kosolov325 (usr:Kosolov325[(11,174,1)]) : tgui=1&window_id=browseroutput&type=ping&payload=%7B%22index%22%3A5%7D
2021-01-15 13:53:30 HREF: Kosolov325 (usr:Kosolov325[(11,174,1)]) : tgui=1&window_id=browseroutput&type=ping&payload=%7B%22index%22%3A6%7D
2021-01-15 13:53:32 HREF: Kosolov325 (usr:Kosolov325[(11,174,1)]) : _src_=vars;admin_token=241705510350801054753716210810579019;datumedit=TRUE;target=[0x100a55a];targetvar=icon
2021-01-15 13:53:32 HREF: Kosolov325 (usr:Kosolov325[(11,174,1)]) : tgui=1&window_id=browseroutput&type=ping&payload=%7B%22index%22%3A7%7D
2021-01-15 13:53:35 HREF: Kosolov325 (usr:Kosolov325[(11,174,1)]) : tgui=1&window_id=browseroutput&type=ping&payload=%7B%22index%22%3A0%7D
2021-01-15 13:53:39 HREF: Kosolov325 (usr:Kosolov325[(11,174,1)]) : tgui=1&window_id=browseroutput&type=ping&payload=%7B%22index%22%3A1%7D
2021-01-15 13:53:41 HREF: Kosolov325 (usr:Kosolov325[(11,174,1)]) : tgui=1&window_id=browseroutput&type=ping&payload=%7B%22index%22%3A2%7D
2021-01-15 13:53:44 HREF: Kosolov325 (usr:Kosolov325[(11,174,1)]) : tgui=1&window_id=browseroutput&type=ping&payload=%7B%22index%22%3A3%7D
2021-01-15 13:53:46 HREF: Kosolov325 (usr:Kosolov325[(11,174,1)]) : tgui=1&window_id=browseroutput&type=ping&payload=%7B%22index%22%3A4%7D
2021-01-15 13:53:49 HREF: Kosolov325 (usr:Kosolov325[(11,174,1)]) : tgui=1&window_id=browseroutput&type=ping&payload=%7B%22index%22%3A5%7D
2021-01-15 13:53:51 HREF: Kosolov325 (usr:Kosolov325[(11,174,1)]) : tgui=1&window_id=browseroutput&type=ping&payload=%7B%22index%22%3A6%7D
2021-01-15 13:53:54 HREF: Kosolov325 (usr:Kosolov325[(11,174,1)]) : tgui=1&window_id=browseroutput&type=ping&payload=%7B%22index%22%3A7%7D
2021-01-15 13:53:56 HREF: Kosolov325 (usr:Kosolov325[(11,174,1)]) : tgui=1&window_id=browseroutput&type=ping&payload=%7B%22index%22%3A0%7D
2021-01-15 13:53:59 HREF: Kosolov325 (usr:Kosolov325[(11,174,1)]) : tgui=1&window_id=browseroutput&type=ping&payload=%7B%22index%22%3A1%7D
2021-01-15 13:54:01 HREF: Kosolov325 (usr:Kosolov325[(11,174,1)]) : tgui=1&window_id=browseroutput&type=ping&payload=%7B%22index%22%3A2%7D
2021-01-15 13:54:04 HREF: Kosolov325 (usr:Kosolov325[(11,174,1)]) : tgui=1&window_id=browseroutput&type=ping&payload=%7B%22index%22%3A3%7D
2021-01-15 13:54:06 HREF: Kosolov325 (usr:Kosolov325[(11,174,1)]) : tgui=1&window_id=browseroutput&type=ping&payload=%7B%22index%22%3A4%7D
2021-01-15 13:54:09 HREF: Kosolov325 (usr:Kosolov325[(11,174,1)]) : tgui=1&window_id=browseroutput&type=ping&payload=%7B%22index%22%3A5%7D
2021-01-15 13:54:11 HREF: Kosolov325 (usr:Kosolov325[(11,174,1)]) : tgui=1&window_id=browseroutput&type=ping&payload=%7B%22index%22%3A6%7D
2021-01-15 13:54:14 HREF: Kosolov325 (usr:Kosolov325[(11,174,1)]) : tgui=1&window_id=browseroutput&type=ping&payload=%7B%22index%22%3A7%7D
