2021-01-15 13:29:49 INIT: Initialized Atoms subsystem within 59.6 seconds!
2021-01-15 13:29:49 INIT: Initialized Language subsystem within 0 seconds!
2021-01-15 13:29:49 INIT: Initialized Machines subsystem within 0.5 seconds!
2021-01-15 13:29:50 INIT: Initialized Circuit subsystem within 0.2 seconds!
2021-01-15 13:29:50 INIT: Initialized Atmos Adjacency subsystem within 0.8 seconds!
2021-01-15 13:29:50 INIT: Initialized Autotransfer Vote subsystem within 0 seconds!
2021-01-15 13:29:50 INIT: Initialized Chemistry subsystem within 0 seconds!
2021-01-15 13:29:50 INIT: Initialized Status Effects subsystem within 0 seconds!
2021-01-15 13:29:50 INIT: Initialized Weather subsystem within 0 seconds!
2021-01-15 13:29:50 INIT: Initialized Disease subsystem within 0 seconds!
2021-01-15 13:29:50 INIT: Initialized Jukeboxes subsystem within 0 seconds!
2021-01-15 13:29:50 INIT: Initialized Medals subsystem within 0 seconds!
2021-01-15 13:29:51 INIT: Initialized Minimaps subsystem within 0.4 seconds!
2021-01-15 13:29:55 INIT: Initialized Minimum Spawns subsystem within 4.3 seconds!
2021-01-15 13:29:55 INIT: Initialized Night Shift subsystem within 0 seconds!
2021-01-15 13:29:55 INIT: Initialized Parallax subsystem within 0 seconds!
2021-01-15 13:29:55 INIT: Initialized Sun subsystem within 0 seconds!
2021-01-15 13:29:55 INIT: Initialized Traumas subsystem within 0.4 seconds!
2021-01-15 13:30:01 INIT: Initialized Atmospherics subsystem within 5.3 seconds!
2021-01-15 13:30:08 INIT: Initialized Assets subsystem within 7.4 seconds!
2021-01-15 13:30:13 INIT: Initialized Icon Smoothing subsystem within 4.8 seconds!
2021-01-15 13:30:14 INIT: Initialized Overlay subsystem within 1 second!
2021-01-15 13:30:14 INIT: Initialized XKeyScore subsystem within 0 seconds!
2021-01-15 13:30:14 INIT: Initialized Sticky Ban subsystem within 0 seconds!
2021-01-15 13:30:25 INIT: Initialized Lighting subsystem within 11.3 seconds!
2021-01-15 13:30:35 INIT: Initialized Shuttle subsystem within 9.9 seconds!
2021-01-15 13:30:35 INIT: Initialized Minor Mapping subsystem within 0.1 seconds!
2021-01-15 13:30:35 INIT: Initialized Pathfinder subsystem within 0 seconds!
2021-01-15 13:30:36 INIT: Initialized Persistence subsystem within 0.2 seconds!
2021-01-15 13:30:36 INIT: Initialized Chat subsystem within 0 seconds!
