2021-01-16 00:08:51 INIT: Initialized Profiler subsystem within 0 seconds!
2021-01-16 00:09:13 Fail2Topic: Failed to drop firewall rule. Exit code: 1.
2021-01-16 00:09:13 INIT: Initialized Fail2Topic subsystem within 22.4 seconds!
2021-01-16 00:09:13 INIT: Initialized Title Screen subsystem within 0.1 seconds!
2021-01-16 00:09:13 INIT: Initialized Database subsystem within 0 seconds!
2021-01-16 00:09:13 INIT: Initialized Stat Panels subsystem within 0 seconds!
2021-01-16 00:09:13 INIT: Initialized Blackbox subsystem within 0 seconds!
2021-01-16 00:09:13 INIT: Initialized Server Tasks subsystem within 0 seconds!
2021-01-16 00:09:13 INIT: Initialized Input subsystem within 0 seconds!
2021-01-16 00:09:13 INIT: Initialized Sounds subsystem within 0 seconds!
2021-01-16 00:09:13 INIT: Initialized Vis contents overlays subsystem within 0 seconds!
2021-01-16 00:09:13 INIT: Initialized Research subsystem within 0.1 seconds!
2021-01-16 00:09:13 INIT: Initialized Events subsystem within 0 seconds!
2021-01-16 00:09:13 INIT: Initialized Jobs subsystem within 0 seconds!
2021-01-16 00:09:13 INIT: Initialized Quirks subsystem within 0 seconds!
2021-01-16 00:09:13 INIT: Initialized Ticker subsystem within 0 seconds!
2021-01-16 00:09:13 INIT: Initialized Instruments subsystem within 0 seconds!
2021-01-16 00:10:04 INIT: Initialized Mapping subsystem within 51.2 seconds!
2021-01-16 00:10:05 INIT: Initialized Economy subsystem within 0 seconds!
2021-01-16 00:10:05 INIT: Initialized Networks subsystem within 0 seconds!
2021-01-16 00:10:05 INIT: Initialized Holodeck subsystem within 0 seconds!
2021-01-16 00:10:52 INIT: Initialized Atoms subsystem within 47.6 seconds!
2021-01-16 00:10:52 INIT: Initialized Language subsystem within 0 seconds!
2021-01-16 00:10:52 INIT: Initialized Machines subsystem within 0.2 seconds!
2021-01-16 00:10:52 INIT: Initialized Circuit subsystem within 0.2 seconds!
2021-01-16 00:10:53 INIT: Initialized Atmos Adjacency subsystem within 0.8 seconds!
2021-01-16 00:10:53 INIT: Initialized Autotransfer Vote subsystem within 0 seconds!
2021-01-16 00:10:53 INIT: Initialized Chemistry subsystem within 0 seconds!
2021-01-16 00:10:53 INIT: Initialized Status Effects subsystem within 0 seconds!
2021-01-16 00:10:53 INIT: Initialized Weather subsystem within 0 seconds!
2021-01-16 00:10:53 INIT: Initialized Disease subsystem within 0 seconds!
2021-01-16 00:10:53 INIT: Initialized Jukeboxes subsystem within 0 seconds!
2021-01-16 00:10:53 INIT: Initialized Medals subsystem within 0 seconds!
2021-01-16 00:10:54 INIT: Initialized Minimaps subsystem within 0.5 seconds!
2021-01-16 00:11:02 INIT: Initialized Minimum Spawns subsystem within 8.2 seconds!
2021-01-16 00:11:02 INIT: Initialized Night Shift subsystem within 0 seconds!
2021-01-16 00:11:02 INIT: Initialized Parallax subsystem within 0 seconds!
2021-01-16 00:11:02 INIT: Initialized Sun subsystem within 0 seconds!
2021-01-16 00:11:03 INIT: Initialized Traumas subsystem within 0.6 seconds!
2021-01-16 00:11:10 INIT: Initialized Atmospherics subsystem within 7 seconds!
2021-01-16 00:11:19 INIT: Initialized Assets subsystem within 9.4 seconds!
2021-01-16 00:11:25 INIT: Initialized Icon Smoothing subsystem within 6.3 seconds!
2021-01-16 00:11:27 INIT: Initialized Overlay subsystem within 1.7 seconds!
2021-01-16 00:11:27 INIT: Initialized XKeyScore subsystem within 0 seconds!
2021-01-16 00:11:27 INIT: Initialized Sticky Ban subsystem within 0 seconds!
